info: ::1 - - [18/Apr/2023:04:51:59 +0000] "GET /api/v1/ HTTP/1.1" 200 9 "-" "PostmanRuntime/7.32.2"

info: ::1 - - [18/Apr/2023:04:52:05 +0000] "GET /api/v1/users HTTP/1.1" 200 65 "-" "PostmanRuntime/7.32.2"

info: ::1 - - [18/Apr/2023:04:53:18 +0000] "POST /api/v1/users/ HTTP/1.1" 500 71 "-" "PostmanRuntime/7.32.2"

info: ::1 - - [18/Apr/2023:04:53:44 +0000] "POST /api/v1/users/ HTTP/1.1" 500 54 "-" "PostmanRuntime/7.32.2"

info: ::1 - - [18/Apr/2023:04:54:38 +0000] "POST /api/v1/users/ HTTP/1.1" 500 58 "-" "PostmanRuntime/7.32.2"

info: ::1 - - [18/Apr/2023:04:55:35 +0000] "POST /api/v1/users/ HTTP/1.1" 201 418 "-" "PostmanRuntime/7.32.2"

info: ::1 - - [18/Apr/2023:04:55:52 +0000] "POST /api/v1/users/login HTTP/1.1" 200 246 "-" "PostmanRuntime/7.32.2"

info: ::1 - - [18/Apr/2023:05:05:36 +0000] "POST /api/v1/users/login HTTP/1.1" 500 58 "-" "PostmanRuntime/7.32.2"

info: ::1 - - [18/Apr/2023:05:05:41 +0000] "POST /api/v1/users/login HTTP/1.1" 200 246 "-" "PostmanRuntime/7.32.2"

info: ::1 - - [19/Apr/2023:06:30:41 +0000] "GET /api/v1/users/ HTTP/1.1" 200 65 "-" "PostmanRuntime/7.32.2"

info: ::1 - - [19/Apr/2023:06:31:07 +0000] "POST /api/v1/users/ HTTP/1.1" 500 59 "-" "PostmanRuntime/7.32.2"

info: ::1 - - [19/Apr/2023:06:31:17 +0000] "POST /api/v1/users/ HTTP/1.1" 500 59 "-" "PostmanRuntime/7.32.2"

info: ::1 - - [19/Apr/2023:06:31:24 +0000] "POST /api/v1/users/ HTTP/1.1" 500 56 "-" "PostmanRuntime/7.32.2"

info: ::1 - - [19/Apr/2023:06:32:08 +0000] "POST /api/v1/users/ HTTP/1.1" 201 410 "-" "PostmanRuntime/7.32.2"

info: ::1 - - [19/Apr/2023:06:41:12 +0000] "GET /ws HTTP/1.1" 404 47 "-" "Mozilla/5.0 (Windows NT 10.0; Win64; x64) AppleWebKit/537.36 (KHTML, like Gecko) Chrome/112.0.0.0 Safari/537.36"

info: ::1 - - [19/Apr/2023:06:41:14 +0000] "GET /ws HTTP/1.1" 404 47 "-" "Mozilla/5.0 (Windows NT 10.0; Win64; x64) AppleWebKit/537.36 (KHTML, like Gecko) Chrome/112.0.0.0 Safari/537.36"

info: ::1 - - [19/Apr/2023:06:41:18 +0000] "GET /ws HTTP/1.1" 404 47 "-" "Mozilla/5.0 (Windows NT 10.0; Win64; x64) AppleWebKit/537.36 (KHTML, like Gecko) Chrome/112.0.0.0 Safari/537.36"

info: ::1 - - [19/Apr/2023:06:41:26 +0000] "GET /ws HTTP/1.1" 404 47 "-" "Mozilla/5.0 (Windows NT 10.0; Win64; x64) AppleWebKit/537.36 (KHTML, like Gecko) Chrome/112.0.0.0 Safari/537.36"

info: ::1 - - [19/Apr/2023:06:41:43 +0000] "GET /ws HTTP/1.1" 404 47 "-" "Mozilla/5.0 (Windows NT 10.0; Win64; x64) AppleWebKit/537.36 (KHTML, like Gecko) Chrome/112.0.0.0 Safari/537.36"

info: ::1 - - [19/Apr/2023:06:42:16 +0000] "GET /ws HTTP/1.1" 404 47 "-" "Mozilla/5.0 (Windows NT 10.0; Win64; x64) AppleWebKit/537.36 (KHTML, like Gecko) Chrome/112.0.0.0 Safari/537.36"

info: ::1 - - [19/Apr/2023:06:43:21 +0000] "GET /ws HTTP/1.1" 404 47 "-" "Mozilla/5.0 (Windows NT 10.0; Win64; x64) AppleWebKit/537.36 (KHTML, like Gecko) Chrome/112.0.0.0 Safari/537.36"

info: ::1 - - [19/Apr/2023:06:45:30 +0000] "GET /ws HTTP/1.1" 404 47 "-" "Mozilla/5.0 (Windows NT 10.0; Win64; x64) AppleWebKit/537.36 (KHTML, like Gecko) Chrome/112.0.0.0 Safari/537.36"

info: ::1 - - [19/Apr/2023:06:49:47 +0000] "GET /ws HTTP/1.1" 404 47 "-" "Mozilla/5.0 (Windows NT 10.0; Win64; x64) AppleWebKit/537.36 (KHTML, like Gecko) Chrome/112.0.0.0 Safari/537.36"

info: ::1 - - [19/Apr/2023:06:58:20 +0000] "GET /ws HTTP/1.1" 404 47 "-" "Mozilla/5.0 (Windows NT 10.0; Win64; x64) AppleWebKit/537.36 (KHTML, like Gecko) Chrome/112.0.0.0 Safari/537.36"

info: ::1 - - [19/Apr/2023:09:31:56 +0000] "POST /api/v1/users HTTP/1.1" 500 55 "-" "PostmanRuntime/7.32.2"

info: ::1 - - [19/Apr/2023:09:32:02 +0000] "POST /api/v1/users HTTP/1.1" 201 411 "-" "PostmanRuntime/7.32.2"

info: ::1 - - [19/Apr/2023:09:42:29 +0000] "POST /api/v1/users/ HTTP/1.1" 500 59 "http://localhost:3000/" "Mozilla/5.0 (Linux; Android 6.0; Nexus 5 Build/MRA58N) AppleWebKit/537.36 (KHTML, like Gecko) Chrome/112.0.0.0 Mobile Safari/537.36"

info: ::1 - - [19/Apr/2023:09:42:51 +0000] "POST /api/v1/users/ HTTP/1.1" 500 59 "http://localhost:3000/" "Mozilla/5.0 (Linux; Android 6.0; Nexus 5 Build/MRA58N) AppleWebKit/537.36 (KHTML, like Gecko) Chrome/112.0.0.0 Mobile Safari/537.36"

info: ::1 - - [19/Apr/2023:09:44:15 +0000] "POST /api/v1/users/ HTTP/1.1" 500 59 "http://localhost:3000/" "Mozilla/5.0 (Linux; Android 6.0; Nexus 5 Build/MRA58N) AppleWebKit/537.36 (KHTML, like Gecko) Chrome/112.0.0.0 Mobile Safari/537.36"

info: ::1 - - [19/Apr/2023:09:44:35 +0000] "POST /api/v1/users/ HTTP/1.1" 500 59 "http://localhost:3000/" "Mozilla/5.0 (Linux; Android 6.0; Nexus 5 Build/MRA58N) AppleWebKit/537.36 (KHTML, like Gecko) Chrome/112.0.0.0 Mobile Safari/537.36"

info: ::1 - - [19/Apr/2023:09:46:12 +0000] "POST /api/v1/users/ HTTP/1.1" 500 59 "http://localhost:3000/" "Mozilla/5.0 (Linux; Android 6.0; Nexus 5 Build/MRA58N) AppleWebKit/537.36 (KHTML, like Gecko) Chrome/112.0.0.0 Mobile Safari/537.36"

info: ::1 - - [19/Apr/2023:09:46:17 +0000] "POST /api/v1/users/ HTTP/1.1" 500 59 "http://localhost:3000/" "Mozilla/5.0 (Linux; Android 6.0; Nexus 5 Build/MRA58N) AppleWebKit/537.36 (KHTML, like Gecko) Chrome/112.0.0.0 Mobile Safari/537.36"

info: ::1 - - [19/Apr/2023:09:48:22 +0000] "POST /api/v1/users/ HTTP/1.1" 500 59 "http://localhost:3000/" "Mozilla/5.0 (Linux; Android 6.0; Nexus 5 Build/MRA58N) AppleWebKit/537.36 (KHTML, like Gecko) Chrome/112.0.0.0 Mobile Safari/537.36"

info: ::1 - - [19/Apr/2023:09:49:41 +0000] "POST /api/v1/users/ HTTP/1.1" 500 74 "http://localhost:3000/" "Mozilla/5.0 (Windows NT 10.0; Win64; x64) AppleWebKit/537.36 (KHTML, like Gecko) Chrome/112.0.0.0 Safari/537.36"

info: ::1 - - [19/Apr/2023:09:50:43 +0000] "POST /api/v1/users/ HTTP/1.1" 201 407 "http://localhost:3000/" "Mozilla/5.0 (Windows NT 10.0; Win64; x64) AppleWebKit/537.36 (KHTML, like Gecko) Chrome/112.0.0.0 Safari/537.36"

info: ::1 - - [19/Apr/2023:09:52:17 +0000] "POST /api/v1/users/ HTTP/1.1" 500 74 "http://localhost:3000/" "Mozilla/5.0 (Windows NT 10.0; Win64; x64) AppleWebKit/537.36 (KHTML, like Gecko) Chrome/112.0.0.0 Safari/537.36"

info: ::1 - - [19/Apr/2023:09:54:29 +0000] "POST /api/v1/users/ HTTP/1.1" 500 74 "http://localhost:3000/" "Mozilla/5.0 (Windows NT 10.0; Win64; x64) AppleWebKit/537.36 (KHTML, like Gecko) Chrome/112.0.0.0 Safari/537.36"

info: ::1 - - [19/Apr/2023:10:09:44 +0000] "POST /api/v1/users/ HTTP/1.1" 500 55 "http://localhost:3000/" "Mozilla/5.0 (Windows NT 10.0; Win64; x64) AppleWebKit/537.36 (KHTML, like Gecko) Chrome/112.0.0.0 Safari/537.36"

info: ::1 - - [19/Apr/2023:10:10:00 +0000] "POST /api/v1/users/ HTTP/1.1" 201 417 "http://localhost:3000/" "Mozilla/5.0 (Windows NT 10.0; Win64; x64) AppleWebKit/537.36 (KHTML, like Gecko) Chrome/112.0.0.0 Safari/537.36"

info: ::1 - - [19/Apr/2023:10:16:21 +0000] "POST /api/v1/users/ HTTP/1.1" 201 418 "http://localhost:3000/" "Mozilla/5.0 (Windows NT 10.0; Win64; x64) AppleWebKit/537.36 (KHTML, like Gecko) Chrome/112.0.0.0 Safari/537.36"

info: ::1 - - [19/Apr/2023:10:16:36 +0000] "POST /api/v1/users/ HTTP/1.1" 500 55 "http://localhost:3000/" "Mozilla/5.0 (Windows NT 10.0; Win64; x64) AppleWebKit/537.36 (KHTML, like Gecko) Chrome/112.0.0.0 Safari/537.36"

info: ::1 - - [19/Apr/2023:10:16:55 +0000] "POST /api/v1/users/ HTTP/1.1" 201 419 "http://localhost:3000/" "Mozilla/5.0 (Windows NT 10.0; Win64; x64) AppleWebKit/537.36 (KHTML, like Gecko) Chrome/112.0.0.0 Safari/537.36"

info: ::1 - - [20/Apr/2023:05:31:20 +0000] "POST /api/v1/users HTTP/1.1" 500 55 "-" "PostmanRuntime/7.32.2"

info: ::1 - - [20/Apr/2023:05:31:30 +0000] "GET /api/v1/users HTTP/1.1" 200 2934 "-" "PostmanRuntime/7.32.2"

info: ::1 - - [20/Apr/2023:05:32:17 +0000] "GET /api/v1/users HTTP/1.1" 200 2934 "-" "PostmanRuntime/7.32.2"

info: ::1 - - [20/Apr/2023:05:32:22 +0000] "POST /api/v1/users HTTP/1.1" 201 405 "-" "PostmanRuntime/7.32.2"

info: ::1 - - [20/Apr/2023:05:32:40 +0000] "POST /api/v1/users HTTP/1.1" 201 406 "-" "PostmanRuntime/7.32.2"

info: ::1 - - [20/Apr/2023:05:42:15 +0000] "GET /api/v1/users?search=S HTTP/1.1" 500 53 "-" "PostmanRuntime/7.32.2"

info: ::1 - - [20/Apr/2023:05:42:54 +0000] "GET /api/v1/users?search=S HTTP/1.1" 500 53 "-" "PostmanRuntime/7.32.2"

info: ::1 - - [20/Apr/2023:05:42:56 +0000] "GET /api/v1/users?search=S HTTP/1.1" 500 53 "-" "PostmanRuntime/7.32.2"

info: ::1 - - [20/Apr/2023:05:43:01 +0000] "GET /api/v1/users?search=s HTTP/1.1" 500 53 "-" "PostmanRuntime/7.32.2"

info: ::1 - - [20/Apr/2023:05:43:56 +0000] "GET /api/v1/users?search=s HTTP/1.1" 500 89 "-" "PostmanRuntime/7.32.2"

info: ::1 - - [20/Apr/2023:05:47:31 +0000] "GET /api/v1/users?search=s HTTP/1.1" 500 89 "-" "PostmanRuntime/7.32.2"

info: ::1 - - [20/Apr/2023:05:48:04 +0000] "GET /api/v1/users?search=s HTTP/1.1" 500 89 "-" "PostmanRuntime/7.32.2"

info: ::1 - - [20/Apr/2023:05:48:10 +0000] "GET /api/v1/users?search=S HTTP/1.1" 500 89 "-" "PostmanRuntime/7.32.2"

info: ::1 - - [20/Apr/2023:05:49:29 +0000] "GET /api/v1/users?search=S HTTP/1.1" 500 54 "-" "PostmanRuntime/7.32.2"

info: ::1 - - [20/Apr/2023:05:49:52 +0000] "GET /api/v1/users?search=S HTTP/1.1" 500 54 "-" "PostmanRuntime/7.32.2"

info: ::1 - - [20/Apr/2023:05:54:05 +0000] "GET /api/v1/users?search=S HTTP/1.1" 500 86 "-" "PostmanRuntime/7.32.2"

info: ::1 - - [20/Apr/2023:05:57:24 +0000] "GET /api/v1/users?search=S HTTP/1.1" - - "-" "PostmanRuntime/7.32.2"

info: ::1 - - [20/Apr/2023:06:00:12 +0000] "GET /api/v1/users?search=s HTTP/1.1" 400 56 "-" "PostmanRuntime/7.32.2"

info: ::1 - - [20/Apr/2023:06:00:38 +0000] "POST /api/v1/login HTTP/1.1" 404 47 "-" "PostmanRuntime/7.32.2"

info: ::1 - - [20/Apr/2023:06:00:42 +0000] "POST /api/v1/login HTTP/1.1" 404 47 "-" "PostmanRuntime/7.32.2"

info: ::1 - - [20/Apr/2023:06:01:07 +0000] "POST /api/v1/login HTTP/1.1" 404 47 "-" "PostmanRuntime/7.32.2"

info: ::1 - - [20/Apr/2023:06:01:30 +0000] "POST /api/v1/users/login HTTP/1.1" 200 242 "-" "PostmanRuntime/7.32.2"

info: ::1 - - [20/Apr/2023:06:01:58 +0000] "GET /api/v1/users?search=s HTTP/1.1" 500 88 "-" "PostmanRuntime/7.32.2"

info: ::1 - - [20/Apr/2023:06:02:29 +0000] "GET /api/v1/users?search=s HTTP/1.1" 500 88 "-" "PostmanRuntime/7.32.2"

info: ::1 - - [20/Apr/2023:06:02:40 +0000] "GET /api/v1/users?search=s HTTP/1.1" 500 88 "-" "PostmanRuntime/7.32.2"

info: ::1 - - [20/Apr/2023:06:03:12 +0000] "GET /api/v1/users?search=s HTTP/1.1" 500 88 "-" "PostmanRuntime/7.32.2"

info: ::1 - - [20/Apr/2023:06:03:14 +0000] "GET /api/v1/users?search=s HTTP/1.1" 500 88 "-" "PostmanRuntime/7.32.2"

info: ::1 - - [20/Apr/2023:06:18:06 +0000] "GET /api/v1/users?search=s HTTP/1.1" 500 88 "-" "PostmanRuntime/7.32.2"

info: ::1 - - [20/Apr/2023:06:19:19 +0000] "GET /api/v1/users?search=s HTTP/1.1" 500 88 "-" "PostmanRuntime/7.32.2"

info: ::1 - - [20/Apr/2023:06:19:43 +0000] "GET /api/v1/users?search=s HTTP/1.1" 500 88 "-" "PostmanRuntime/7.32.2"

info: ::1 - - [20/Apr/2023:06:20:00 +0000] "GET /api/v1/users?search=s HTTP/1.1" 500 88 "-" "PostmanRuntime/7.32.2"

info: ::1 - - [20/Apr/2023:06:20:02 +0000] "GET /api/v1/users?search=s HTTP/1.1" 500 88 "-" "PostmanRuntime/7.32.2"

info: ::1 - - [20/Apr/2023:06:20:43 +0000] "GET /api/v1/users?search=s HTTP/1.1" 500 85 "-" "PostmanRuntime/7.32.2"

info: ::1 - - [20/Apr/2023:06:20:57 +0000] "GET /api/v1/users?search=s HTTP/1.1" 500 86 "-" "PostmanRuntime/7.32.2"

info: ::1 - - [20/Apr/2023:06:21:30 +0000] "GET /api/v1/users?search=s HTTP/1.1" 200 2511 "-" "PostmanRuntime/7.32.2"

error: uncaughtException: Cannot read properties of undefined (reading '_id')
TypeError: Cannot read properties of undefined (reading '_id')
    at _callee$ (D:\Chat-bot\Chat-App\ChatApp_Backend\src\controllers\/user.controller.js:21:70)
    at tryCatch (D:\Chat-bot\Chat-App\ChatApp_Backend\node_modules\@babel\runtime\helpers\regeneratorRuntime.js:44:17)
    at Generator.<anonymous> (D:\Chat-bot\Chat-App\ChatApp_Backend\node_modules\@babel\runtime\helpers\regeneratorRuntime.js:125:22)
    at Generator.next (D:\Chat-bot\Chat-App\ChatApp_Backend\node_modules\@babel\runtime\helpers\regeneratorRuntime.js:69:21)
    at asyncGeneratorStep (D:\Chat-bot\Chat-App\ChatApp_Backend\node_modules\@babel\runtime\helpers\asyncToGenerator.js:3:24)
    at _next (D:\Chat-bot\Chat-App\ChatApp_Backend\node_modules\@babel\runtime\helpers\asyncToGenerator.js:22:9)
    at D:\Chat-bot\Chat-App\ChatApp_Backend\node_modules\@babel\runtime\helpers\asyncToGenerator.js:27:7
    at new Promise (<anonymous>)
    at apply (D:\Chat-bot\Chat-App\ChatApp_Backend\node_modules\@babel\runtime\helpers\asyncToGenerator.js:19:12)
    at getAllUsers (D:\Chat-bot\Chat-App\ChatApp_Backend\src\controllers\/user.controller.js:11:25)
    at Layer.handle [as handle_request] (D:\Chat-bot\Chat-App\ChatApp_Backend\node_modules\express\lib\router\layer.js:95:5)
    at next (D:\Chat-bot\Chat-App\ChatApp_Backend\node_modules\express\lib\router\route.js:144:13)
    at Route.dispatch (D:\Chat-bot\Chat-App\ChatApp_Backend\node_modules\express\lib\router\route.js:114:3)
    at Layer.handle [as handle_request] (D:\Chat-bot\Chat-App\ChatApp_Backend\node_modules\express\lib\router\layer.js:95:5)
    at D:\Chat-bot\Chat-App\ChatApp_Backend\node_modules\express\lib\router\index.js:284:15
    at Function.process_params (D:\Chat-bot\Chat-App\ChatApp_Backend\node_modules\express\lib\router\index.js:346:12)
    at next (D:\Chat-bot\Chat-App\ChatApp_Backend\node_modules\express\lib\router\index.js:280:10)
    at Function.handle (D:\Chat-bot\Chat-App\ChatApp_Backend\node_modules\express\lib\router\index.js:175:3)
    at router (D:\Chat-bot\Chat-App\ChatApp_Backend\node_modules\express\lib\router\index.js:47:12)
    at Layer.handle [as handle_request] (D:\Chat-bot\Chat-App\ChatApp_Backend\node_modules\express\lib\router\layer.js:95:5)
    at trim_prefix (D:\Chat-bot\Chat-App\ChatApp_Backend\node_modules\express\lib\router\index.js:328:13)
    at D:\Chat-bot\Chat-App\ChatApp_Backend\node_modules\express\lib\router\index.js:286:9
    at Function.process_params (D:\Chat-bot\Chat-App\ChatApp_Backend\node_modules\express\lib\router\index.js:346:12)
    at next (D:\Chat-bot\Chat-App\ChatApp_Backend\node_modules\express\lib\router\index.js:280:10)
    at Function.handle (D:\Chat-bot\Chat-App\ChatApp_Backend\node_modules\express\lib\router\index.js:175:3)
    at router (D:\Chat-bot\Chat-App\ChatApp_Backend\node_modules\express\lib\router\index.js:47:12)
    at Layer.handle [as handle_request] (D:\Chat-bot\Chat-App\ChatApp_Backend\node_modules\express\lib\router\layer.js:95:5)
    at trim_prefix (D:\Chat-bot\Chat-App\ChatApp_Backend\node_modules\express\lib\router\index.js:328:13)
    at D:\Chat-bot\Chat-App\ChatApp_Backend\node_modules\express\lib\router\index.js:286:9
    at Function.process_params (D:\Chat-bot\Chat-App\ChatApp_Backend\node_modules\express\lib\router\index.js:346:12)
    at next (D:\Chat-bot\Chat-App\ChatApp_Backend\node_modules\express\lib\router\index.js:280:10)
    at logger (D:\Chat-bot\Chat-App\ChatApp_Backend\node_modules\morgan\index.js:144:5)
    at Layer.handle [as handle_request] (D:\Chat-bot\Chat-App\ChatApp_Backend\node_modules\express\lib\router\layer.js:95:5)
    at trim_prefix (D:\Chat-bot\Chat-App\ChatApp_Backend\node_modules\express\lib\router\index.js:328:13)
    at D:\Chat-bot\Chat-App\ChatApp_Backend\node_modules\express\lib\router\index.js:286:9
    at Function.process_params (D:\Chat-bot\Chat-App\ChatApp_Backend\node_modules\express\lib\router\index.js:346:12)
    at next (D:\Chat-bot\Chat-App\ChatApp_Backend\node_modules\express\lib\router\index.js:280:10)
    at jsonParser (D:\Chat-bot\Chat-App\ChatApp_Backend\node_modules\body-parser\lib\types\json.js:110:7)
    at Layer.handle [as handle_request] (D:\Chat-bot\Chat-App\ChatApp_Backend\node_modules\express\lib\router\layer.js:95:5)
    at trim_prefix (D:\Chat-bot\Chat-App\ChatApp_Backend\node_modules\express\lib\router\index.js:328:13)
    at D:\Chat-bot\Chat-App\ChatApp_Backend\node_modules\express\lib\router\index.js:286:9
    at Function.process_params (D:\Chat-bot\Chat-App\ChatApp_Backend\node_modules\express\lib\router\index.js:346:12)
    at next (D:\Chat-bot\Chat-App\ChatApp_Backend\node_modules\express\lib\router\index.js:280:10)
    at urlencodedParser (D:\Chat-bot\Chat-App\ChatApp_Backend\node_modules\body-parser\lib\types\urlencoded.js:91:7)
    at Layer.handle [as handle_request] (D:\Chat-bot\Chat-App\ChatApp_Backend\node_modules\express\lib\router\layer.js:95:5)
    at trim_prefix (D:\Chat-bot\Chat-App\ChatApp_Backend\node_modules\express\lib\router\index.js:328:13)
    at D:\Chat-bot\Chat-App\ChatApp_Backend\node_modules\express\lib\router\index.js:286:9
    at Function.process_params (D:\Chat-bot\Chat-App\ChatApp_Backend\node_modules\express\lib\router\index.js:346:12)
    at next (D:\Chat-bot\Chat-App\ChatApp_Backend\node_modules\express\lib\router\index.js:280:10)
    at internalNext (D:\Chat-bot\Chat-App\ChatApp_Backend\node_modules\helmet\dist\index.js:142:6)
    at xXssProtectionMiddleware (D:\Chat-bot\Chat-App\ChatApp_Backend\node_modules\helmet\dist\middlewares\x-xss-protection\index.js:6:3)
    at internalNext (D:\Chat-bot\Chat-App\ChatApp_Backend\node_modules\helmet\dist\index.js:145:6)
    at referrerPolicyMiddleware (D:\Chat-bot\Chat-App\ChatApp_Backend\node_modules\helmet\dist\middlewares\referrer-policy\index.js:24:3)
    at internalNext (D:\Chat-bot\Chat-App\ChatApp_Backend\node_modules\helmet\dist\index.js:145:6)
    at xPermittedCrossDomainPoliciesMiddleware (D:\Chat-bot\Chat-App\ChatApp_Backend\node_modules\helmet\dist\middlewares\x-permitted-cross-domain-policies\index.js:15:3)
    at internalNext (D:\Chat-bot\Chat-App\ChatApp_Backend\node_modules\helmet\dist\index.js:145:6) {"date":"Thu Apr 20 2023 11:52:17 GMT+0530 (India Standard Time)","error":{},"exception":true,"os":{"loadavg":[0,0,0],"uptime":180116.25},"process":{"argv":["node","D:\\Chat-bot\\Chat-App\\ChatApp_Backend\\src\\index.js"],"cwd":"D:\\Chat-bot\\Chat-App\\ChatApp_Backend","execPath":"C:\\Program Files\\nodejs\\node.exe","gid":null,"memoryUsage":{"arrayBuffers":19521649,"external":21056464,"heapTotal":103079936,"heapUsed":58397120,"rss":143192064},"pid":9248,"uid":null,"version":"v18.15.0"},"stack":"TypeError: Cannot read properties of undefined (reading '_id')\n    at _callee$ (D:\\Chat-bot\\Chat-App\\ChatApp_Backend\\src\\controllers\\/user.controller.js:21:70)\n    at tryCatch (D:\\Chat-bot\\Chat-App\\ChatApp_Backend\\node_modules\\@babel\\runtime\\helpers\\regeneratorRuntime.js:44:17)\n    at Generator.<anonymous> (D:\\Chat-bot\\Chat-App\\ChatApp_Backend\\node_modules\\@babel\\runtime\\helpers\\regeneratorRuntime.js:125:22)\n    at Generator.next (D:\\Chat-bot\\Chat-App\\ChatApp_Backend\\node_modules\\@babel\\runtime\\helpers\\regeneratorRuntime.js:69:21)\n    at asyncGeneratorStep (D:\\Chat-bot\\Chat-App\\ChatApp_Backend\\node_modules\\@babel\\runtime\\helpers\\asyncToGenerator.js:3:24)\n    at _next (D:\\Chat-bot\\Chat-App\\ChatApp_Backend\\node_modules\\@babel\\runtime\\helpers\\asyncToGenerator.js:22:9)\n    at D:\\Chat-bot\\Chat-App\\ChatApp_Backend\\node_modules\\@babel\\runtime\\helpers\\asyncToGenerator.js:27:7\n    at new Promise (<anonymous>)\n    at apply (D:\\Chat-bot\\Chat-App\\ChatApp_Backend\\node_modules\\@babel\\runtime\\helpers\\asyncToGenerator.js:19:12)\n    at getAllUsers (D:\\Chat-bot\\Chat-App\\ChatApp_Backend\\src\\controllers\\/user.controller.js:11:25)\n    at Layer.handle [as handle_request] (D:\\Chat-bot\\Chat-App\\ChatApp_Backend\\node_modules\\express\\lib\\router\\layer.js:95:5)\n    at next (D:\\Chat-bot\\Chat-App\\ChatApp_Backend\\node_modules\\express\\lib\\router\\route.js:144:13)\n    at Route.dispatch (D:\\Chat-bot\\Chat-App\\ChatApp_Backend\\node_modules\\express\\lib\\router\\route.js:114:3)\n    at Layer.handle [as handle_request] (D:\\Chat-bot\\Chat-App\\ChatApp_Backend\\node_modules\\express\\lib\\router\\layer.js:95:5)\n    at D:\\Chat-bot\\Chat-App\\ChatApp_Backend\\node_modules\\express\\lib\\router\\index.js:284:15\n    at Function.process_params (D:\\Chat-bot\\Chat-App\\ChatApp_Backend\\node_modules\\express\\lib\\router\\index.js:346:12)\n    at next (D:\\Chat-bot\\Chat-App\\ChatApp_Backend\\node_modules\\express\\lib\\router\\index.js:280:10)\n    at Function.handle (D:\\Chat-bot\\Chat-App\\ChatApp_Backend\\node_modules\\express\\lib\\router\\index.js:175:3)\n    at router (D:\\Chat-bot\\Chat-App\\ChatApp_Backend\\node_modules\\express\\lib\\router\\index.js:47:12)\n    at Layer.handle [as handle_request] (D:\\Chat-bot\\Chat-App\\ChatApp_Backend\\node_modules\\express\\lib\\router\\layer.js:95:5)\n    at trim_prefix (D:\\Chat-bot\\Chat-App\\ChatApp_Backend\\node_modules\\express\\lib\\router\\index.js:328:13)\n    at D:\\Chat-bot\\Chat-App\\ChatApp_Backend\\node_modules\\express\\lib\\router\\index.js:286:9\n    at Function.process_params (D:\\Chat-bot\\Chat-App\\ChatApp_Backend\\node_modules\\express\\lib\\router\\index.js:346:12)\n    at next (D:\\Chat-bot\\Chat-App\\ChatApp_Backend\\node_modules\\express\\lib\\router\\index.js:280:10)\n    at Function.handle (D:\\Chat-bot\\Chat-App\\ChatApp_Backend\\node_modules\\express\\lib\\router\\index.js:175:3)\n    at router (D:\\Chat-bot\\Chat-App\\ChatApp_Backend\\node_modules\\express\\lib\\router\\index.js:47:12)\n    at Layer.handle [as handle_request] (D:\\Chat-bot\\Chat-App\\ChatApp_Backend\\node_modules\\express\\lib\\router\\layer.js:95:5)\n    at trim_prefix (D:\\Chat-bot\\Chat-App\\ChatApp_Backend\\node_modules\\express\\lib\\router\\index.js:328:13)\n    at D:\\Chat-bot\\Chat-App\\ChatApp_Backend\\node_modules\\express\\lib\\router\\index.js:286:9\n    at Function.process_params (D:\\Chat-bot\\Chat-App\\ChatApp_Backend\\node_modules\\express\\lib\\router\\index.js:346:12)\n    at next (D:\\Chat-bot\\Chat-App\\ChatApp_Backend\\node_modules\\express\\lib\\router\\index.js:280:10)\n    at logger (D:\\Chat-bot\\Chat-App\\ChatApp_Backend\\node_modules\\morgan\\index.js:144:5)\n    at Layer.handle [as handle_request] (D:\\Chat-bot\\Chat-App\\ChatApp_Backend\\node_modules\\express\\lib\\router\\layer.js:95:5)\n    at trim_prefix (D:\\Chat-bot\\Chat-App\\ChatApp_Backend\\node_modules\\express\\lib\\router\\index.js:328:13)\n    at D:\\Chat-bot\\Chat-App\\ChatApp_Backend\\node_modules\\express\\lib\\router\\index.js:286:9\n    at Function.process_params (D:\\Chat-bot\\Chat-App\\ChatApp_Backend\\node_modules\\express\\lib\\router\\index.js:346:12)\n    at next (D:\\Chat-bot\\Chat-App\\ChatApp_Backend\\node_modules\\express\\lib\\router\\index.js:280:10)\n    at jsonParser (D:\\Chat-bot\\Chat-App\\ChatApp_Backend\\node_modules\\body-parser\\lib\\types\\json.js:110:7)\n    at Layer.handle [as handle_request] (D:\\Chat-bot\\Chat-App\\ChatApp_Backend\\node_modules\\express\\lib\\router\\layer.js:95:5)\n    at trim_prefix (D:\\Chat-bot\\Chat-App\\ChatApp_Backend\\node_modules\\express\\lib\\router\\index.js:328:13)\n    at D:\\Chat-bot\\Chat-App\\ChatApp_Backend\\node_modules\\express\\lib\\router\\index.js:286:9\n    at Function.process_params (D:\\Chat-bot\\Chat-App\\ChatApp_Backend\\node_modules\\express\\lib\\router\\index.js:346:12)\n    at next (D:\\Chat-bot\\Chat-App\\ChatApp_Backend\\node_modules\\express\\lib\\router\\index.js:280:10)\n    at urlencodedParser (D:\\Chat-bot\\Chat-App\\ChatApp_Backend\\node_modules\\body-parser\\lib\\types\\urlencoded.js:91:7)\n    at Layer.handle [as handle_request] (D:\\Chat-bot\\Chat-App\\ChatApp_Backend\\node_modules\\express\\lib\\router\\layer.js:95:5)\n    at trim_prefix (D:\\Chat-bot\\Chat-App\\ChatApp_Backend\\node_modules\\express\\lib\\router\\index.js:328:13)\n    at D:\\Chat-bot\\Chat-App\\ChatApp_Backend\\node_modules\\express\\lib\\router\\index.js:286:9\n    at Function.process_params (D:\\Chat-bot\\Chat-App\\ChatApp_Backend\\node_modules\\express\\lib\\router\\index.js:346:12)\n    at next (D:\\Chat-bot\\Chat-App\\ChatApp_Backend\\node_modules\\express\\lib\\router\\index.js:280:10)\n    at internalNext (D:\\Chat-bot\\Chat-App\\ChatApp_Backend\\node_modules\\helmet\\dist\\index.js:142:6)\n    at xXssProtectionMiddleware (D:\\Chat-bot\\Chat-App\\ChatApp_Backend\\node_modules\\helmet\\dist\\middlewares\\x-xss-protection\\index.js:6:3)\n    at internalNext (D:\\Chat-bot\\Chat-App\\ChatApp_Backend\\node_modules\\helmet\\dist\\index.js:145:6)\n    at referrerPolicyMiddleware (D:\\Chat-bot\\Chat-App\\ChatApp_Backend\\node_modules\\helmet\\dist\\middlewares\\referrer-policy\\index.js:24:3)\n    at internalNext (D:\\Chat-bot\\Chat-App\\ChatApp_Backend\\node_modules\\helmet\\dist\\index.js:145:6)\n    at xPermittedCrossDomainPoliciesMiddleware (D:\\Chat-bot\\Chat-App\\ChatApp_Backend\\node_modules\\helmet\\dist\\middlewares\\x-permitted-cross-domain-policies\\index.js:15:3)\n    at internalNext (D:\\Chat-bot\\Chat-App\\ChatApp_Backend\\node_modules\\helmet\\dist\\index.js:145:6)","trace":[{"column":70,"file":"D:\\Chat-bot\\Chat-App\\ChatApp_Backend\\src\\controllers\\/user.controller.js","function":"_callee$","line":21,"method":null,"native":false},{"column":17,"file":"D:\\Chat-bot\\Chat-App\\ChatApp_Backend\\node_modules\\@babel\\runtime\\helpers\\regeneratorRuntime.js","function":"tryCatch","line":44,"method":null,"native":false},{"column":22,"file":"D:\\Chat-bot\\Chat-App\\ChatApp_Backend\\node_modules\\@babel\\runtime\\helpers\\regeneratorRuntime.js","function":null,"line":125,"method":null,"native":false},{"column":21,"file":"D:\\Chat-bot\\Chat-App\\ChatApp_Backend\\node_modules\\@babel\\runtime\\helpers\\regeneratorRuntime.js","function":"Generator.next","line":69,"method":"next","native":false},{"column":24,"file":"D:\\Chat-bot\\Chat-App\\ChatApp_Backend\\node_modules\\@babel\\runtime\\helpers\\asyncToGenerator.js","function":"asyncGeneratorStep","line":3,"method":null,"native":false},{"column":9,"file":"D:\\Chat-bot\\Chat-App\\ChatApp_Backend\\node_modules\\@babel\\runtime\\helpers\\asyncToGenerator.js","function":"_next","line":22,"method":null,"native":false},{"column":7,"file":"D:\\Chat-bot\\Chat-App\\ChatApp_Backend\\node_modules\\@babel\\runtime\\helpers\\asyncToGenerator.js","function":null,"line":27,"method":null,"native":false},{"column":null,"file":null,"function":"new Promise","line":null,"method":null,"native":false},{"column":12,"file":"D:\\Chat-bot\\Chat-App\\ChatApp_Backend\\node_modules\\@babel\\runtime\\helpers\\asyncToGenerator.js","function":"apply","line":19,"method":null,"native":false},{"column":25,"file":"D:\\Chat-bot\\Chat-App\\ChatApp_Backend\\src\\controllers\\/user.controller.js","function":"getAllUsers","line":11,"method":null,"native":false},{"column":5,"file":"D:\\Chat-bot\\Chat-App\\ChatApp_Backend\\node_modules\\express\\lib\\router\\layer.js","function":"Layer.handle [as handle_request]","line":95,"method":"handle [as handle_request]","native":false},{"column":13,"file":"D:\\Chat-bot\\Chat-App\\ChatApp_Backend\\node_modules\\express\\lib\\router\\route.js","function":"next","line":144,"method":null,"native":false},{"column":3,"file":"D:\\Chat-bot\\Chat-App\\ChatApp_Backend\\node_modules\\express\\lib\\router\\route.js","function":"Route.dispatch","line":114,"method":"dispatch","native":false},{"column":5,"file":"D:\\Chat-bot\\Chat-App\\ChatApp_Backend\\node_modules\\express\\lib\\router\\layer.js","function":"Layer.handle [as handle_request]","line":95,"method":"handle [as handle_request]","native":false},{"column":15,"file":"D:\\Chat-bot\\Chat-App\\ChatApp_Backend\\node_modules\\express\\lib\\router\\index.js","function":null,"line":284,"method":null,"native":false},{"column":12,"file":"D:\\Chat-bot\\Chat-App\\ChatApp_Backend\\node_modules\\express\\lib\\router\\index.js","function":"Function.process_params","line":346,"method":"process_params","native":false},{"column":10,"file":"D:\\Chat-bot\\Chat-App\\ChatApp_Backend\\node_modules\\express\\lib\\router\\index.js","function":"next","line":280,"method":null,"native":false},{"column":3,"file":"D:\\Chat-bot\\Chat-App\\ChatApp_Backend\\node_modules\\express\\lib\\router\\index.js","function":"Function.handle","line":175,"method":"handle","native":false},{"column":12,"file":"D:\\Chat-bot\\Chat-App\\ChatApp_Backend\\node_modules\\express\\lib\\router\\index.js","function":"router","line":47,"method":null,"native":false},{"column":5,"file":"D:\\Chat-bot\\Chat-App\\ChatApp_Backend\\node_modules\\express\\lib\\router\\layer.js","function":"Layer.handle [as handle_request]","line":95,"method":"handle [as handle_request]","native":false},{"column":13,"file":"D:\\Chat-bot\\Chat-App\\ChatApp_Backend\\node_modules\\express\\lib\\router\\index.js","function":"trim_prefix","line":328,"method":null,"native":false},{"column":9,"file":"D:\\Chat-bot\\Chat-App\\ChatApp_Backend\\node_modules\\express\\lib\\router\\index.js","function":null,"line":286,"method":null,"native":false},{"column":12,"file":"D:\\Chat-bot\\Chat-App\\ChatApp_Backend\\node_modules\\express\\lib\\router\\index.js","function":"Function.process_params","line":346,"method":"process_params","native":false},{"column":10,"file":"D:\\Chat-bot\\Chat-App\\ChatApp_Backend\\node_modules\\express\\lib\\router\\index.js","function":"next","line":280,"method":null,"native":false},{"column":3,"file":"D:\\Chat-bot\\Chat-App\\ChatApp_Backend\\node_modules\\express\\lib\\router\\index.js","function":"Function.handle","line":175,"method":"handle","native":false},{"column":12,"file":"D:\\Chat-bot\\Chat-App\\ChatApp_Backend\\node_modules\\express\\lib\\router\\index.js","function":"router","line":47,"method":null,"native":false},{"column":5,"file":"D:\\Chat-bot\\Chat-App\\ChatApp_Backend\\node_modules\\express\\lib\\router\\layer.js","function":"Layer.handle [as handle_request]","line":95,"method":"handle [as handle_request]","native":false},{"column":13,"file":"D:\\Chat-bot\\Chat-App\\ChatApp_Backend\\node_modules\\express\\lib\\router\\index.js","function":"trim_prefix","line":328,"method":null,"native":false},{"column":9,"file":"D:\\Chat-bot\\Chat-App\\ChatApp_Backend\\node_modules\\express\\lib\\router\\index.js","function":null,"line":286,"method":null,"native":false},{"column":12,"file":"D:\\Chat-bot\\Chat-App\\ChatApp_Backend\\node_modules\\express\\lib\\router\\index.js","function":"Function.process_params","line":346,"method":"process_params","native":false},{"column":10,"file":"D:\\Chat-bot\\Chat-App\\ChatApp_Backend\\node_modules\\express\\lib\\router\\index.js","function":"next","line":280,"method":null,"native":false},{"column":5,"file":"D:\\Chat-bot\\Chat-App\\ChatApp_Backend\\node_modules\\morgan\\index.js","function":"logger","line":144,"method":null,"native":false},{"column":5,"file":"D:\\Chat-bot\\Chat-App\\ChatApp_Backend\\node_modules\\express\\lib\\router\\layer.js","function":"Layer.handle [as handle_request]","line":95,"method":"handle [as handle_request]","native":false},{"column":13,"file":"D:\\Chat-bot\\Chat-App\\ChatApp_Backend\\node_modules\\express\\lib\\router\\index.js","function":"trim_prefix","line":328,"method":null,"native":false},{"column":9,"file":"D:\\Chat-bot\\Chat-App\\ChatApp_Backend\\node_modules\\express\\lib\\router\\index.js","function":null,"line":286,"method":null,"native":false},{"column":12,"file":"D:\\Chat-bot\\Chat-App\\ChatApp_Backend\\node_modules\\express\\lib\\router\\index.js","function":"Function.process_params","line":346,"method":"process_params","native":false},{"column":10,"file":"D:\\Chat-bot\\Chat-App\\ChatApp_Backend\\node_modules\\express\\lib\\router\\index.js","function":"next","line":280,"method":null,"native":false},{"column":7,"file":"D:\\Chat-bot\\Chat-App\\ChatApp_Backend\\node_modules\\body-parser\\lib\\types\\json.js","function":"jsonParser","line":110,"method":null,"native":false},{"column":5,"file":"D:\\Chat-bot\\Chat-App\\ChatApp_Backend\\node_modules\\express\\lib\\router\\layer.js","function":"Layer.handle [as handle_request]","line":95,"method":"handle [as handle_request]","native":false},{"column":13,"file":"D:\\Chat-bot\\Chat-App\\ChatApp_Backend\\node_modules\\express\\lib\\router\\index.js","function":"trim_prefix","line":328,"method":null,"native":false},{"column":9,"file":"D:\\Chat-bot\\Chat-App\\ChatApp_Backend\\node_modules\\express\\lib\\router\\index.js","function":null,"line":286,"method":null,"native":false},{"column":12,"file":"D:\\Chat-bot\\Chat-App\\ChatApp_Backend\\node_modules\\express\\lib\\router\\index.js","function":"Function.process_params","line":346,"method":"process_params","native":false},{"column":10,"file":"D:\\Chat-bot\\Chat-App\\ChatApp_Backend\\node_modules\\express\\lib\\router\\index.js","function":"next","line":280,"method":null,"native":false},{"column":7,"file":"D:\\Chat-bot\\Chat-App\\ChatApp_Backend\\node_modules\\body-parser\\lib\\types\\urlencoded.js","function":"urlencodedParser","line":91,"method":null,"native":false},{"column":5,"file":"D:\\Chat-bot\\Chat-App\\ChatApp_Backend\\node_modules\\express\\lib\\router\\layer.js","function":"Layer.handle [as handle_request]","line":95,"method":"handle [as handle_request]","native":false},{"column":13,"file":"D:\\Chat-bot\\Chat-App\\ChatApp_Backend\\node_modules\\express\\lib\\router\\index.js","function":"trim_prefix","line":328,"method":null,"native":false},{"column":9,"file":"D:\\Chat-bot\\Chat-App\\ChatApp_Backend\\node_modules\\express\\lib\\router\\index.js","function":null,"line":286,"method":null,"native":false},{"column":12,"file":"D:\\Chat-bot\\Chat-App\\ChatApp_Backend\\node_modules\\express\\lib\\router\\index.js","function":"Function.process_params","line":346,"method":"process_params","native":false},{"column":10,"file":"D:\\Chat-bot\\Chat-App\\ChatApp_Backend\\node_modules\\express\\lib\\router\\index.js","function":"next","line":280,"method":null,"native":false},{"column":6,"file":"D:\\Chat-bot\\Chat-App\\ChatApp_Backend\\node_modules\\helmet\\dist\\index.js","function":"internalNext","line":142,"method":null,"native":false},{"column":3,"file":"D:\\Chat-bot\\Chat-App\\ChatApp_Backend\\node_modules\\helmet\\dist\\middlewares\\x-xss-protection\\index.js","function":"xXssProtectionMiddleware","line":6,"method":null,"native":false},{"column":6,"file":"D:\\Chat-bot\\Chat-App\\ChatApp_Backend\\node_modules\\helmet\\dist\\index.js","function":"internalNext","line":145,"method":null,"native":false},{"column":3,"file":"D:\\Chat-bot\\Chat-App\\ChatApp_Backend\\node_modules\\helmet\\dist\\middlewares\\referrer-policy\\index.js","function":"referrerPolicyMiddleware","line":24,"method":null,"native":false},{"column":6,"file":"D:\\Chat-bot\\Chat-App\\ChatApp_Backend\\node_modules\\helmet\\dist\\index.js","function":"internalNext","line":145,"method":null,"native":false},{"column":3,"file":"D:\\Chat-bot\\Chat-App\\ChatApp_Backend\\node_modules\\helmet\\dist\\middlewares\\x-permitted-cross-domain-policies\\index.js","function":"xPermittedCrossDomainPoliciesMiddleware","line":15,"method":null,"native":false},{"column":6,"file":"D:\\Chat-bot\\Chat-App\\ChatApp_Backend\\node_modules\\helmet\\dist\\index.js","function":"internalNext","line":145,"method":null,"native":false}]}
info: ::1 - - [20/Apr/2023:06:22:57 +0000] "GET /api/v1/users?search=s HTTP/1.1" 200 2511 "-" "PostmanRuntime/7.32.2"

info: ::1 - - [20/Apr/2023:06:25:09 +0000] "POST /api/v1/users HTTP/1.1" 500 59 "-" "PostmanRuntime/7.32.2"

info: ::1 - - [20/Apr/2023:06:25:16 +0000] "POST /api/v1/users HTTP/1.1" 500 89 "-" "PostmanRuntime/7.32.2"

info: ::1 - - [20/Apr/2023:06:25:17 +0000] "POST /api/v1/users HTTP/1.1" 500 89 "-" "PostmanRuntime/7.32.2"

info: ::1 - - [20/Apr/2023:06:25:27 +0000] "POST /api/v1/users HTTP/1.1" 201 409 "-" "PostmanRuntime/7.32.2"

info: ::1 - - [20/Apr/2023:06:25:38 +0000] "GET /api/v1/users?search=s HTTP/1.1" 200 2511 "-" "PostmanRuntime/7.32.2"

info: ::1 - - [20/Apr/2023:06:27:23 +0000] "GET /api/v1/users?search=z HTTP/1.1" 200 703 "-" "PostmanRuntime/7.32.2"

info: ::1 - - [20/Apr/2023:06:28:52 +0000] "GET /api/v1/users?search=z HTTP/1.1" 200 703 "-" "PostmanRuntime/7.32.2"

info: ::1 - - [20/Apr/2023:06:32:13 +0000] "GET /api/v1/users?search=z HTTP/1.1" 200 703 "-" "PostmanRuntime/7.32.2"

info: ::1 - - [20/Apr/2023:06:32:51 +0000] "GET /api/v1/users?search=z HTTP/1.1" 201 703 "-" "PostmanRuntime/7.32.2"

error: uncaughtException: Cannot set headers after they are sent to the client
Error: Cannot set headers after they are sent to the client
    at new NodeError (node:internal/errors:399:5)
    at ServerResponse.setHeader (node:_http_outgoing:663:11)
    at ServerResponse.header (D:\Chat-bot\Chat-App\ChatApp_Backend\node_modules\express\lib\response.js:794:10)
    at ServerResponse.send (D:\Chat-bot\Chat-App\ChatApp_Backend\node_modules\express\lib\response.js:174:12)
    at ServerResponse.json (D:\Chat-bot\Chat-App\ChatApp_Backend\node_modules\express\lib\response.js:278:15)
    at _callee$ (D:\Chat-bot\Chat-App\ChatApp_Backend\src\controllers\/user.controller.js:23:34)
    at tryCatch (D:\Chat-bot\Chat-App\ChatApp_Backend\node_modules\@babel\runtime\helpers\regeneratorRuntime.js:44:17)
    at Generator.<anonymous> (D:\Chat-bot\Chat-App\ChatApp_Backend\node_modules\@babel\runtime\helpers\regeneratorRuntime.js:125:22)
    at Generator.next (D:\Chat-bot\Chat-App\ChatApp_Backend\node_modules\@babel\runtime\helpers\regeneratorRuntime.js:69:21)
    at asyncGeneratorStep (D:\Chat-bot\Chat-App\ChatApp_Backend\node_modules\@babel\runtime\helpers\asyncToGenerator.js:3:24)
    at _next (D:\Chat-bot\Chat-App\ChatApp_Backend\node_modules\@babel\runtime\helpers\asyncToGenerator.js:22:9)
    at processTicksAndRejections (node:internal/process/task_queues:95:5) {"date":"Thu Apr 20 2023 12:02:51 GMT+0530 (India Standard Time)","error":{"code":"ERR_HTTP_HEADERS_SENT"},"exception":true,"os":{"loadavg":[0,0,0],"uptime":180749.64},"process":{"argv":["node","D:\\Chat-bot\\Chat-App\\ChatApp_Backend\\src\\index.js"],"cwd":"D:\\Chat-bot\\Chat-App\\ChatApp_Backend","execPath":"C:\\Program Files\\nodejs\\node.exe","gid":null,"memoryUsage":{"arrayBuffers":19554171,"external":21088986,"heapTotal":102293504,"heapUsed":59470744,"rss":142712832},"pid":20704,"uid":null,"version":"v18.15.0"},"stack":"Error: Cannot set headers after they are sent to the client\n    at new NodeError (node:internal/errors:399:5)\n    at ServerResponse.setHeader (node:_http_outgoing:663:11)\n    at ServerResponse.header (D:\\Chat-bot\\Chat-App\\ChatApp_Backend\\node_modules\\express\\lib\\response.js:794:10)\n    at ServerResponse.send (D:\\Chat-bot\\Chat-App\\ChatApp_Backend\\node_modules\\express\\lib\\response.js:174:12)\n    at ServerResponse.json (D:\\Chat-bot\\Chat-App\\ChatApp_Backend\\node_modules\\express\\lib\\response.js:278:15)\n    at _callee$ (D:\\Chat-bot\\Chat-App\\ChatApp_Backend\\src\\controllers\\/user.controller.js:23:34)\n    at tryCatch (D:\\Chat-bot\\Chat-App\\ChatApp_Backend\\node_modules\\@babel\\runtime\\helpers\\regeneratorRuntime.js:44:17)\n    at Generator.<anonymous> (D:\\Chat-bot\\Chat-App\\ChatApp_Backend\\node_modules\\@babel\\runtime\\helpers\\regeneratorRuntime.js:125:22)\n    at Generator.next (D:\\Chat-bot\\Chat-App\\ChatApp_Backend\\node_modules\\@babel\\runtime\\helpers\\regeneratorRuntime.js:69:21)\n    at asyncGeneratorStep (D:\\Chat-bot\\Chat-App\\ChatApp_Backend\\node_modules\\@babel\\runtime\\helpers\\asyncToGenerator.js:3:24)\n    at _next (D:\\Chat-bot\\Chat-App\\ChatApp_Backend\\node_modules\\@babel\\runtime\\helpers\\asyncToGenerator.js:22:9)\n    at processTicksAndRejections (node:internal/process/task_queues:95:5)","trace":[{"column":5,"file":"node:internal/errors","function":"new NodeError","line":399,"method":null,"native":false},{"column":11,"file":"node:_http_outgoing","function":"ServerResponse.setHeader","line":663,"method":"setHeader","native":false},{"column":10,"file":"D:\\Chat-bot\\Chat-App\\ChatApp_Backend\\node_modules\\express\\lib\\response.js","function":"ServerResponse.header","line":794,"method":"header","native":false},{"column":12,"file":"D:\\Chat-bot\\Chat-App\\ChatApp_Backend\\node_modules\\express\\lib\\response.js","function":"ServerResponse.send","line":174,"method":"send","native":false},{"column":15,"file":"D:\\Chat-bot\\Chat-App\\ChatApp_Backend\\node_modules\\express\\lib\\response.js","function":"ServerResponse.json","line":278,"method":"json","native":false},{"column":34,"file":"D:\\Chat-bot\\Chat-App\\ChatApp_Backend\\src\\controllers\\/user.controller.js","function":"_callee$","line":23,"method":null,"native":false},{"column":17,"file":"D:\\Chat-bot\\Chat-App\\ChatApp_Backend\\node_modules\\@babel\\runtime\\helpers\\regeneratorRuntime.js","function":"tryCatch","line":44,"method":null,"native":false},{"column":22,"file":"D:\\Chat-bot\\Chat-App\\ChatApp_Backend\\node_modules\\@babel\\runtime\\helpers\\regeneratorRuntime.js","function":null,"line":125,"method":null,"native":false},{"column":21,"file":"D:\\Chat-bot\\Chat-App\\ChatApp_Backend\\node_modules\\@babel\\runtime\\helpers\\regeneratorRuntime.js","function":"Generator.next","line":69,"method":"next","native":false},{"column":24,"file":"D:\\Chat-bot\\Chat-App\\ChatApp_Backend\\node_modules\\@babel\\runtime\\helpers\\asyncToGenerator.js","function":"asyncGeneratorStep","line":3,"method":null,"native":false},{"column":9,"file":"D:\\Chat-bot\\Chat-App\\ChatApp_Backend\\node_modules\\@babel\\runtime\\helpers\\asyncToGenerator.js","function":"_next","line":22,"method":null,"native":false},{"column":5,"file":"node:internal/process/task_queues","function":"processTicksAndRejections","line":95,"method":null,"native":false}]}
info: ::1 - - [20/Apr/2023:06:33:23 +0000] "GET /api/v1/users?search=z HTTP/1.1" 201 761 "-" "PostmanRuntime/7.32.2"

info: ::1 - - [20/Apr/2023:06:34:31 +0000] "GET /api/v1/users?search=z HTTP/1.1" 201 759 "-" "PostmanRuntime/7.32.2"

info: ::1 - - [20/Apr/2023:06:34:38 +0000] "GET /api/v1/users?search=j HTTP/1.1" 201 2577 "-" "PostmanRuntime/7.32.2"

info: ::1 - - [20/Apr/2023:06:34:47 +0000] "GET /api/v1/users?search=k HTTP/1.1" 201 409 "-" "PostmanRuntime/7.32.2"

error: uncaughtException: req is not defined
ReferenceError: req is not defined
    at _callee$ (D:\Chat-bot\Chat-App\ChatApp_Backend\src\services\/user.service.js:7:9)
    at tryCatch (D:\Chat-bot\Chat-App\ChatApp_Backend\node_modules\@babel\runtime\helpers\regeneratorRuntime.js:44:17)
    at Generator.<anonymous> (D:\Chat-bot\Chat-App\ChatApp_Backend\node_modules\@babel\runtime\helpers\regeneratorRuntime.js:125:22)
    at Generator.next (D:\Chat-bot\Chat-App\ChatApp_Backend\node_modules\@babel\runtime\helpers\regeneratorRuntime.js:69:21)
    at asyncGeneratorStep (D:\Chat-bot\Chat-App\ChatApp_Backend\node_modules\@babel\runtime\helpers\asyncToGenerator.js:3:24)
    at _next (D:\Chat-bot\Chat-App\ChatApp_Backend\node_modules\@babel\runtime\helpers\asyncToGenerator.js:22:9)
    at D:\Chat-bot\Chat-App\ChatApp_Backend\node_modules\@babel\runtime\helpers\asyncToGenerator.js:27:7
    at new Promise (<anonymous>)
    at Object.apply (D:\Chat-bot\Chat-App\ChatApp_Backend\node_modules\@babel\runtime\helpers\asyncToGenerator.js:19:12)
    at Object.getAllUsers (D:\Chat-bot\Chat-App\ChatApp_Backend\src\services\/user.service.js:6:25)
    at _callee$ (D:\Chat-bot\Chat-App\ChatApp_Backend\src\controllers\/user.controller.js:12:34)
    at tryCatch (D:\Chat-bot\Chat-App\ChatApp_Backend\node_modules\@babel\runtime\helpers\regeneratorRuntime.js:44:17)
    at Generator.<anonymous> (D:\Chat-bot\Chat-App\ChatApp_Backend\node_modules\@babel\runtime\helpers\regeneratorRuntime.js:125:22)
    at Generator.next (D:\Chat-bot\Chat-App\ChatApp_Backend\node_modules\@babel\runtime\helpers\regeneratorRuntime.js:69:21)
    at asyncGeneratorStep (D:\Chat-bot\Chat-App\ChatApp_Backend\node_modules\@babel\runtime\helpers\asyncToGenerator.js:3:24)
    at _next (D:\Chat-bot\Chat-App\ChatApp_Backend\node_modules\@babel\runtime\helpers\asyncToGenerator.js:22:9)
    at D:\Chat-bot\Chat-App\ChatApp_Backend\node_modules\@babel\runtime\helpers\asyncToGenerator.js:27:7
    at new Promise (<anonymous>)
    at apply (D:\Chat-bot\Chat-App\ChatApp_Backend\node_modules\@babel\runtime\helpers\asyncToGenerator.js:19:12)
    at getAllUsers (D:\Chat-bot\Chat-App\ChatApp_Backend\src\controllers\/user.controller.js:11:25)
    at Layer.handle [as handle_request] (D:\Chat-bot\Chat-App\ChatApp_Backend\node_modules\express\lib\router\layer.js:95:5)
    at next (D:\Chat-bot\Chat-App\ChatApp_Backend\node_modules\express\lib\router\route.js:144:13)
    at Route.dispatch (D:\Chat-bot\Chat-App\ChatApp_Backend\node_modules\express\lib\router\route.js:114:3)
    at Layer.handle [as handle_request] (D:\Chat-bot\Chat-App\ChatApp_Backend\node_modules\express\lib\router\layer.js:95:5)
    at D:\Chat-bot\Chat-App\ChatApp_Backend\node_modules\express\lib\router\index.js:284:15
    at Function.process_params (D:\Chat-bot\Chat-App\ChatApp_Backend\node_modules\express\lib\router\index.js:346:12)
    at next (D:\Chat-bot\Chat-App\ChatApp_Backend\node_modules\express\lib\router\index.js:280:10)
    at Function.handle (D:\Chat-bot\Chat-App\ChatApp_Backend\node_modules\express\lib\router\index.js:175:3)
    at router (D:\Chat-bot\Chat-App\ChatApp_Backend\node_modules\express\lib\router\index.js:47:12)
    at Layer.handle [as handle_request] (D:\Chat-bot\Chat-App\ChatApp_Backend\node_modules\express\lib\router\layer.js:95:5)
    at trim_prefix (D:\Chat-bot\Chat-App\ChatApp_Backend\node_modules\express\lib\router\index.js:328:13)
    at D:\Chat-bot\Chat-App\ChatApp_Backend\node_modules\express\lib\router\index.js:286:9
    at Function.process_params (D:\Chat-bot\Chat-App\ChatApp_Backend\node_modules\express\lib\router\index.js:346:12)
    at next (D:\Chat-bot\Chat-App\ChatApp_Backend\node_modules\express\lib\router\index.js:280:10)
    at Function.handle (D:\Chat-bot\Chat-App\ChatApp_Backend\node_modules\express\lib\router\index.js:175:3)
    at router (D:\Chat-bot\Chat-App\ChatApp_Backend\node_modules\express\lib\router\index.js:47:12)
    at Layer.handle [as handle_request] (D:\Chat-bot\Chat-App\ChatApp_Backend\node_modules\express\lib\router\layer.js:95:5)
    at trim_prefix (D:\Chat-bot\Chat-App\ChatApp_Backend\node_modules\express\lib\router\index.js:328:13)
    at D:\Chat-bot\Chat-App\ChatApp_Backend\node_modules\express\lib\router\index.js:286:9
    at Function.process_params (D:\Chat-bot\Chat-App\ChatApp_Backend\node_modules\express\lib\router\index.js:346:12)
    at next (D:\Chat-bot\Chat-App\ChatApp_Backend\node_modules\express\lib\router\index.js:280:10)
    at logger (D:\Chat-bot\Chat-App\ChatApp_Backend\node_modules\morgan\index.js:144:5)
    at Layer.handle [as handle_request] (D:\Chat-bot\Chat-App\ChatApp_Backend\node_modules\express\lib\router\layer.js:95:5)
    at trim_prefix (D:\Chat-bot\Chat-App\ChatApp_Backend\node_modules\express\lib\router\index.js:328:13)
    at D:\Chat-bot\Chat-App\ChatApp_Backend\node_modules\express\lib\router\index.js:286:9
    at Function.process_params (D:\Chat-bot\Chat-App\ChatApp_Backend\node_modules\express\lib\router\index.js:346:12)
    at next (D:\Chat-bot\Chat-App\ChatApp_Backend\node_modules\express\lib\router\index.js:280:10)
    at D:\Chat-bot\Chat-App\ChatApp_Backend\node_modules\body-parser\lib\read.js:137:5
    at AsyncResource.runInAsyncScope (node:async_hooks:204:9)
    at invokeCallback (D:\Chat-bot\Chat-App\ChatApp_Backend\node_modules\raw-body\index.js:231:16)
    at done (D:\Chat-bot\Chat-App\ChatApp_Backend\node_modules\raw-body\index.js:220:7)
    at IncomingMessage.onEnd (D:\Chat-bot\Chat-App\ChatApp_Backend\node_modules\raw-body\index.js:280:7)
    at IncomingMessage.emit (node:events:513:28)
    at IncomingMessage.emit (node:domain:489:12)
    at endReadableNT (node:internal/streams/readable:1359:12)
    at processTicksAndRejections (node:internal/process/task_queues:82:21) {"date":"Thu Apr 20 2023 12:08:35 GMT+0530 (India Standard Time)","error":{},"exception":true,"os":{"loadavg":[0,0,0],"uptime":181093.984},"process":{"argv":["node","D:\\Chat-bot\\Chat-App\\ChatApp_Backend\\src\\index.js"],"cwd":"D:\\Chat-bot\\Chat-App\\ChatApp_Backend","execPath":"C:\\Program Files\\nodejs\\node.exe","gid":null,"memoryUsage":{"arrayBuffers":20284163,"external":21818978,"heapTotal":101765120,"heapUsed":66691672,"rss":142315520},"pid":16508,"uid":null,"version":"v18.15.0"},"stack":"ReferenceError: req is not defined\n    at _callee$ (D:\\Chat-bot\\Chat-App\\ChatApp_Backend\\src\\services\\/user.service.js:7:9)\n    at tryCatch (D:\\Chat-bot\\Chat-App\\ChatApp_Backend\\node_modules\\@babel\\runtime\\helpers\\regeneratorRuntime.js:44:17)\n    at Generator.<anonymous> (D:\\Chat-bot\\Chat-App\\ChatApp_Backend\\node_modules\\@babel\\runtime\\helpers\\regeneratorRuntime.js:125:22)\n    at Generator.next (D:\\Chat-bot\\Chat-App\\ChatApp_Backend\\node_modules\\@babel\\runtime\\helpers\\regeneratorRuntime.js:69:21)\n    at asyncGeneratorStep (D:\\Chat-bot\\Chat-App\\ChatApp_Backend\\node_modules\\@babel\\runtime\\helpers\\asyncToGenerator.js:3:24)\n    at _next (D:\\Chat-bot\\Chat-App\\ChatApp_Backend\\node_modules\\@babel\\runtime\\helpers\\asyncToGenerator.js:22:9)\n    at D:\\Chat-bot\\Chat-App\\ChatApp_Backend\\node_modules\\@babel\\runtime\\helpers\\asyncToGenerator.js:27:7\n    at new Promise (<anonymous>)\n    at Object.apply (D:\\Chat-bot\\Chat-App\\ChatApp_Backend\\node_modules\\@babel\\runtime\\helpers\\asyncToGenerator.js:19:12)\n    at Object.getAllUsers (D:\\Chat-bot\\Chat-App\\ChatApp_Backend\\src\\services\\/user.service.js:6:25)\n    at _callee$ (D:\\Chat-bot\\Chat-App\\ChatApp_Backend\\src\\controllers\\/user.controller.js:12:34)\n    at tryCatch (D:\\Chat-bot\\Chat-App\\ChatApp_Backend\\node_modules\\@babel\\runtime\\helpers\\regeneratorRuntime.js:44:17)\n    at Generator.<anonymous> (D:\\Chat-bot\\Chat-App\\ChatApp_Backend\\node_modules\\@babel\\runtime\\helpers\\regeneratorRuntime.js:125:22)\n    at Generator.next (D:\\Chat-bot\\Chat-App\\ChatApp_Backend\\node_modules\\@babel\\runtime\\helpers\\regeneratorRuntime.js:69:21)\n    at asyncGeneratorStep (D:\\Chat-bot\\Chat-App\\ChatApp_Backend\\node_modules\\@babel\\runtime\\helpers\\asyncToGenerator.js:3:24)\n    at _next (D:\\Chat-bot\\Chat-App\\ChatApp_Backend\\node_modules\\@babel\\runtime\\helpers\\asyncToGenerator.js:22:9)\n    at D:\\Chat-bot\\Chat-App\\ChatApp_Backend\\node_modules\\@babel\\runtime\\helpers\\asyncToGenerator.js:27:7\n    at new Promise (<anonymous>)\n    at apply (D:\\Chat-bot\\Chat-App\\ChatApp_Backend\\node_modules\\@babel\\runtime\\helpers\\asyncToGenerator.js:19:12)\n    at getAllUsers (D:\\Chat-bot\\Chat-App\\ChatApp_Backend\\src\\controllers\\/user.controller.js:11:25)\n    at Layer.handle [as handle_request] (D:\\Chat-bot\\Chat-App\\ChatApp_Backend\\node_modules\\express\\lib\\router\\layer.js:95:5)\n    at next (D:\\Chat-bot\\Chat-App\\ChatApp_Backend\\node_modules\\express\\lib\\router\\route.js:144:13)\n    at Route.dispatch (D:\\Chat-bot\\Chat-App\\ChatApp_Backend\\node_modules\\express\\lib\\router\\route.js:114:3)\n    at Layer.handle [as handle_request] (D:\\Chat-bot\\Chat-App\\ChatApp_Backend\\node_modules\\express\\lib\\router\\layer.js:95:5)\n    at D:\\Chat-bot\\Chat-App\\ChatApp_Backend\\node_modules\\express\\lib\\router\\index.js:284:15\n    at Function.process_params (D:\\Chat-bot\\Chat-App\\ChatApp_Backend\\node_modules\\express\\lib\\router\\index.js:346:12)\n    at next (D:\\Chat-bot\\Chat-App\\ChatApp_Backend\\node_modules\\express\\lib\\router\\index.js:280:10)\n    at Function.handle (D:\\Chat-bot\\Chat-App\\ChatApp_Backend\\node_modules\\express\\lib\\router\\index.js:175:3)\n    at router (D:\\Chat-bot\\Chat-App\\ChatApp_Backend\\node_modules\\express\\lib\\router\\index.js:47:12)\n    at Layer.handle [as handle_request] (D:\\Chat-bot\\Chat-App\\ChatApp_Backend\\node_modules\\express\\lib\\router\\layer.js:95:5)\n    at trim_prefix (D:\\Chat-bot\\Chat-App\\ChatApp_Backend\\node_modules\\express\\lib\\router\\index.js:328:13)\n    at D:\\Chat-bot\\Chat-App\\ChatApp_Backend\\node_modules\\express\\lib\\router\\index.js:286:9\n    at Function.process_params (D:\\Chat-bot\\Chat-App\\ChatApp_Backend\\node_modules\\express\\lib\\router\\index.js:346:12)\n    at next (D:\\Chat-bot\\Chat-App\\ChatApp_Backend\\node_modules\\express\\lib\\router\\index.js:280:10)\n    at Function.handle (D:\\Chat-bot\\Chat-App\\ChatApp_Backend\\node_modules\\express\\lib\\router\\index.js:175:3)\n    at router (D:\\Chat-bot\\Chat-App\\ChatApp_Backend\\node_modules\\express\\lib\\router\\index.js:47:12)\n    at Layer.handle [as handle_request] (D:\\Chat-bot\\Chat-App\\ChatApp_Backend\\node_modules\\express\\lib\\router\\layer.js:95:5)\n    at trim_prefix (D:\\Chat-bot\\Chat-App\\ChatApp_Backend\\node_modules\\express\\lib\\router\\index.js:328:13)\n    at D:\\Chat-bot\\Chat-App\\ChatApp_Backend\\node_modules\\express\\lib\\router\\index.js:286:9\n    at Function.process_params (D:\\Chat-bot\\Chat-App\\ChatApp_Backend\\node_modules\\express\\lib\\router\\index.js:346:12)\n    at next (D:\\Chat-bot\\Chat-App\\ChatApp_Backend\\node_modules\\express\\lib\\router\\index.js:280:10)\n    at logger (D:\\Chat-bot\\Chat-App\\ChatApp_Backend\\node_modules\\morgan\\index.js:144:5)\n    at Layer.handle [as handle_request] (D:\\Chat-bot\\Chat-App\\ChatApp_Backend\\node_modules\\express\\lib\\router\\layer.js:95:5)\n    at trim_prefix (D:\\Chat-bot\\Chat-App\\ChatApp_Backend\\node_modules\\express\\lib\\router\\index.js:328:13)\n    at D:\\Chat-bot\\Chat-App\\ChatApp_Backend\\node_modules\\express\\lib\\router\\index.js:286:9\n    at Function.process_params (D:\\Chat-bot\\Chat-App\\ChatApp_Backend\\node_modules\\express\\lib\\router\\index.js:346:12)\n    at next (D:\\Chat-bot\\Chat-App\\ChatApp_Backend\\node_modules\\express\\lib\\router\\index.js:280:10)\n    at D:\\Chat-bot\\Chat-App\\ChatApp_Backend\\node_modules\\body-parser\\lib\\read.js:137:5\n    at AsyncResource.runInAsyncScope (node:async_hooks:204:9)\n    at invokeCallback (D:\\Chat-bot\\Chat-App\\ChatApp_Backend\\node_modules\\raw-body\\index.js:231:16)\n    at done (D:\\Chat-bot\\Chat-App\\ChatApp_Backend\\node_modules\\raw-body\\index.js:220:7)\n    at IncomingMessage.onEnd (D:\\Chat-bot\\Chat-App\\ChatApp_Backend\\node_modules\\raw-body\\index.js:280:7)\n    at IncomingMessage.emit (node:events:513:28)\n    at IncomingMessage.emit (node:domain:489:12)\n    at endReadableNT (node:internal/streams/readable:1359:12)\n    at processTicksAndRejections (node:internal/process/task_queues:82:21)","trace":[{"column":9,"file":"D:\\Chat-bot\\Chat-App\\ChatApp_Backend\\src\\services\\/user.service.js","function":"_callee$","line":7,"method":null,"native":false},{"column":17,"file":"D:\\Chat-bot\\Chat-App\\ChatApp_Backend\\node_modules\\@babel\\runtime\\helpers\\regeneratorRuntime.js","function":"tryCatch","line":44,"method":null,"native":false},{"column":22,"file":"D:\\Chat-bot\\Chat-App\\ChatApp_Backend\\node_modules\\@babel\\runtime\\helpers\\regeneratorRuntime.js","function":null,"line":125,"method":null,"native":false},{"column":21,"file":"D:\\Chat-bot\\Chat-App\\ChatApp_Backend\\node_modules\\@babel\\runtime\\helpers\\regeneratorRuntime.js","function":"Generator.next","line":69,"method":"next","native":false},{"column":24,"file":"D:\\Chat-bot\\Chat-App\\ChatApp_Backend\\node_modules\\@babel\\runtime\\helpers\\asyncToGenerator.js","function":"asyncGeneratorStep","line":3,"method":null,"native":false},{"column":9,"file":"D:\\Chat-bot\\Chat-App\\ChatApp_Backend\\node_modules\\@babel\\runtime\\helpers\\asyncToGenerator.js","function":"_next","line":22,"method":null,"native":false},{"column":7,"file":"D:\\Chat-bot\\Chat-App\\ChatApp_Backend\\node_modules\\@babel\\runtime\\helpers\\asyncToGenerator.js","function":null,"line":27,"method":null,"native":false},{"column":null,"file":null,"function":"new Promise","line":null,"method":null,"native":false},{"column":12,"file":"D:\\Chat-bot\\Chat-App\\ChatApp_Backend\\node_modules\\@babel\\runtime\\helpers\\asyncToGenerator.js","function":"Object.apply","line":19,"method":"apply","native":false},{"column":25,"file":"D:\\Chat-bot\\Chat-App\\ChatApp_Backend\\src\\services\\/user.service.js","function":"Object.getAllUsers","line":6,"method":"getAllUsers","native":false},{"column":34,"file":"D:\\Chat-bot\\Chat-App\\ChatApp_Backend\\src\\controllers\\/user.controller.js","function":"_callee$","line":12,"method":null,"native":false},{"column":17,"file":"D:\\Chat-bot\\Chat-App\\ChatApp_Backend\\node_modules\\@babel\\runtime\\helpers\\regeneratorRuntime.js","function":"tryCatch","line":44,"method":null,"native":false},{"column":22,"file":"D:\\Chat-bot\\Chat-App\\ChatApp_Backend\\node_modules\\@babel\\runtime\\helpers\\regeneratorRuntime.js","function":null,"line":125,"method":null,"native":false},{"column":21,"file":"D:\\Chat-bot\\Chat-App\\ChatApp_Backend\\node_modules\\@babel\\runtime\\helpers\\regeneratorRuntime.js","function":"Generator.next","line":69,"method":"next","native":false},{"column":24,"file":"D:\\Chat-bot\\Chat-App\\ChatApp_Backend\\node_modules\\@babel\\runtime\\helpers\\asyncToGenerator.js","function":"asyncGeneratorStep","line":3,"method":null,"native":false},{"column":9,"file":"D:\\Chat-bot\\Chat-App\\ChatApp_Backend\\node_modules\\@babel\\runtime\\helpers\\asyncToGenerator.js","function":"_next","line":22,"method":null,"native":false},{"column":7,"file":"D:\\Chat-bot\\Chat-App\\ChatApp_Backend\\node_modules\\@babel\\runtime\\helpers\\asyncToGenerator.js","function":null,"line":27,"method":null,"native":false},{"column":null,"file":null,"function":"new Promise","line":null,"method":null,"native":false},{"column":12,"file":"D:\\Chat-bot\\Chat-App\\ChatApp_Backend\\node_modules\\@babel\\runtime\\helpers\\asyncToGenerator.js","function":"apply","line":19,"method":null,"native":false},{"column":25,"file":"D:\\Chat-bot\\Chat-App\\ChatApp_Backend\\src\\controllers\\/user.controller.js","function":"getAllUsers","line":11,"method":null,"native":false},{"column":5,"file":"D:\\Chat-bot\\Chat-App\\ChatApp_Backend\\node_modules\\express\\lib\\router\\layer.js","function":"Layer.handle [as handle_request]","line":95,"method":"handle [as handle_request]","native":false},{"column":13,"file":"D:\\Chat-bot\\Chat-App\\ChatApp_Backend\\node_modules\\express\\lib\\router\\route.js","function":"next","line":144,"method":null,"native":false},{"column":3,"file":"D:\\Chat-bot\\Chat-App\\ChatApp_Backend\\node_modules\\express\\lib\\router\\route.js","function":"Route.dispatch","line":114,"method":"dispatch","native":false},{"column":5,"file":"D:\\Chat-bot\\Chat-App\\ChatApp_Backend\\node_modules\\express\\lib\\router\\layer.js","function":"Layer.handle [as handle_request]","line":95,"method":"handle [as handle_request]","native":false},{"column":15,"file":"D:\\Chat-bot\\Chat-App\\ChatApp_Backend\\node_modules\\express\\lib\\router\\index.js","function":null,"line":284,"method":null,"native":false},{"column":12,"file":"D:\\Chat-bot\\Chat-App\\ChatApp_Backend\\node_modules\\express\\lib\\router\\index.js","function":"Function.process_params","line":346,"method":"process_params","native":false},{"column":10,"file":"D:\\Chat-bot\\Chat-App\\ChatApp_Backend\\node_modules\\express\\lib\\router\\index.js","function":"next","line":280,"method":null,"native":false},{"column":3,"file":"D:\\Chat-bot\\Chat-App\\ChatApp_Backend\\node_modules\\express\\lib\\router\\index.js","function":"Function.handle","line":175,"method":"handle","native":false},{"column":12,"file":"D:\\Chat-bot\\Chat-App\\ChatApp_Backend\\node_modules\\express\\lib\\router\\index.js","function":"router","line":47,"method":null,"native":false},{"column":5,"file":"D:\\Chat-bot\\Chat-App\\ChatApp_Backend\\node_modules\\express\\lib\\router\\layer.js","function":"Layer.handle [as handle_request]","line":95,"method":"handle [as handle_request]","native":false},{"column":13,"file":"D:\\Chat-bot\\Chat-App\\ChatApp_Backend\\node_modules\\express\\lib\\router\\index.js","function":"trim_prefix","line":328,"method":null,"native":false},{"column":9,"file":"D:\\Chat-bot\\Chat-App\\ChatApp_Backend\\node_modules\\express\\lib\\router\\index.js","function":null,"line":286,"method":null,"native":false},{"column":12,"file":"D:\\Chat-bot\\Chat-App\\ChatApp_Backend\\node_modules\\express\\lib\\router\\index.js","function":"Function.process_params","line":346,"method":"process_params","native":false},{"column":10,"file":"D:\\Chat-bot\\Chat-App\\ChatApp_Backend\\node_modules\\express\\lib\\router\\index.js","function":"next","line":280,"method":null,"native":false},{"column":3,"file":"D:\\Chat-bot\\Chat-App\\ChatApp_Backend\\node_modules\\express\\lib\\router\\index.js","function":"Function.handle","line":175,"method":"handle","native":false},{"column":12,"file":"D:\\Chat-bot\\Chat-App\\ChatApp_Backend\\node_modules\\express\\lib\\router\\index.js","function":"router","line":47,"method":null,"native":false},{"column":5,"file":"D:\\Chat-bot\\Chat-App\\ChatApp_Backend\\node_modules\\express\\lib\\router\\layer.js","function":"Layer.handle [as handle_request]","line":95,"method":"handle [as handle_request]","native":false},{"column":13,"file":"D:\\Chat-bot\\Chat-App\\ChatApp_Backend\\node_modules\\express\\lib\\router\\index.js","function":"trim_prefix","line":328,"method":null,"native":false},{"column":9,"file":"D:\\Chat-bot\\Chat-App\\ChatApp_Backend\\node_modules\\express\\lib\\router\\index.js","function":null,"line":286,"method":null,"native":false},{"column":12,"file":"D:\\Chat-bot\\Chat-App\\ChatApp_Backend\\node_modules\\express\\lib\\router\\index.js","function":"Function.process_params","line":346,"method":"process_params","native":false},{"column":10,"file":"D:\\Chat-bot\\Chat-App\\ChatApp_Backend\\node_modules\\express\\lib\\router\\index.js","function":"next","line":280,"method":null,"native":false},{"column":5,"file":"D:\\Chat-bot\\Chat-App\\ChatApp_Backend\\node_modules\\morgan\\index.js","function":"logger","line":144,"method":null,"native":false},{"column":5,"file":"D:\\Chat-bot\\Chat-App\\ChatApp_Backend\\node_modules\\express\\lib\\router\\layer.js","function":"Layer.handle [as handle_request]","line":95,"method":"handle [as handle_request]","native":false},{"column":13,"file":"D:\\Chat-bot\\Chat-App\\ChatApp_Backend\\node_modules\\express\\lib\\router\\index.js","function":"trim_prefix","line":328,"method":null,"native":false},{"column":9,"file":"D:\\Chat-bot\\Chat-App\\ChatApp_Backend\\node_modules\\express\\lib\\router\\index.js","function":null,"line":286,"method":null,"native":false},{"column":12,"file":"D:\\Chat-bot\\Chat-App\\ChatApp_Backend\\node_modules\\express\\lib\\router\\index.js","function":"Function.process_params","line":346,"method":"process_params","native":false},{"column":10,"file":"D:\\Chat-bot\\Chat-App\\ChatApp_Backend\\node_modules\\express\\lib\\router\\index.js","function":"next","line":280,"method":null,"native":false},{"column":5,"file":"D:\\Chat-bot\\Chat-App\\ChatApp_Backend\\node_modules\\body-parser\\lib\\read.js","function":null,"line":137,"method":null,"native":false},{"column":9,"file":"node:async_hooks","function":"AsyncResource.runInAsyncScope","line":204,"method":"runInAsyncScope","native":false},{"column":16,"file":"D:\\Chat-bot\\Chat-App\\ChatApp_Backend\\node_modules\\raw-body\\index.js","function":"invokeCallback","line":231,"method":null,"native":false},{"column":7,"file":"D:\\Chat-bot\\Chat-App\\ChatApp_Backend\\node_modules\\raw-body\\index.js","function":"done","line":220,"method":null,"native":false},{"column":7,"file":"D:\\Chat-bot\\Chat-App\\ChatApp_Backend\\node_modules\\raw-body\\index.js","function":"IncomingMessage.onEnd","line":280,"method":"onEnd","native":false},{"column":28,"file":"node:events","function":"IncomingMessage.emit","line":513,"method":"emit","native":false},{"column":12,"file":"node:domain","function":"IncomingMessage.emit","line":489,"method":"emit","native":false},{"column":12,"file":"node:internal/streams/readable","function":"endReadableNT","line":1359,"method":null,"native":false},{"column":21,"file":"node:internal/process/task_queues","function":"processTicksAndRejections","line":82,"method":null,"native":false}]}
error: uncaughtException: req is not defined
ReferenceError: req is not defined
    at _callee$ (D:\Chat-bot\Chat-App\ChatApp_Backend\src\services\/user.service.js:7:9)
    at tryCatch (D:\Chat-bot\Chat-App\ChatApp_Backend\node_modules\@babel\runtime\helpers\regeneratorRuntime.js:44:17)
    at Generator.<anonymous> (D:\Chat-bot\Chat-App\ChatApp_Backend\node_modules\@babel\runtime\helpers\regeneratorRuntime.js:125:22)
    at Generator.next (D:\Chat-bot\Chat-App\ChatApp_Backend\node_modules\@babel\runtime\helpers\regeneratorRuntime.js:69:21)
    at asyncGeneratorStep (D:\Chat-bot\Chat-App\ChatApp_Backend\node_modules\@babel\runtime\helpers\asyncToGenerator.js:3:24)
    at _next (D:\Chat-bot\Chat-App\ChatApp_Backend\node_modules\@babel\runtime\helpers\asyncToGenerator.js:22:9)
    at D:\Chat-bot\Chat-App\ChatApp_Backend\node_modules\@babel\runtime\helpers\asyncToGenerator.js:27:7
    at new Promise (<anonymous>)
    at Object.apply (D:\Chat-bot\Chat-App\ChatApp_Backend\node_modules\@babel\runtime\helpers\asyncToGenerator.js:19:12)
    at Object.getAllUsers (D:\Chat-bot\Chat-App\ChatApp_Backend\src\services\/user.service.js:6:25)
    at _callee$ (D:\Chat-bot\Chat-App\ChatApp_Backend\src\controllers\/user.controller.js:12:34)
    at tryCatch (D:\Chat-bot\Chat-App\ChatApp_Backend\node_modules\@babel\runtime\helpers\regeneratorRuntime.js:44:17)
    at Generator.<anonymous> (D:\Chat-bot\Chat-App\ChatApp_Backend\node_modules\@babel\runtime\helpers\regeneratorRuntime.js:125:22)
    at Generator.next (D:\Chat-bot\Chat-App\ChatApp_Backend\node_modules\@babel\runtime\helpers\regeneratorRuntime.js:69:21)
    at asyncGeneratorStep (D:\Chat-bot\Chat-App\ChatApp_Backend\node_modules\@babel\runtime\helpers\asyncToGenerator.js:3:24)
    at _next (D:\Chat-bot\Chat-App\ChatApp_Backend\node_modules\@babel\runtime\helpers\asyncToGenerator.js:22:9)
    at D:\Chat-bot\Chat-App\ChatApp_Backend\node_modules\@babel\runtime\helpers\asyncToGenerator.js:27:7
    at new Promise (<anonymous>)
    at apply (D:\Chat-bot\Chat-App\ChatApp_Backend\node_modules\@babel\runtime\helpers\asyncToGenerator.js:19:12)
    at getAllUsers (D:\Chat-bot\Chat-App\ChatApp_Backend\src\controllers\/user.controller.js:11:25)
    at Layer.handle [as handle_request] (D:\Chat-bot\Chat-App\ChatApp_Backend\node_modules\express\lib\router\layer.js:95:5)
    at next (D:\Chat-bot\Chat-App\ChatApp_Backend\node_modules\express\lib\router\route.js:144:13)
    at Route.dispatch (D:\Chat-bot\Chat-App\ChatApp_Backend\node_modules\express\lib\router\route.js:114:3)
    at Layer.handle [as handle_request] (D:\Chat-bot\Chat-App\ChatApp_Backend\node_modules\express\lib\router\layer.js:95:5)
    at D:\Chat-bot\Chat-App\ChatApp_Backend\node_modules\express\lib\router\index.js:284:15
    at Function.process_params (D:\Chat-bot\Chat-App\ChatApp_Backend\node_modules\express\lib\router\index.js:346:12)
    at next (D:\Chat-bot\Chat-App\ChatApp_Backend\node_modules\express\lib\router\index.js:280:10)
    at Function.handle (D:\Chat-bot\Chat-App\ChatApp_Backend\node_modules\express\lib\router\index.js:175:3)
    at router (D:\Chat-bot\Chat-App\ChatApp_Backend\node_modules\express\lib\router\index.js:47:12)
    at Layer.handle [as handle_request] (D:\Chat-bot\Chat-App\ChatApp_Backend\node_modules\express\lib\router\layer.js:95:5)
    at trim_prefix (D:\Chat-bot\Chat-App\ChatApp_Backend\node_modules\express\lib\router\index.js:328:13)
    at D:\Chat-bot\Chat-App\ChatApp_Backend\node_modules\express\lib\router\index.js:286:9
    at Function.process_params (D:\Chat-bot\Chat-App\ChatApp_Backend\node_modules\express\lib\router\index.js:346:12)
    at next (D:\Chat-bot\Chat-App\ChatApp_Backend\node_modules\express\lib\router\index.js:280:10)
    at Function.handle (D:\Chat-bot\Chat-App\ChatApp_Backend\node_modules\express\lib\router\index.js:175:3)
    at router (D:\Chat-bot\Chat-App\ChatApp_Backend\node_modules\express\lib\router\index.js:47:12)
    at Layer.handle [as handle_request] (D:\Chat-bot\Chat-App\ChatApp_Backend\node_modules\express\lib\router\layer.js:95:5)
    at trim_prefix (D:\Chat-bot\Chat-App\ChatApp_Backend\node_modules\express\lib\router\index.js:328:13)
    at D:\Chat-bot\Chat-App\ChatApp_Backend\node_modules\express\lib\router\index.js:286:9
    at Function.process_params (D:\Chat-bot\Chat-App\ChatApp_Backend\node_modules\express\lib\router\index.js:346:12)
    at next (D:\Chat-bot\Chat-App\ChatApp_Backend\node_modules\express\lib\router\index.js:280:10)
    at logger (D:\Chat-bot\Chat-App\ChatApp_Backend\node_modules\morgan\index.js:144:5)
    at Layer.handle [as handle_request] (D:\Chat-bot\Chat-App\ChatApp_Backend\node_modules\express\lib\router\layer.js:95:5)
    at trim_prefix (D:\Chat-bot\Chat-App\ChatApp_Backend\node_modules\express\lib\router\index.js:328:13)
    at D:\Chat-bot\Chat-App\ChatApp_Backend\node_modules\express\lib\router\index.js:286:9
    at Function.process_params (D:\Chat-bot\Chat-App\ChatApp_Backend\node_modules\express\lib\router\index.js:346:12)
    at next (D:\Chat-bot\Chat-App\ChatApp_Backend\node_modules\express\lib\router\index.js:280:10)
    at D:\Chat-bot\Chat-App\ChatApp_Backend\node_modules\body-parser\lib\read.js:137:5
    at AsyncResource.runInAsyncScope (node:async_hooks:204:9)
    at invokeCallback (D:\Chat-bot\Chat-App\ChatApp_Backend\node_modules\raw-body\index.js:231:16)
    at done (D:\Chat-bot\Chat-App\ChatApp_Backend\node_modules\raw-body\index.js:220:7)
    at IncomingMessage.onEnd (D:\Chat-bot\Chat-App\ChatApp_Backend\node_modules\raw-body\index.js:280:7)
    at IncomingMessage.emit (node:events:513:28)
    at IncomingMessage.emit (node:domain:489:12)
    at endReadableNT (node:internal/streams/readable:1359:12)
    at processTicksAndRejections (node:internal/process/task_queues:82:21) {"date":"Thu Apr 20 2023 12:09:26 GMT+0530 (India Standard Time)","error":{},"exception":true,"os":{"loadavg":[0,0,0],"uptime":181144.75},"process":{"argv":["node","D:\\Chat-bot\\Chat-App\\ChatApp_Backend\\src\\index.js"],"cwd":"D:\\Chat-bot\\Chat-App\\ChatApp_Backend","execPath":"C:\\Program Files\\nodejs\\node.exe","gid":null,"memoryUsage":{"arrayBuffers":19578880,"external":21113695,"heapTotal":101765120,"heapUsed":59122152,"rss":142761984},"pid":19448,"uid":null,"version":"v18.15.0"},"stack":"ReferenceError: req is not defined\n    at _callee$ (D:\\Chat-bot\\Chat-App\\ChatApp_Backend\\src\\services\\/user.service.js:7:9)\n    at tryCatch (D:\\Chat-bot\\Chat-App\\ChatApp_Backend\\node_modules\\@babel\\runtime\\helpers\\regeneratorRuntime.js:44:17)\n    at Generator.<anonymous> (D:\\Chat-bot\\Chat-App\\ChatApp_Backend\\node_modules\\@babel\\runtime\\helpers\\regeneratorRuntime.js:125:22)\n    at Generator.next (D:\\Chat-bot\\Chat-App\\ChatApp_Backend\\node_modules\\@babel\\runtime\\helpers\\regeneratorRuntime.js:69:21)\n    at asyncGeneratorStep (D:\\Chat-bot\\Chat-App\\ChatApp_Backend\\node_modules\\@babel\\runtime\\helpers\\asyncToGenerator.js:3:24)\n    at _next (D:\\Chat-bot\\Chat-App\\ChatApp_Backend\\node_modules\\@babel\\runtime\\helpers\\asyncToGenerator.js:22:9)\n    at D:\\Chat-bot\\Chat-App\\ChatApp_Backend\\node_modules\\@babel\\runtime\\helpers\\asyncToGenerator.js:27:7\n    at new Promise (<anonymous>)\n    at Object.apply (D:\\Chat-bot\\Chat-App\\ChatApp_Backend\\node_modules\\@babel\\runtime\\helpers\\asyncToGenerator.js:19:12)\n    at Object.getAllUsers (D:\\Chat-bot\\Chat-App\\ChatApp_Backend\\src\\services\\/user.service.js:6:25)\n    at _callee$ (D:\\Chat-bot\\Chat-App\\ChatApp_Backend\\src\\controllers\\/user.controller.js:12:34)\n    at tryCatch (D:\\Chat-bot\\Chat-App\\ChatApp_Backend\\node_modules\\@babel\\runtime\\helpers\\regeneratorRuntime.js:44:17)\n    at Generator.<anonymous> (D:\\Chat-bot\\Chat-App\\ChatApp_Backend\\node_modules\\@babel\\runtime\\helpers\\regeneratorRuntime.js:125:22)\n    at Generator.next (D:\\Chat-bot\\Chat-App\\ChatApp_Backend\\node_modules\\@babel\\runtime\\helpers\\regeneratorRuntime.js:69:21)\n    at asyncGeneratorStep (D:\\Chat-bot\\Chat-App\\ChatApp_Backend\\node_modules\\@babel\\runtime\\helpers\\asyncToGenerator.js:3:24)\n    at _next (D:\\Chat-bot\\Chat-App\\ChatApp_Backend\\node_modules\\@babel\\runtime\\helpers\\asyncToGenerator.js:22:9)\n    at D:\\Chat-bot\\Chat-App\\ChatApp_Backend\\node_modules\\@babel\\runtime\\helpers\\asyncToGenerator.js:27:7\n    at new Promise (<anonymous>)\n    at apply (D:\\Chat-bot\\Chat-App\\ChatApp_Backend\\node_modules\\@babel\\runtime\\helpers\\asyncToGenerator.js:19:12)\n    at getAllUsers (D:\\Chat-bot\\Chat-App\\ChatApp_Backend\\src\\controllers\\/user.controller.js:11:25)\n    at Layer.handle [as handle_request] (D:\\Chat-bot\\Chat-App\\ChatApp_Backend\\node_modules\\express\\lib\\router\\layer.js:95:5)\n    at next (D:\\Chat-bot\\Chat-App\\ChatApp_Backend\\node_modules\\express\\lib\\router\\route.js:144:13)\n    at Route.dispatch (D:\\Chat-bot\\Chat-App\\ChatApp_Backend\\node_modules\\express\\lib\\router\\route.js:114:3)\n    at Layer.handle [as handle_request] (D:\\Chat-bot\\Chat-App\\ChatApp_Backend\\node_modules\\express\\lib\\router\\layer.js:95:5)\n    at D:\\Chat-bot\\Chat-App\\ChatApp_Backend\\node_modules\\express\\lib\\router\\index.js:284:15\n    at Function.process_params (D:\\Chat-bot\\Chat-App\\ChatApp_Backend\\node_modules\\express\\lib\\router\\index.js:346:12)\n    at next (D:\\Chat-bot\\Chat-App\\ChatApp_Backend\\node_modules\\express\\lib\\router\\index.js:280:10)\n    at Function.handle (D:\\Chat-bot\\Chat-App\\ChatApp_Backend\\node_modules\\express\\lib\\router\\index.js:175:3)\n    at router (D:\\Chat-bot\\Chat-App\\ChatApp_Backend\\node_modules\\express\\lib\\router\\index.js:47:12)\n    at Layer.handle [as handle_request] (D:\\Chat-bot\\Chat-App\\ChatApp_Backend\\node_modules\\express\\lib\\router\\layer.js:95:5)\n    at trim_prefix (D:\\Chat-bot\\Chat-App\\ChatApp_Backend\\node_modules\\express\\lib\\router\\index.js:328:13)\n    at D:\\Chat-bot\\Chat-App\\ChatApp_Backend\\node_modules\\express\\lib\\router\\index.js:286:9\n    at Function.process_params (D:\\Chat-bot\\Chat-App\\ChatApp_Backend\\node_modules\\express\\lib\\router\\index.js:346:12)\n    at next (D:\\Chat-bot\\Chat-App\\ChatApp_Backend\\node_modules\\express\\lib\\router\\index.js:280:10)\n    at Function.handle (D:\\Chat-bot\\Chat-App\\ChatApp_Backend\\node_modules\\express\\lib\\router\\index.js:175:3)\n    at router (D:\\Chat-bot\\Chat-App\\ChatApp_Backend\\node_modules\\express\\lib\\router\\index.js:47:12)\n    at Layer.handle [as handle_request] (D:\\Chat-bot\\Chat-App\\ChatApp_Backend\\node_modules\\express\\lib\\router\\layer.js:95:5)\n    at trim_prefix (D:\\Chat-bot\\Chat-App\\ChatApp_Backend\\node_modules\\express\\lib\\router\\index.js:328:13)\n    at D:\\Chat-bot\\Chat-App\\ChatApp_Backend\\node_modules\\express\\lib\\router\\index.js:286:9\n    at Function.process_params (D:\\Chat-bot\\Chat-App\\ChatApp_Backend\\node_modules\\express\\lib\\router\\index.js:346:12)\n    at next (D:\\Chat-bot\\Chat-App\\ChatApp_Backend\\node_modules\\express\\lib\\router\\index.js:280:10)\n    at logger (D:\\Chat-bot\\Chat-App\\ChatApp_Backend\\node_modules\\morgan\\index.js:144:5)\n    at Layer.handle [as handle_request] (D:\\Chat-bot\\Chat-App\\ChatApp_Backend\\node_modules\\express\\lib\\router\\layer.js:95:5)\n    at trim_prefix (D:\\Chat-bot\\Chat-App\\ChatApp_Backend\\node_modules\\express\\lib\\router\\index.js:328:13)\n    at D:\\Chat-bot\\Chat-App\\ChatApp_Backend\\node_modules\\express\\lib\\router\\index.js:286:9\n    at Function.process_params (D:\\Chat-bot\\Chat-App\\ChatApp_Backend\\node_modules\\express\\lib\\router\\index.js:346:12)\n    at next (D:\\Chat-bot\\Chat-App\\ChatApp_Backend\\node_modules\\express\\lib\\router\\index.js:280:10)\n    at D:\\Chat-bot\\Chat-App\\ChatApp_Backend\\node_modules\\body-parser\\lib\\read.js:137:5\n    at AsyncResource.runInAsyncScope (node:async_hooks:204:9)\n    at invokeCallback (D:\\Chat-bot\\Chat-App\\ChatApp_Backend\\node_modules\\raw-body\\index.js:231:16)\n    at done (D:\\Chat-bot\\Chat-App\\ChatApp_Backend\\node_modules\\raw-body\\index.js:220:7)\n    at IncomingMessage.onEnd (D:\\Chat-bot\\Chat-App\\ChatApp_Backend\\node_modules\\raw-body\\index.js:280:7)\n    at IncomingMessage.emit (node:events:513:28)\n    at IncomingMessage.emit (node:domain:489:12)\n    at endReadableNT (node:internal/streams/readable:1359:12)\n    at processTicksAndRejections (node:internal/process/task_queues:82:21)","trace":[{"column":9,"file":"D:\\Chat-bot\\Chat-App\\ChatApp_Backend\\src\\services\\/user.service.js","function":"_callee$","line":7,"method":null,"native":false},{"column":17,"file":"D:\\Chat-bot\\Chat-App\\ChatApp_Backend\\node_modules\\@babel\\runtime\\helpers\\regeneratorRuntime.js","function":"tryCatch","line":44,"method":null,"native":false},{"column":22,"file":"D:\\Chat-bot\\Chat-App\\ChatApp_Backend\\node_modules\\@babel\\runtime\\helpers\\regeneratorRuntime.js","function":null,"line":125,"method":null,"native":false},{"column":21,"file":"D:\\Chat-bot\\Chat-App\\ChatApp_Backend\\node_modules\\@babel\\runtime\\helpers\\regeneratorRuntime.js","function":"Generator.next","line":69,"method":"next","native":false},{"column":24,"file":"D:\\Chat-bot\\Chat-App\\ChatApp_Backend\\node_modules\\@babel\\runtime\\helpers\\asyncToGenerator.js","function":"asyncGeneratorStep","line":3,"method":null,"native":false},{"column":9,"file":"D:\\Chat-bot\\Chat-App\\ChatApp_Backend\\node_modules\\@babel\\runtime\\helpers\\asyncToGenerator.js","function":"_next","line":22,"method":null,"native":false},{"column":7,"file":"D:\\Chat-bot\\Chat-App\\ChatApp_Backend\\node_modules\\@babel\\runtime\\helpers\\asyncToGenerator.js","function":null,"line":27,"method":null,"native":false},{"column":null,"file":null,"function":"new Promise","line":null,"method":null,"native":false},{"column":12,"file":"D:\\Chat-bot\\Chat-App\\ChatApp_Backend\\node_modules\\@babel\\runtime\\helpers\\asyncToGenerator.js","function":"Object.apply","line":19,"method":"apply","native":false},{"column":25,"file":"D:\\Chat-bot\\Chat-App\\ChatApp_Backend\\src\\services\\/user.service.js","function":"Object.getAllUsers","line":6,"method":"getAllUsers","native":false},{"column":34,"file":"D:\\Chat-bot\\Chat-App\\ChatApp_Backend\\src\\controllers\\/user.controller.js","function":"_callee$","line":12,"method":null,"native":false},{"column":17,"file":"D:\\Chat-bot\\Chat-App\\ChatApp_Backend\\node_modules\\@babel\\runtime\\helpers\\regeneratorRuntime.js","function":"tryCatch","line":44,"method":null,"native":false},{"column":22,"file":"D:\\Chat-bot\\Chat-App\\ChatApp_Backend\\node_modules\\@babel\\runtime\\helpers\\regeneratorRuntime.js","function":null,"line":125,"method":null,"native":false},{"column":21,"file":"D:\\Chat-bot\\Chat-App\\ChatApp_Backend\\node_modules\\@babel\\runtime\\helpers\\regeneratorRuntime.js","function":"Generator.next","line":69,"method":"next","native":false},{"column":24,"file":"D:\\Chat-bot\\Chat-App\\ChatApp_Backend\\node_modules\\@babel\\runtime\\helpers\\asyncToGenerator.js","function":"asyncGeneratorStep","line":3,"method":null,"native":false},{"column":9,"file":"D:\\Chat-bot\\Chat-App\\ChatApp_Backend\\node_modules\\@babel\\runtime\\helpers\\asyncToGenerator.js","function":"_next","line":22,"method":null,"native":false},{"column":7,"file":"D:\\Chat-bot\\Chat-App\\ChatApp_Backend\\node_modules\\@babel\\runtime\\helpers\\asyncToGenerator.js","function":null,"line":27,"method":null,"native":false},{"column":null,"file":null,"function":"new Promise","line":null,"method":null,"native":false},{"column":12,"file":"D:\\Chat-bot\\Chat-App\\ChatApp_Backend\\node_modules\\@babel\\runtime\\helpers\\asyncToGenerator.js","function":"apply","line":19,"method":null,"native":false},{"column":25,"file":"D:\\Chat-bot\\Chat-App\\ChatApp_Backend\\src\\controllers\\/user.controller.js","function":"getAllUsers","line":11,"method":null,"native":false},{"column":5,"file":"D:\\Chat-bot\\Chat-App\\ChatApp_Backend\\node_modules\\express\\lib\\router\\layer.js","function":"Layer.handle [as handle_request]","line":95,"method":"handle [as handle_request]","native":false},{"column":13,"file":"D:\\Chat-bot\\Chat-App\\ChatApp_Backend\\node_modules\\express\\lib\\router\\route.js","function":"next","line":144,"method":null,"native":false},{"column":3,"file":"D:\\Chat-bot\\Chat-App\\ChatApp_Backend\\node_modules\\express\\lib\\router\\route.js","function":"Route.dispatch","line":114,"method":"dispatch","native":false},{"column":5,"file":"D:\\Chat-bot\\Chat-App\\ChatApp_Backend\\node_modules\\express\\lib\\router\\layer.js","function":"Layer.handle [as handle_request]","line":95,"method":"handle [as handle_request]","native":false},{"column":15,"file":"D:\\Chat-bot\\Chat-App\\ChatApp_Backend\\node_modules\\express\\lib\\router\\index.js","function":null,"line":284,"method":null,"native":false},{"column":12,"file":"D:\\Chat-bot\\Chat-App\\ChatApp_Backend\\node_modules\\express\\lib\\router\\index.js","function":"Function.process_params","line":346,"method":"process_params","native":false},{"column":10,"file":"D:\\Chat-bot\\Chat-App\\ChatApp_Backend\\node_modules\\express\\lib\\router\\index.js","function":"next","line":280,"method":null,"native":false},{"column":3,"file":"D:\\Chat-bot\\Chat-App\\ChatApp_Backend\\node_modules\\express\\lib\\router\\index.js","function":"Function.handle","line":175,"method":"handle","native":false},{"column":12,"file":"D:\\Chat-bot\\Chat-App\\ChatApp_Backend\\node_modules\\express\\lib\\router\\index.js","function":"router","line":47,"method":null,"native":false},{"column":5,"file":"D:\\Chat-bot\\Chat-App\\ChatApp_Backend\\node_modules\\express\\lib\\router\\layer.js","function":"Layer.handle [as handle_request]","line":95,"method":"handle [as handle_request]","native":false},{"column":13,"file":"D:\\Chat-bot\\Chat-App\\ChatApp_Backend\\node_modules\\express\\lib\\router\\index.js","function":"trim_prefix","line":328,"method":null,"native":false},{"column":9,"file":"D:\\Chat-bot\\Chat-App\\ChatApp_Backend\\node_modules\\express\\lib\\router\\index.js","function":null,"line":286,"method":null,"native":false},{"column":12,"file":"D:\\Chat-bot\\Chat-App\\ChatApp_Backend\\node_modules\\express\\lib\\router\\index.js","function":"Function.process_params","line":346,"method":"process_params","native":false},{"column":10,"file":"D:\\Chat-bot\\Chat-App\\ChatApp_Backend\\node_modules\\express\\lib\\router\\index.js","function":"next","line":280,"method":null,"native":false},{"column":3,"file":"D:\\Chat-bot\\Chat-App\\ChatApp_Backend\\node_modules\\express\\lib\\router\\index.js","function":"Function.handle","line":175,"method":"handle","native":false},{"column":12,"file":"D:\\Chat-bot\\Chat-App\\ChatApp_Backend\\node_modules\\express\\lib\\router\\index.js","function":"router","line":47,"method":null,"native":false},{"column":5,"file":"D:\\Chat-bot\\Chat-App\\ChatApp_Backend\\node_modules\\express\\lib\\router\\layer.js","function":"Layer.handle [as handle_request]","line":95,"method":"handle [as handle_request]","native":false},{"column":13,"file":"D:\\Chat-bot\\Chat-App\\ChatApp_Backend\\node_modules\\express\\lib\\router\\index.js","function":"trim_prefix","line":328,"method":null,"native":false},{"column":9,"file":"D:\\Chat-bot\\Chat-App\\ChatApp_Backend\\node_modules\\express\\lib\\router\\index.js","function":null,"line":286,"method":null,"native":false},{"column":12,"file":"D:\\Chat-bot\\Chat-App\\ChatApp_Backend\\node_modules\\express\\lib\\router\\index.js","function":"Function.process_params","line":346,"method":"process_params","native":false},{"column":10,"file":"D:\\Chat-bot\\Chat-App\\ChatApp_Backend\\node_modules\\express\\lib\\router\\index.js","function":"next","line":280,"method":null,"native":false},{"column":5,"file":"D:\\Chat-bot\\Chat-App\\ChatApp_Backend\\node_modules\\morgan\\index.js","function":"logger","line":144,"method":null,"native":false},{"column":5,"file":"D:\\Chat-bot\\Chat-App\\ChatApp_Backend\\node_modules\\express\\lib\\router\\layer.js","function":"Layer.handle [as handle_request]","line":95,"method":"handle [as handle_request]","native":false},{"column":13,"file":"D:\\Chat-bot\\Chat-App\\ChatApp_Backend\\node_modules\\express\\lib\\router\\index.js","function":"trim_prefix","line":328,"method":null,"native":false},{"column":9,"file":"D:\\Chat-bot\\Chat-App\\ChatApp_Backend\\node_modules\\express\\lib\\router\\index.js","function":null,"line":286,"method":null,"native":false},{"column":12,"file":"D:\\Chat-bot\\Chat-App\\ChatApp_Backend\\node_modules\\express\\lib\\router\\index.js","function":"Function.process_params","line":346,"method":"process_params","native":false},{"column":10,"file":"D:\\Chat-bot\\Chat-App\\ChatApp_Backend\\node_modules\\express\\lib\\router\\index.js","function":"next","line":280,"method":null,"native":false},{"column":5,"file":"D:\\Chat-bot\\Chat-App\\ChatApp_Backend\\node_modules\\body-parser\\lib\\read.js","function":null,"line":137,"method":null,"native":false},{"column":9,"file":"node:async_hooks","function":"AsyncResource.runInAsyncScope","line":204,"method":"runInAsyncScope","native":false},{"column":16,"file":"D:\\Chat-bot\\Chat-App\\ChatApp_Backend\\node_modules\\raw-body\\index.js","function":"invokeCallback","line":231,"method":null,"native":false},{"column":7,"file":"D:\\Chat-bot\\Chat-App\\ChatApp_Backend\\node_modules\\raw-body\\index.js","function":"done","line":220,"method":null,"native":false},{"column":7,"file":"D:\\Chat-bot\\Chat-App\\ChatApp_Backend\\node_modules\\raw-body\\index.js","function":"IncomingMessage.onEnd","line":280,"method":"onEnd","native":false},{"column":28,"file":"node:events","function":"IncomingMessage.emit","line":513,"method":"emit","native":false},{"column":12,"file":"node:domain","function":"IncomingMessage.emit","line":489,"method":"emit","native":false},{"column":12,"file":"node:internal/streams/readable","function":"endReadableNT","line":1359,"method":null,"native":false},{"column":21,"file":"node:internal/process/task_queues","function":"processTicksAndRejections","line":82,"method":null,"native":false}]}
info: ::1 - - [20/Apr/2023:06:42:28 +0000] "GET /api/v1/users?search=k HTTP/1.1" 201 409 "-" "PostmanRuntime/7.32.2"

info: ::1 - - [20/Apr/2023:06:42:48 +0000] "GET /api/v1/users?search=z HTTP/1.1" 201 759 "-" "PostmanRuntime/7.32.2"

info: ::1 - - [20/Apr/2023:06:46:43 +0000] "GET /api/v1/users?search=z HTTP/1.1" 201 759 "-" "PostmanRuntime/7.32.2"

info: ::1 - - [20/Apr/2023:06:52:40 +0000] "GET /api/v1/users?search=z HTTP/1.1" 201 759 "-" "PostmanRuntime/7.32.2"

info: ::1 - - [20/Apr/2023:06:53:04 +0000] "GET /api/v1/users?search=z HTTP/1.1" 201 759 "-" "PostmanRuntime/7.32.2"

info: ::1 - - [20/Apr/2023:06:54:00 +0000] "GET /api/v1/users?search=z HTTP/1.1" 500 58 "-" "PostmanRuntime/7.32.2"

info: ::1 - - [20/Apr/2023:06:54:26 +0000] "GET /api/v1/users?search=z HTTP/1.1" 201 759 "-" "PostmanRuntime/7.32.2"

info: ::1 - - [20/Apr/2023:06:54:58 +0000] "GET /api/v1/users?search=z HTTP/1.1" 201 759 "-" "PostmanRuntime/7.32.2"

info: ::1 - - [20/Apr/2023:06:55:24 +0000] "GET /api/v1/users?search=zak HTTP/1.1" 201 409 "-" "PostmanRuntime/7.32.2"

info: ::1 - - [20/Apr/2023:07:12:06 +0000] "GET /api/v1/users?search=zak HTTP/1.1" 500 88 "-" "PostmanRuntime/7.32.2"

info: ::1 - - [20/Apr/2023:07:45:49 +0000] "POST /api/v1/users/login HTTP/1.1" 500 55 "http://localhost:3000/" "Mozilla/5.0 (Windows NT 10.0; Win64; x64) AppleWebKit/537.36 (KHTML, like Gecko) Chrome/112.0.0.0 Safari/537.36"

info: ::1 - - [20/Apr/2023:07:46:04 +0000] "POST /api/v1/users/login HTTP/1.1" 500 55 "http://localhost:3000/" "Mozilla/5.0 (Windows NT 10.0; Win64; x64) AppleWebKit/537.36 (KHTML, like Gecko) Chrome/112.0.0.0 Safari/537.36"

info: ::1 - - [20/Apr/2023:07:46:20 +0000] "POST /api/v1/users/login HTTP/1.1" 500 58 "http://localhost:3000/" "Mozilla/5.0 (Windows NT 10.0; Win64; x64) AppleWebKit/537.36 (KHTML, like Gecko) Chrome/112.0.0.0 Safari/537.36"

info: ::1 - - [20/Apr/2023:07:46:30 +0000] "POST /api/v1/users/login HTTP/1.1" 500 58 "http://localhost:3000/" "Mozilla/5.0 (Windows NT 10.0; Win64; x64) AppleWebKit/537.36 (KHTML, like Gecko) Chrome/112.0.0.0 Safari/537.36"

info: ::1 - - [20/Apr/2023:07:46:36 +0000] "POST /api/v1/users/login HTTP/1.1" 500 58 "http://localhost:3000/" "Mozilla/5.0 (Windows NT 10.0; Win64; x64) AppleWebKit/537.36 (KHTML, like Gecko) Chrome/112.0.0.0 Safari/537.36"

info: ::1 - - [20/Apr/2023:07:47:02 +0000] "POST /api/v1/users/ HTTP/1.1" 500 89 "http://localhost:3000/" "Mozilla/5.0 (Windows NT 10.0; Win64; x64) AppleWebKit/537.36 (KHTML, like Gecko) Chrome/112.0.0.0 Safari/537.36"

info: ::1 - - [20/Apr/2023:07:47:09 +0000] "POST /api/v1/users/ HTTP/1.1" 201 407 "http://localhost:3000/" "Mozilla/5.0 (Windows NT 10.0; Win64; x64) AppleWebKit/537.36 (KHTML, like Gecko) Chrome/112.0.0.0 Safari/537.36"

info: ::1 - - [20/Apr/2023:07:47:30 +0000] "POST /api/v1/users/login HTTP/1.1" 200 241 "http://localhost:3000/" "Mozilla/5.0 (Windows NT 10.0; Win64; x64) AppleWebKit/537.36 (KHTML, like Gecko) Chrome/112.0.0.0 Safari/537.36"

info: ::1 - - [20/Apr/2023:07:50:58 +0000] "GET /api/v1/users?search=zak HTTP/1.1" 500 88 "-" "PostmanRuntime/7.32.2"

info: ::1 - - [20/Apr/2023:07:54:42 +0000] "GET /api/v1/users?search=zak HTTP/1.1" 500 85 "-" "PostmanRuntime/7.32.2"

info: ::1 - - [20/Apr/2023:07:54:43 +0000] "GET /api/v1/users?search=zak HTTP/1.1" 500 85 "-" "PostmanRuntime/7.32.2"

info: ::1 - - [20/Apr/2023:07:55:34 +0000] "GET /api/v1/users?search=zak HTTP/1.1" 500 85 "-" "PostmanRuntime/7.32.2"

info: ::1 - - [20/Apr/2023:07:55:35 +0000] "GET /api/v1/users?search=zak HTTP/1.1" 500 85 "-" "PostmanRuntime/7.32.2"

info: ::1 - - [20/Apr/2023:07:56:02 +0000] "GET /api/v1/users?search=zak HTTP/1.1" 500 85 "-" "PostmanRuntime/7.32.2"

info: ::1 - - [20/Apr/2023:08:00:39 +0000] "GET /api/v1/users?search=zak HTTP/1.1" 500 85 "-" "PostmanRuntime/7.32.2"

info: ::1 - - [20/Apr/2023:08:01:26 +0000] "GET /api/v1/users?search=zak HTTP/1.1" 500 85 "-" "PostmanRuntime/7.32.2"

info: ::1 - - [20/Apr/2023:08:01:27 +0000] "GET /api/v1/users?search=zak HTTP/1.1" 500 85 "-" "PostmanRuntime/7.32.2"

info: ::1 - - [20/Apr/2023:08:01:45 +0000] "GET /api/v1/users?search=zak HTTP/1.1" 500 85 "-" "PostmanRuntime/7.32.2"

info: ::1 - - [20/Apr/2023:08:05:57 +0000] "GET /api/v1/users?search=zak HTTP/1.1" 500 85 "-" "PostmanRuntime/7.32.2"

info: ::1 - - [20/Apr/2023:08:05:58 +0000] "GET /api/v1/users?search=zak HTTP/1.1" 500 85 "-" "PostmanRuntime/7.32.2"

info: ::1 - - [20/Apr/2023:08:06:30 +0000] "GET /api/v1/users?search=zak HTTP/1.1" 500 85 "-" "PostmanRuntime/7.32.2"

info: ::1 - - [20/Apr/2023:08:06:31 +0000] "GET /api/v1/users?search=zak HTTP/1.1" 500 85 "-" "PostmanRuntime/7.32.2"

info: ::1 - - [20/Apr/2023:08:42:14 +0000] "GET /api/v1/users?search=zak HTTP/1.1" 500 85 "-" "PostmanRuntime/7.32.2"

info: ::1 - - [20/Apr/2023:08:42:15 +0000] "GET /api/v1/users?search=zak HTTP/1.1" 500 85 "-" "PostmanRuntime/7.32.2"

info: ::1 - - [20/Apr/2023:08:44:10 +0000] "GET /api/v1/users?search=zak HTTP/1.1" 500 85 "-" "PostmanRuntime/7.32.2"

info: ::1 - - [20/Apr/2023:08:46:55 +0000] "GET /api/v1/users?search=zak HTTP/1.1" 500 85 "-" "PostmanRuntime/7.32.2"

info: ::1 - - [20/Apr/2023:08:47:09 +0000] "GET /api/v1/users?search=zak HTTP/1.1" 201 409 "-" "PostmanRuntime/7.32.2"

info: ::1 - - [20/Apr/2023:08:47:19 +0000] "GET /api/v1/users?search=moha HTTP/1.1" 201 407 "-" "PostmanRuntime/7.32.2"

info: ::1 - - [20/Apr/2023:08:50:00 +0000] "GET /api/v1/users?search=moha HTTP/1.1" 201 407 "-" "PostmanRuntime/7.32.2"

info: ::1 - - [20/Apr/2023:08:50:27 +0000] "GET /api/v1/users?search=moha HTTP/1.1" 500 85 "-" "PostmanRuntime/7.32.2"

info: ::1 - - [20/Apr/2023:08:51:20 +0000] "GET /api/v1/users?search=moha HTTP/1.1" 500 85 "-" "PostmanRuntime/7.32.2"

info: ::1 - - [20/Apr/2023:08:51:22 +0000] "GET /api/v1/users?search=moha HTTP/1.1" 500 85 "-" "PostmanRuntime/7.32.2"

