info: ::1 - - [23/Apr/2023:10:39:42 +0000] "POST /api/v1/users/login HTTP/1.1" 200 206 "http://localhost:3000/" "Mozilla/5.0 (Windows NT 10.0; Win64; x64) AppleWebKit/537.36 (KHTML, like Gecko) Chrome/112.0.0.0 Safari/537.36"

info: ::1 - - [23/Apr/2023:10:43:23 +0000] "GET /api/v1//chat HTTP/1.1" 500 63 "http://localhost:3000/" "Mozilla/5.0 (Linux; Android) AppleWebKit/537.36 (KHTML, like Gecko) Chrome/88.0.4324.109 Safari/537.36 CrKey/1.54.248666"

info: ::1 - - [23/Apr/2023:10:43:29 +0000] "GET /api/v1//chat HTTP/1.1" 500 63 "http://localhost:3000/" "Mozilla/5.0 (Linux; Android) AppleWebKit/537.36 (KHTML, like Gecko) Chrome/88.0.4324.109 Safari/537.36 CrKey/1.54.248666"

info: ::1 - - [23/Apr/2023:10:43:29 +0000] "GET /api/v1//chat HTTP/1.1" 500 63 "http://localhost:3000/" "Mozilla/5.0 (Linux; Android) AppleWebKit/537.36 (KHTML, like Gecko) Chrome/88.0.4324.109 Safari/537.36 CrKey/1.54.248666"

info: ::1 - - [23/Apr/2023:10:43:38 +0000] "GET /api/v1//chat HTTP/1.1" 500 63 "http://localhost:3000/" "Mozilla/5.0 (Linux; Android) AppleWebKit/537.36 (KHTML, like Gecko) Chrome/88.0.4324.109 Safari/537.36 CrKey/1.54.248666"

info: ::1 - - [23/Apr/2023:10:43:38 +0000] "GET /api/v1//chat HTTP/1.1" 500 63 "http://localhost:3000/" "Mozilla/5.0 (Linux; Android) AppleWebKit/537.36 (KHTML, like Gecko) Chrome/88.0.4324.109 Safari/537.36 CrKey/1.54.248666"

info: ::1 - - [23/Apr/2023:10:44:25 +0000] "POST /api/v1/users/login HTTP/1.1" 200 206 "http://localhost:3000/" "Mozilla/5.0 (Linux; Android) AppleWebKit/537.36 (KHTML, like Gecko) Chrome/88.0.4324.109 Safari/537.36 CrKey/1.54.248666"

info: ::1 - - [23/Apr/2023:10:45:24 +0000] "POST /api/v1/users/login HTTP/1.1" 200 206 "http://localhost:3000/" "Mozilla/5.0 (Linux; Android) AppleWebKit/537.36 (KHTML, like Gecko) Chrome/88.0.4324.109 Safari/537.36 CrKey/1.54.248666"

info: ::1 - - [23/Apr/2023:10:45:26 +0000] "POST /api/v1/users/login HTTP/1.1" 200 206 "http://localhost:3000/" "Mozilla/5.0 (Linux; Android) AppleWebKit/537.36 (KHTML, like Gecko) Chrome/88.0.4324.109 Safari/537.36 CrKey/1.54.248666"

info: ::1 - - [23/Apr/2023:10:46:50 +0000] "GET /api/v1//chat HTTP/1.1" 500 63 "http://localhost:3000/" "Mozilla/5.0 (Linux; Android) AppleWebKit/537.36 (KHTML, like Gecko) Chrome/88.0.4324.109 Safari/537.36 CrKey/1.54.248666"

info: ::1 - - [23/Apr/2023:10:46:50 +0000] "GET /api/v1//chat HTTP/1.1" 500 63 "http://localhost:3000/" "Mozilla/5.0 (Linux; Android) AppleWebKit/537.36 (KHTML, like Gecko) Chrome/88.0.4324.109 Safari/537.36 CrKey/1.54.248666"

info: ::1 - - [23/Apr/2023:10:55:44 +0000] "GET /api/v1//chat/ HTTP/1.1" 500 63 "http://localhost:3000/" "Mozilla/5.0 (Linux; Android) AppleWebKit/537.36 (KHTML, like Gecko) Chrome/88.0.4324.109 Safari/537.36 CrKey/1.54.248666"

info: ::1 - - [23/Apr/2023:10:55:44 +0000] "GET /api/v1//chat/ HTTP/1.1" 500 63 "http://localhost:3000/" "Mozilla/5.0 (Linux; Android) AppleWebKit/537.36 (KHTML, like Gecko) Chrome/88.0.4324.109 Safari/537.36 CrKey/1.54.248666"

info: ::1 - - [23/Apr/2023:10:56:08 +0000] "GET /api/v1/chat/ HTTP/1.1" 500 63 "http://localhost:3000/" "Mozilla/5.0 (Linux; Android) AppleWebKit/537.36 (KHTML, like Gecko) Chrome/88.0.4324.109 Safari/537.36 CrKey/1.54.248666"

info: ::1 - - [23/Apr/2023:10:56:14 +0000] "GET /api/v1/chat/ HTTP/1.1" 500 63 "http://localhost:3000/" "Mozilla/5.0 (Linux; Android) AppleWebKit/537.36 (KHTML, like Gecko) Chrome/88.0.4324.109 Safari/537.36 CrKey/1.54.248666"

info: ::1 - - [23/Apr/2023:10:56:14 +0000] "GET /api/v1/chat/ HTTP/1.1" 500 63 "http://localhost:3000/" "Mozilla/5.0 (Linux; Android) AppleWebKit/537.36 (KHTML, like Gecko) Chrome/88.0.4324.109 Safari/537.36 CrKey/1.54.248666"

info: ::1 - - [23/Apr/2023:11:25:21 +0000] "GET /api/v1/chat/ HTTP/1.1" 500 63 "http://localhost:3000/" "Mozilla/5.0 (Linux; Android) AppleWebKit/537.36 (KHTML, like Gecko) Chrome/88.0.4324.109 Safari/537.36 CrKey/1.54.248666"

info: ::1 - - [23/Apr/2023:11:25:21 +0000] "GET /api/v1/chat/ HTTP/1.1" 500 63 "http://localhost:3000/" "Mozilla/5.0 (Linux; Android) AppleWebKit/537.36 (KHTML, like Gecko) Chrome/88.0.4324.109 Safari/537.36 CrKey/1.54.248666"

info: ::1 - - [23/Apr/2023:11:25:23 +0000] "GET /api/v1/chat/ HTTP/1.1" 500 63 "http://localhost:3000/" "Mozilla/5.0 (Linux; Android) AppleWebKit/537.36 (KHTML, like Gecko) Chrome/88.0.4324.109 Safari/537.36 CrKey/1.54.248666"

info: ::1 - - [23/Apr/2023:11:25:23 +0000] "GET /api/v1/chat/ HTTP/1.1" 500 63 "http://localhost:3000/" "Mozilla/5.0 (Linux; Android) AppleWebKit/537.36 (KHTML, like Gecko) Chrome/88.0.4324.109 Safari/537.36 CrKey/1.54.248666"

info: ::1 - - [23/Apr/2023:11:25:59 +0000] "POST /api/v1/users/login HTTP/1.1" 200 206 "http://localhost:3000/" "Mozilla/5.0 (Linux; Android) AppleWebKit/537.36 (KHTML, like Gecko) Chrome/88.0.4324.109 Safari/537.36 CrKey/1.54.248666"

info: ::1 - - [23/Apr/2023:11:41:43 +0000] "POST /api/v1/users/login HTTP/1.1" 200 206 "http://localhost:3000/" "Mozilla/5.0 (Linux; Android) AppleWebKit/537.36 (KHTML, like Gecko) Chrome/88.0.4324.109 Safari/537.36 CrKey/1.54.248666"

info: ::1 - - [23/Apr/2023:11:41:53 +0000] "GET /api/v1/chat/ HTTP/1.1" 500 48 "http://localhost:3000/" "Mozilla/5.0 (Linux; Android) AppleWebKit/537.36 (KHTML, like Gecko) Chrome/88.0.4324.109 Safari/537.36 CrKey/1.54.248666"

info: ::1 - - [23/Apr/2023:11:41:53 +0000] "GET /api/v1/chat/ HTTP/1.1" 500 48 "http://localhost:3000/" "Mozilla/5.0 (Linux; Android) AppleWebKit/537.36 (KHTML, like Gecko) Chrome/88.0.4324.109 Safari/537.36 CrKey/1.54.248666"

info: ::1 - - [23/Apr/2023:11:59:41 +0000] "POST /api/v1/users/login HTTP/1.1" 200 206 "http://localhost:3000/" "Mozilla/5.0 (Windows NT 10.0; Win64; x64) AppleWebKit/537.36 (KHTML, like Gecko) Chrome/112.0.0.0 Safari/537.36"

info: ::1 - - [23/Apr/2023:12:02:07 +0000] "POST /api/v1/users/login HTTP/1.1" 200 206 "http://localhost:3000/" "Mozilla/5.0 (Linux; Android) AppleWebKit/537.36 (KHTML, like Gecko) Chrome/88.0.4324.109 Safari/537.36 CrKey/1.54.248666"

info: ::1 - - [23/Apr/2023:12:03:45 +0000] "POST /api/v1/users/login HTTP/1.1" 200 206 "http://localhost:3000/" "Mozilla/5.0 (Linux; Android) AppleWebKit/537.36 (KHTML, like Gecko) Chrome/88.0.4324.109 Safari/537.36 CrKey/1.54.248666"

info: ::1 - - [23/Apr/2023:12:19:29 +0000] "POST /api/v1/users/login HTTP/1.1" 200 206 "http://localhost:3000/" "Mozilla/5.0 (Linux; Android) AppleWebKit/537.36 (KHTML, like Gecko) Chrome/88.0.4324.109 Safari/537.36 CrKey/1.54.248666"

info: ::1 - - [23/Apr/2023:12:23:18 +0000] "POST /api/v1/users/login HTTP/1.1" 500 55 "http://localhost:3000/" "Mozilla/5.0 (Linux; Android) AppleWebKit/537.36 (KHTML, like Gecko) Chrome/88.0.4324.109 Safari/537.36 CrKey/1.54.248666"

info: ::1 - - [23/Apr/2023:12:24:04 +0000] "POST /api/v1/users/login HTTP/1.1" 200 206 "http://localhost:3000/" "Mozilla/5.0 (Linux; Android) AppleWebKit/537.36 (KHTML, like Gecko) Chrome/88.0.4324.109 Safari/537.36 CrKey/1.54.248666"

info: ::1 - - [23/Apr/2023:12:24:34 +0000] "POST /api/v1/users/login HTTP/1.1" 200 206 "http://localhost:3000/" "Mozilla/5.0 (Linux; Android) AppleWebKit/537.36 (KHTML, like Gecko) Chrome/88.0.4324.109 Safari/537.36 CrKey/1.54.248666"

info: ::1 - - [23/Apr/2023:12:24:36 +0000] "POST /api/v1/users/login HTTP/1.1" 200 206 "http://localhost:3000/" "Mozilla/5.0 (Linux; Android) AppleWebKit/537.36 (KHTML, like Gecko) Chrome/88.0.4324.109 Safari/537.36 CrKey/1.54.248666"

info: ::1 - - [23/Apr/2023:12:25:13 +0000] "POST /api/v1/users/login HTTP/1.1" 200 206 "http://localhost:3000/" "Mozilla/5.0 (Linux; Android) AppleWebKit/537.36 (KHTML, like Gecko) Chrome/88.0.4324.109 Safari/537.36 CrKey/1.54.248666"

info: ::1 - - [23/Apr/2023:12:25:38 +0000] "POST /api/v1/users/login HTTP/1.1" 200 206 "http://localhost:3000/" "Mozilla/5.0 (Linux; Android) AppleWebKit/537.36 (KHTML, like Gecko) Chrome/88.0.4324.109 Safari/537.36 CrKey/1.54.248666"

info: ::1 - - [23/Apr/2023:12:26:03 +0000] "POST /api/v1/users/login HTTP/1.1" 200 206 "http://localhost:3000/" "Mozilla/5.0 (Linux; Android) AppleWebKit/537.36 (KHTML, like Gecko) Chrome/88.0.4324.109 Safari/537.36 CrKey/1.54.248666"

info: ::1 - - [23/Apr/2023:12:26:54 +0000] "GET /api/v1/chat/ HTTP/1.1" 201 60 "http://localhost:3000/" "Mozilla/5.0 (Linux; Android) AppleWebKit/537.36 (KHTML, like Gecko) Chrome/88.0.4324.109 Safari/537.36 CrKey/1.54.248666"

info: ::1 - - [23/Apr/2023:12:26:54 +0000] "GET /api/v1/chat/ HTTP/1.1" 201 60 "http://localhost:3000/" "Mozilla/5.0 (Linux; Android) AppleWebKit/537.36 (KHTML, like Gecko) Chrome/88.0.4324.109 Safari/537.36 CrKey/1.54.248666"

info: ::1 - - [23/Apr/2023:12:27:07 +0000] "GET /api/v1/chat/ HTTP/1.1" 201 60 "http://localhost:3000/" "Mozilla/5.0 (Linux; Android) AppleWebKit/537.36 (KHTML, like Gecko) Chrome/88.0.4324.109 Safari/537.36 CrKey/1.54.248666"

info: ::1 - - [23/Apr/2023:12:27:07 +0000] "GET /api/v1/chat/ HTTP/1.1" 201 60 "http://localhost:3000/" "Mozilla/5.0 (Linux; Android) AppleWebKit/537.36 (KHTML, like Gecko) Chrome/88.0.4324.109 Safari/537.36 CrKey/1.54.248666"

info: ::1 - - [23/Apr/2023:12:30:04 +0000] "GET /api/v1/chat/ HTTP/1.1" 201 60 "http://localhost:3000/" "Mozilla/5.0 (Linux; Android) AppleWebKit/537.36 (KHTML, like Gecko) Chrome/88.0.4324.109 Safari/537.36 CrKey/1.54.248666"

info: ::1 - - [23/Apr/2023:12:30:09 +0000] "GET /api/v1/chat/ HTTP/1.1" 201 60 "http://localhost:3000/" "Mozilla/5.0 (Linux; Android) AppleWebKit/537.36 (KHTML, like Gecko) Chrome/88.0.4324.109 Safari/537.36 CrKey/1.54.248666"

info: ::1 - - [23/Apr/2023:12:30:09 +0000] "GET /api/v1/chat/ HTTP/1.1" 201 60 "http://localhost:3000/" "Mozilla/5.0 (Linux; Android) AppleWebKit/537.36 (KHTML, like Gecko) Chrome/88.0.4324.109 Safari/537.36 CrKey/1.54.248666"

info: ::1 - - [23/Apr/2023:12:30:51 +0000] "GET /api/v1/chat/ HTTP/1.1" 201 60 "http://localhost:3000/" "Mozilla/5.0 (Linux; Android) AppleWebKit/537.36 (KHTML, like Gecko) Chrome/88.0.4324.109 Safari/537.36 CrKey/1.54.248666"

info: ::1 - - [23/Apr/2023:12:30:51 +0000] "GET /api/v1/chat/ HTTP/1.1" 201 60 "http://localhost:3000/" "Mozilla/5.0 (Linux; Android) AppleWebKit/537.36 (KHTML, like Gecko) Chrome/88.0.4324.109 Safari/537.36 CrKey/1.54.248666"

info: ::1 - - [23/Apr/2023:12:35:38 +0000] "GET /api/v1/chat/ HTTP/1.1" 201 60 "http://localhost:3000/" "Mozilla/5.0 (Linux; Android) AppleWebKit/537.36 (KHTML, like Gecko) Chrome/88.0.4324.109 Safari/537.36 CrKey/1.54.248666"

info: ::1 - - [23/Apr/2023:12:35:38 +0000] "GET /api/v1/chat/ HTTP/1.1" 201 60 "http://localhost:3000/" "Mozilla/5.0 (Linux; Android) AppleWebKit/537.36 (KHTML, like Gecko) Chrome/88.0.4324.109 Safari/537.36 CrKey/1.54.248666"

info: ::1 - - [23/Apr/2023:12:35:43 +0000] "GET /api/v1/chat/ HTTP/1.1" 201 60 "http://localhost:3000/" "Mozilla/5.0 (Linux; Android) AppleWebKit/537.36 (KHTML, like Gecko) Chrome/88.0.4324.109 Safari/537.36 CrKey/1.54.248666"

info: ::1 - - [23/Apr/2023:12:35:43 +0000] "GET /api/v1/chat/ HTTP/1.1" 201 60 "http://localhost:3000/" "Mozilla/5.0 (Linux; Android) AppleWebKit/537.36 (KHTML, like Gecko) Chrome/88.0.4324.109 Safari/537.36 CrKey/1.54.248666"

info: ::1 - - [23/Apr/2023:12:36:53 +0000] "GET /api/v1/chat HTTP/1.1" 201 60 "-" "PostmanRuntime/7.32.2"

info: ::1 - - [23/Apr/2023:12:37:03 +0000] "GET /api/v1/chat HTTP/1.1" 201 60 "-" "PostmanRuntime/7.32.2"

info: ::1 - - [23/Apr/2023:12:37:37 +0000] "GET /api/v1/chat HTTP/1.1" 201 60 "-" "PostmanRuntime/7.32.2"

info: ::1 - - [23/Apr/2023:12:41:25 +0000] "GET /api/v1/chat HTTP/1.1" 201 60 "-" "PostmanRuntime/7.32.2"

info: ::1 - - [23/Apr/2023:12:41:59 +0000] "GET /api/v1/chat HTTP/1.1" 201 10447 "-" "PostmanRuntime/7.32.2"

info: ::1 - - [23/Apr/2023:12:42:17 +0000] "GET /api/v1/chat/ HTTP/1.1" 201 10447 "http://localhost:3000/" "Mozilla/5.0 (Linux; Android) AppleWebKit/537.36 (KHTML, like Gecko) Chrome/88.0.4324.109 Safari/537.36 CrKey/1.54.248666"

info: ::1 - - [23/Apr/2023:12:42:17 +0000] "GET /api/v1/chat/ HTTP/1.1" 201 10447 "http://localhost:3000/" "Mozilla/5.0 (Linux; Android) AppleWebKit/537.36 (KHTML, like Gecko) Chrome/88.0.4324.109 Safari/537.36 CrKey/1.54.248666"

info: ::1 - - [23/Apr/2023:12:45:53 +0000] "GET /api/v1/message HTTP/1.1" 404 47 "-" "PostmanRuntime/7.32.2"

info: ::1 - - [23/Apr/2023:12:45:58 +0000] "POST /api/v1/message HTTP/1.1" 201 779 "-" "PostmanRuntime/7.32.2"

info: ::1 - - [23/Apr/2023:12:46:15 +0000] "POST /api/v1/message/6443888c6157267240a0b026 HTTP/1.1" 404 47 "-" "PostmanRuntime/7.32.2"

info: ::1 - - [23/Apr/2023:12:46:23 +0000] "GET /api/v1/message/6443888c6157267240a0b026 HTTP/1.1" 201 22926 "-" "PostmanRuntime/7.32.2"

info: ::1 - - [23/Apr/2023:12:47:20 +0000] "POST /api/v1/chat HTTP/1.1" 201 508 "-" "PostmanRuntime/7.32.2"

info: ::1 - - [23/Apr/2023:12:47:49 +0000] "POST /api/v1/chat HTTP/1.1" 500 93 "-" "PostmanRuntime/7.32.2"

info: ::1 - - [23/Apr/2023:12:49:38 +0000] "POST /api/v1/chat HTTP/1.1" 500 69 "-" "PostmanRuntime/7.32.2"

info: ::1 - - [23/Apr/2023:12:49:46 +0000] "POST /api/v1/chat HTTP/1.1" 500 69 "-" "PostmanRuntime/7.32.2"

info: ::1 - - [23/Apr/2023:12:49:47 +0000] "POST /api/v1/chat HTTP/1.1" 500 69 "-" "PostmanRuntime/7.32.2"

info: ::1 - - [23/Apr/2023:12:50:36 +0000] "POST /api/v1/chat HTTP/1.1" 500 69 "-" "PostmanRuntime/7.32.2"

info: ::1 - - [23/Apr/2023:12:52:02 +0000] "POST /api/v1/chat HTTP/1.1" 201 508 "-" "PostmanRuntime/7.32.2"

info: ::1 - - [23/Apr/2023:12:52:21 +0000] "POST /api/v1/chat HTTP/1.1" 201 508 "-" "PostmanRuntime/7.32.2"

info: ::1 - - [23/Apr/2023:12:53:07 +0000] "POST /api/v1/chat HTTP/1.1" 201 787 "-" "PostmanRuntime/7.32.2"

info: ::1 - - [23/Apr/2023:12:53:28 +0000] "POST /api/v1/chat HTTP/1.1" 201 508 "-" "PostmanRuntime/7.32.2"

info: ::1 - - [23/Apr/2023:12:56:03 +0000] "POST /api/v1/chat HTTP/1.1" 500 54 "-" "PostmanRuntime/7.32.2"

info: ::1 - - [23/Apr/2023:12:56:06 +0000] "POST /api/v1/chat HTTP/1.1" 500 54 "-" "PostmanRuntime/7.32.2"

info: ::1 - - [23/Apr/2023:12:56:40 +0000] "POST /api/v1/chat HTTP/1.1" 201 787 "-" "PostmanRuntime/7.32.2"

info: ::1 - - [23/Apr/2023:12:56:52 +0000] "GET /api/v1/chat HTTP/1.1" 201 1676 "-" "PostmanRuntime/7.32.2"

info: ::1 - - [23/Apr/2023:12:57:18 +0000] "GET /api/v1/chat/ HTTP/1.1" 201 60 "http://localhost:3000/" "Mozilla/5.0 (Linux; Android) AppleWebKit/537.36 (KHTML, like Gecko) Chrome/88.0.4324.109 Safari/537.36 CrKey/1.54.248666"

info: ::1 - - [23/Apr/2023:12:57:18 +0000] "GET /api/v1/chat/ HTTP/1.1" 201 60 "http://localhost:3000/" "Mozilla/5.0 (Linux; Android) AppleWebKit/537.36 (KHTML, like Gecko) Chrome/88.0.4324.109 Safari/537.36 CrKey/1.54.248666"

info: ::1 - - [23/Apr/2023:13:00:52 +0000] "GET /api/v1/chat/ HTTP/1.1" 201 60 "http://localhost:3000/" "Mozilla/5.0 (Linux; Android) AppleWebKit/537.36 (KHTML, like Gecko) Chrome/88.0.4324.109 Safari/537.36 CrKey/1.54.248666"

info: ::1 - - [23/Apr/2023:13:00:52 +0000] "GET /api/v1/chat/ HTTP/1.1" 201 60 "http://localhost:3000/" "Mozilla/5.0 (Linux; Android) AppleWebKit/537.36 (KHTML, like Gecko) Chrome/88.0.4324.109 Safari/537.36 CrKey/1.54.248666"

info: ::1 - - [23/Apr/2023:13:01:46 +0000] "POST /api/v1/chat HTTP/1.1" 201 787 "-" "PostmanRuntime/7.32.2"

info: ::1 - - [23/Apr/2023:13:01:53 +0000] "GET /api/v1/chat HTTP/1.1" 201 1676 "-" "PostmanRuntime/7.32.2"

info: ::1 - - [23/Apr/2023:13:03:21 +0000] "GET /api/v1/chat HTTP/1.1" 201 1676 "-" "PostmanRuntime/7.32.2"

info: ::1 - - [23/Apr/2023:13:03:45 +0000] "GET /api/v1/chat/ HTTP/1.1" 201 60 "http://localhost:3000/" "Mozilla/5.0 (Linux; Android) AppleWebKit/537.36 (KHTML, like Gecko) Chrome/88.0.4324.109 Safari/537.36 CrKey/1.54.248666"

info: ::1 - - [23/Apr/2023:13:03:45 +0000] "GET /api/v1/chat/ HTTP/1.1" 201 60 "http://localhost:3000/" "Mozilla/5.0 (Linux; Android) AppleWebKit/537.36 (KHTML, like Gecko) Chrome/88.0.4324.109 Safari/537.36 CrKey/1.54.248666"

info: ::1 - - [23/Apr/2023:13:07:10 +0000] "GET /api/v1/chat HTTP/1.1" 201 10893 "-" "PostmanRuntime/7.32.2"

info: ::1 - - [23/Apr/2023:13:07:33 +0000] "GET /api/v1/chat/ HTTP/1.1" 201 10893 "http://localhost:3000/" "Mozilla/5.0 (Linux; Android) AppleWebKit/537.36 (KHTML, like Gecko) Chrome/88.0.4324.109 Safari/537.36 CrKey/1.54.248666"

info: ::1 - - [23/Apr/2023:13:07:33 +0000] "GET /api/v1/chat/ HTTP/1.1" 201 10893 "http://localhost:3000/" "Mozilla/5.0 (Linux; Android) AppleWebKit/537.36 (KHTML, like Gecko) Chrome/88.0.4324.109 Safari/537.36 CrKey/1.54.248666"

info: ::1 - - [23/Apr/2023:13:09:33 +0000] "POST /api/v1/chat HTTP/1.1" 201 508 "-" "PostmanRuntime/7.32.2"

info: ::1 - - [23/Apr/2023:13:17:45 +0000] "POST /api/v1/chat HTTP/1.1" 201 787 "-" "PostmanRuntime/7.32.2"

