info: ::1 - - [20/Apr/2023:05:31:20 +0000] "POST /api/v1/users HTTP/1.1" 500 55 "-" "PostmanRuntime/7.32.2"

info: ::1 - - [20/Apr/2023:05:31:30 +0000] "GET /api/v1/users HTTP/1.1" 200 2934 "-" "PostmanRuntime/7.32.2"

info: ::1 - - [20/Apr/2023:05:32:17 +0000] "GET /api/v1/users HTTP/1.1" 200 2934 "-" "PostmanRuntime/7.32.2"

info: ::1 - - [20/Apr/2023:05:32:22 +0000] "POST /api/v1/users HTTP/1.1" 201 405 "-" "PostmanRuntime/7.32.2"

info: ::1 - - [20/Apr/2023:05:32:40 +0000] "POST /api/v1/users HTTP/1.1" 201 406 "-" "PostmanRuntime/7.32.2"

info: ::1 - - [20/Apr/2023:05:42:15 +0000] "GET /api/v1/users?search=S HTTP/1.1" 500 53 "-" "PostmanRuntime/7.32.2"

info: ::1 - - [20/Apr/2023:05:42:54 +0000] "GET /api/v1/users?search=S HTTP/1.1" 500 53 "-" "PostmanRuntime/7.32.2"

info: ::1 - - [20/Apr/2023:05:42:56 +0000] "GET /api/v1/users?search=S HTTP/1.1" 500 53 "-" "PostmanRuntime/7.32.2"

info: ::1 - - [20/Apr/2023:05:43:01 +0000] "GET /api/v1/users?search=s HTTP/1.1" 500 53 "-" "PostmanRuntime/7.32.2"

info: ::1 - - [20/Apr/2023:05:43:56 +0000] "GET /api/v1/users?search=s HTTP/1.1" 500 89 "-" "PostmanRuntime/7.32.2"

info: ::1 - - [20/Apr/2023:05:47:31 +0000] "GET /api/v1/users?search=s HTTP/1.1" 500 89 "-" "PostmanRuntime/7.32.2"

info: ::1 - - [20/Apr/2023:05:48:04 +0000] "GET /api/v1/users?search=s HTTP/1.1" 500 89 "-" "PostmanRuntime/7.32.2"

info: ::1 - - [20/Apr/2023:05:48:10 +0000] "GET /api/v1/users?search=S HTTP/1.1" 500 89 "-" "PostmanRuntime/7.32.2"

info: ::1 - - [20/Apr/2023:05:49:29 +0000] "GET /api/v1/users?search=S HTTP/1.1" 500 54 "-" "PostmanRuntime/7.32.2"

info: ::1 - - [20/Apr/2023:05:49:52 +0000] "GET /api/v1/users?search=S HTTP/1.1" 500 54 "-" "PostmanRuntime/7.32.2"

info: ::1 - - [20/Apr/2023:05:54:05 +0000] "GET /api/v1/users?search=S HTTP/1.1" 500 86 "-" "PostmanRuntime/7.32.2"

info: ::1 - - [20/Apr/2023:05:57:24 +0000] "GET /api/v1/users?search=S HTTP/1.1" - - "-" "PostmanRuntime/7.32.2"

info: ::1 - - [20/Apr/2023:06:00:12 +0000] "GET /api/v1/users?search=s HTTP/1.1" 400 56 "-" "PostmanRuntime/7.32.2"

info: ::1 - - [20/Apr/2023:06:00:38 +0000] "POST /api/v1/login HTTP/1.1" 404 47 "-" "PostmanRuntime/7.32.2"

info: ::1 - - [20/Apr/2023:06:00:42 +0000] "POST /api/v1/login HTTP/1.1" 404 47 "-" "PostmanRuntime/7.32.2"

info: ::1 - - [20/Apr/2023:06:01:07 +0000] "POST /api/v1/login HTTP/1.1" 404 47 "-" "PostmanRuntime/7.32.2"

info: ::1 - - [20/Apr/2023:06:01:30 +0000] "POST /api/v1/users/login HTTP/1.1" 200 242 "-" "PostmanRuntime/7.32.2"

info: ::1 - - [20/Apr/2023:06:01:58 +0000] "GET /api/v1/users?search=s HTTP/1.1" 500 88 "-" "PostmanRuntime/7.32.2"

info: ::1 - - [20/Apr/2023:06:02:29 +0000] "GET /api/v1/users?search=s HTTP/1.1" 500 88 "-" "PostmanRuntime/7.32.2"

info: ::1 - - [20/Apr/2023:06:02:40 +0000] "GET /api/v1/users?search=s HTTP/1.1" 500 88 "-" "PostmanRuntime/7.32.2"

info: ::1 - - [20/Apr/2023:06:03:12 +0000] "GET /api/v1/users?search=s HTTP/1.1" 500 88 "-" "PostmanRuntime/7.32.2"

info: ::1 - - [20/Apr/2023:06:03:14 +0000] "GET /api/v1/users?search=s HTTP/1.1" 500 88 "-" "PostmanRuntime/7.32.2"

info: ::1 - - [20/Apr/2023:06:18:06 +0000] "GET /api/v1/users?search=s HTTP/1.1" 500 88 "-" "PostmanRuntime/7.32.2"

info: ::1 - - [20/Apr/2023:06:19:19 +0000] "GET /api/v1/users?search=s HTTP/1.1" 500 88 "-" "PostmanRuntime/7.32.2"

info: ::1 - - [20/Apr/2023:06:19:43 +0000] "GET /api/v1/users?search=s HTTP/1.1" 500 88 "-" "PostmanRuntime/7.32.2"

info: ::1 - - [20/Apr/2023:06:20:00 +0000] "GET /api/v1/users?search=s HTTP/1.1" 500 88 "-" "PostmanRuntime/7.32.2"

info: ::1 - - [20/Apr/2023:06:20:02 +0000] "GET /api/v1/users?search=s HTTP/1.1" 500 88 "-" "PostmanRuntime/7.32.2"

info: ::1 - - [20/Apr/2023:06:20:43 +0000] "GET /api/v1/users?search=s HTTP/1.1" 500 85 "-" "PostmanRuntime/7.32.2"

info: ::1 - - [20/Apr/2023:06:20:57 +0000] "GET /api/v1/users?search=s HTTP/1.1" 500 86 "-" "PostmanRuntime/7.32.2"

info: ::1 - - [20/Apr/2023:06:21:30 +0000] "GET /api/v1/users?search=s HTTP/1.1" 200 2511 "-" "PostmanRuntime/7.32.2"

info: ::1 - - [20/Apr/2023:06:22:57 +0000] "GET /api/v1/users?search=s HTTP/1.1" 200 2511 "-" "PostmanRuntime/7.32.2"

info: ::1 - - [20/Apr/2023:06:25:09 +0000] "POST /api/v1/users HTTP/1.1" 500 59 "-" "PostmanRuntime/7.32.2"

info: ::1 - - [20/Apr/2023:06:25:16 +0000] "POST /api/v1/users HTTP/1.1" 500 89 "-" "PostmanRuntime/7.32.2"

info: ::1 - - [20/Apr/2023:06:25:17 +0000] "POST /api/v1/users HTTP/1.1" 500 89 "-" "PostmanRuntime/7.32.2"

info: ::1 - - [20/Apr/2023:06:25:27 +0000] "POST /api/v1/users HTTP/1.1" 201 409 "-" "PostmanRuntime/7.32.2"

info: ::1 - - [20/Apr/2023:06:25:38 +0000] "GET /api/v1/users?search=s HTTP/1.1" 200 2511 "-" "PostmanRuntime/7.32.2"

info: ::1 - - [20/Apr/2023:06:27:23 +0000] "GET /api/v1/users?search=z HTTP/1.1" 200 703 "-" "PostmanRuntime/7.32.2"

info: ::1 - - [20/Apr/2023:06:28:52 +0000] "GET /api/v1/users?search=z HTTP/1.1" 200 703 "-" "PostmanRuntime/7.32.2"

info: ::1 - - [20/Apr/2023:06:32:13 +0000] "GET /api/v1/users?search=z HTTP/1.1" 200 703 "-" "PostmanRuntime/7.32.2"

info: ::1 - - [20/Apr/2023:06:32:51 +0000] "GET /api/v1/users?search=z HTTP/1.1" 201 703 "-" "PostmanRuntime/7.32.2"

info: ::1 - - [20/Apr/2023:06:33:23 +0000] "GET /api/v1/users?search=z HTTP/1.1" 201 761 "-" "PostmanRuntime/7.32.2"

info: ::1 - - [20/Apr/2023:06:34:31 +0000] "GET /api/v1/users?search=z HTTP/1.1" 201 759 "-" "PostmanRuntime/7.32.2"

info: ::1 - - [20/Apr/2023:06:34:38 +0000] "GET /api/v1/users?search=j HTTP/1.1" 201 2577 "-" "PostmanRuntime/7.32.2"

info: ::1 - - [20/Apr/2023:06:34:47 +0000] "GET /api/v1/users?search=k HTTP/1.1" 201 409 "-" "PostmanRuntime/7.32.2"

info: ::1 - - [20/Apr/2023:06:42:28 +0000] "GET /api/v1/users?search=k HTTP/1.1" 201 409 "-" "PostmanRuntime/7.32.2"

info: ::1 - - [20/Apr/2023:06:42:48 +0000] "GET /api/v1/users?search=z HTTP/1.1" 201 759 "-" "PostmanRuntime/7.32.2"

info: ::1 - - [20/Apr/2023:06:46:43 +0000] "GET /api/v1/users?search=z HTTP/1.1" 201 759 "-" "PostmanRuntime/7.32.2"

