info: Server started at http://localhost:3000/api/v1/ {"timestamp":"2023-04-19T06:24:43.178Z"}
info: Connected to the database. {"timestamp":"2023-04-19T06:24:43.201Z"}
info: Server started at http://localhost:3000/api/v1/ {"timestamp":"2023-04-19T06:25:45.286Z"}
info: Connected to the database. {"timestamp":"2023-04-19T06:25:45.303Z"}
error: 
    status - 500 
    message - ValidationError: "fullname" is required 
    url - /api/v1/users/ 
    method - POST 
    IP - ::1
   {"timestamp":"2023-04-19T06:31:07.148Z"}
error: 
    status - 500 
    message - ValidationError: "fullname" is required 
    url - /api/v1/users/ 
    method - POST 
    IP - ::1
   {"timestamp":"2023-04-19T06:31:17.518Z"}
error: 
    status - 500 
    message - ValidationError: "email" is required 
    url - /api/v1/users/ 
    method - POST 
    IP - ::1
   {"timestamp":"2023-04-19T06:31:24.010Z"}
