info: Server started at http://localhost:6060/api/v1/ {"timestamp":"2023-04-20T03:48:16.410Z"}
info: Connected to the database. {"timestamp":"2023-04-20T03:48:16.438Z"}
info: Server started at http://localhost:6060/api/v1/ {"timestamp":"2023-04-20T05:31:02.984Z"}
info: Connected to the database. {"timestamp":"2023-04-20T05:31:03.012Z"}
error: 
    status - 500 
    message - Error: User Already Exist..
    at _callee2$ (D:\Chat-bot\Chat-App\ChatApp_Backend\src\services\/user.service.js:22:11)
    at tryCatch (D:\Chat-bot\Chat-App\ChatApp_Backend\node_modules\@babel\runtime\helpers\regeneratorRuntime.js:44:17)
    at Generator.<anonymous> (D:\Chat-bot\Chat-App\ChatApp_Backend\node_modules\@babel\runtime\helpers\regeneratorRuntime.js:125:22)
    at Generator.next (D:\Chat-bot\Chat-App\ChatApp_Backend\node_modules\@babel\runtime\helpers\regeneratorRuntime.js:69:21)
    at asyncGeneratorStep (D:\Chat-bot\Chat-App\ChatApp_Backend\node_modules\@babel\runtime\helpers\asyncToGenerator.js:3:24)
    at _next (D:\Chat-bot\Chat-App\ChatApp_Backend\node_modules\@babel\runtime\helpers\asyncToGenerator.js:22:9)
    at processTicksAndRejections (node:internal/process/task_queues:95:5) 
    url - /api/v1/users 
    method - POST 
    IP - ::1
   {"timestamp":"2023-04-20T05:31:20.520Z"}
info: Server started at http://localhost:6060/api/v1/ {"timestamp":"2023-04-20T05:41:38.547Z"}
info: Connected to the database. {"timestamp":"2023-04-20T05:41:38.581Z"}
error: 
    status - 500 
    message - ReferenceError: req is not defined
    at _callee$ (D:\Chat-bot\Chat-App\ChatApp_Backend\src\services\/user.service.js:7:9)
    at tryCatch (D:\Chat-bot\Chat-App\ChatApp_Backend\node_modules\@babel\runtime\helpers\regeneratorRuntime.js:44:17)
    at Generator.<anonymous> (D:\Chat-bot\Chat-App\ChatApp_Backend\node_modules\@babel\runtime\helpers\regeneratorRuntime.js:125:22)
    at Generator.next (D:\Chat-bot\Chat-App\ChatApp_Backend\node_modules\@babel\runtime\helpers\regeneratorRuntime.js:69:21)
    at asyncGeneratorStep (D:\Chat-bot\Chat-App\ChatApp_Backend\node_modules\@babel\runtime\helpers\asyncToGenerator.js:3:24)
    at _next (D:\Chat-bot\Chat-App\ChatApp_Backend\node_modules\@babel\runtime\helpers\asyncToGenerator.js:22:9)
    at D:\Chat-bot\Chat-App\ChatApp_Backend\node_modules\@babel\runtime\helpers\asyncToGenerator.js:27:7
    at new Promise (<anonymous>)
    at Object.apply (D:\Chat-bot\Chat-App\ChatApp_Backend\node_modules\@babel\runtime\helpers\asyncToGenerator.js:19:12)
    at Object.getAllUsers (D:\Chat-bot\Chat-App\ChatApp_Backend\src\services\/user.service.js:6:25)
    at _callee$ (D:\Chat-bot\Chat-App\ChatApp_Backend\src\controllers\/user.controller.js:12:36)
    at tryCatch (D:\Chat-bot\Chat-App\ChatApp_Backend\node_modules\@babel\runtime\helpers\regeneratorRuntime.js:44:17)
    at Generator.<anonymous> (D:\Chat-bot\Chat-App\ChatApp_Backend\node_modules\@babel\runtime\helpers\regeneratorRuntime.js:125:22)
    at Generator.next (D:\Chat-bot\Chat-App\ChatApp_Backend\node_modules\@babel\runtime\helpers\regeneratorRuntime.js:69:21)
    at asyncGeneratorStep (D:\Chat-bot\Chat-App\ChatApp_Backend\node_modules\@babel\runtime\helpers\asyncToGenerator.js:3:24)
    at _next (D:\Chat-bot\Chat-App\ChatApp_Backend\node_modules\@babel\runtime\helpers\asyncToGenerator.js:22:9)
    at D:\Chat-bot\Chat-App\ChatApp_Backend\node_modules\@babel\runtime\helpers\asyncToGenerator.js:27:7
    at new Promise (<anonymous>)
    at apply (D:\Chat-bot\Chat-App\ChatApp_Backend\node_modules\@babel\runtime\helpers\asyncToGenerator.js:19:12)
    at getAllUsers (D:\Chat-bot\Chat-App\ChatApp_Backend\src\controllers\/user.controller.js:10:25)
    at Layer.handle [as handle_request] (D:\Chat-bot\Chat-App\ChatApp_Backend\node_modules\express\lib\router\layer.js:95:5)
    at next (D:\Chat-bot\Chat-App\ChatApp_Backend\node_modules\express\lib\router\route.js:144:13)
    at Route.dispatch (D:\Chat-bot\Chat-App\ChatApp_Backend\node_modules\express\lib\router\route.js:114:3)
    at Layer.handle [as handle_request] (D:\Chat-bot\Chat-App\ChatApp_Backend\node_modules\express\lib\router\layer.js:95:5)
    at D:\Chat-bot\Chat-App\ChatApp_Backend\node_modules\express\lib\router\index.js:284:15
    at Function.process_params (D:\Chat-bot\Chat-App\ChatApp_Backend\node_modules\express\lib\router\index.js:346:12)
    at next (D:\Chat-bot\Chat-App\ChatApp_Backend\node_modules\express\lib\router\index.js:280:10)
    at Function.handle (D:\Chat-bot\Chat-App\ChatApp_Backend\node_modules\express\lib\router\index.js:175:3)
    at router (D:\Chat-bot\Chat-App\ChatApp_Backend\node_modules\express\lib\router\index.js:47:12)
    at Layer.handle [as handle_request] (D:\Chat-bot\Chat-App\ChatApp_Backend\node_modules\express\lib\router\layer.js:95:5)
    at trim_prefix (D:\Chat-bot\Chat-App\ChatApp_Backend\node_modules\express\lib\router\index.js:328:13)
    at D:\Chat-bot\Chat-App\ChatApp_Backend\node_modules\express\lib\router\index.js:286:9
    at Function.process_params (D:\Chat-bot\Chat-App\ChatApp_Backend\node_modules\express\lib\router\index.js:346:12)
    at next (D:\Chat-bot\Chat-App\ChatApp_Backend\node_modules\express\lib\router\index.js:280:10)
    at Function.handle (D:\Chat-bot\Chat-App\ChatApp_Backend\node_modules\express\lib\router\index.js:175:3)
    at router (D:\Chat-bot\Chat-App\ChatApp_Backend\node_modules\express\lib\router\index.js:47:12)
    at Layer.handle [as handle_request] (D:\Chat-bot\Chat-App\ChatApp_Backend\node_modules\express\lib\router\layer.js:95:5)
    at trim_prefix (D:\Chat-bot\Chat-App\ChatApp_Backend\node_modules\express\lib\router\index.js:328:13)
    at D:\Chat-bot\Chat-App\ChatApp_Backend\node_modules\express\lib\router\index.js:286:9
    at Function.process_params (D:\Chat-bot\Chat-App\ChatApp_Backend\node_modules\express\lib\router\index.js:346:12)
    at next (D:\Chat-bot\Chat-App\ChatApp_Backend\node_modules\express\lib\router\index.js:280:10)
    at logger (D:\Chat-bot\Chat-App\ChatApp_Backend\node_modules\morgan\index.js:144:5)
    at Layer.handle [as handle_request] (D:\Chat-bot\Chat-App\ChatApp_Backend\node_modules\express\lib\router\layer.js:95:5)
    at trim_prefix (D:\Chat-bot\Chat-App\ChatApp_Backend\node_modules\express\lib\router\index.js:328:13)
    at D:\Chat-bot\Chat-App\ChatApp_Backend\node_modules\express\lib\router\index.js:286:9
    at Function.process_params (D:\Chat-bot\Chat-App\ChatApp_Backend\node_modules\express\lib\router\index.js:346:12)
    at next (D:\Chat-bot\Chat-App\ChatApp_Backend\node_modules\express\lib\router\index.js:280:10)
    at D:\Chat-bot\Chat-App\ChatApp_Backend\node_modules\body-parser\lib\read.js:137:5
    at AsyncResource.runInAsyncScope (node:async_hooks:204:9)
    at invokeCallback (D:\Chat-bot\Chat-App\ChatApp_Backend\node_modules\raw-body\index.js:231:16)
    at done (D:\Chat-bot\Chat-App\ChatApp_Backend\node_modules\raw-body\index.js:220:7)
    at IncomingMessage.onEnd (D:\Chat-bot\Chat-App\ChatApp_Backend\node_modules\raw-body\index.js:280:7)
    at IncomingMessage.emit (node:events:513:28)
    at IncomingMessage.emit (node:domain:489:12)
    at endReadableNT (node:internal/streams/readable:1359:12)
    at processTicksAndRejections (node:internal/process/task_queues:82:21) 
    url - /api/v1/users?search=S 
    method - GET 
    IP - ::1
   {"timestamp":"2023-04-20T05:42:15.749Z"}
info: Server started at http://localhost:6060/api/v1/ {"timestamp":"2023-04-20T05:42:51.603Z"}
info: Connected to the database. {"timestamp":"2023-04-20T05:42:51.626Z"}
error: 
    status - 500 
    message - ReferenceError: req is not defined
    at _callee$ (D:\Chat-bot\Chat-App\ChatApp_Backend\src\services\/user.service.js:7:9)
    at tryCatch (D:\Chat-bot\Chat-App\ChatApp_Backend\node_modules\@babel\runtime\helpers\regeneratorRuntime.js:44:17)
    at Generator.<anonymous> (D:\Chat-bot\Chat-App\ChatApp_Backend\node_modules\@babel\runtime\helpers\regeneratorRuntime.js:125:22)
    at Generator.next (D:\Chat-bot\Chat-App\ChatApp_Backend\node_modules\@babel\runtime\helpers\regeneratorRuntime.js:69:21)
    at asyncGeneratorStep (D:\Chat-bot\Chat-App\ChatApp_Backend\node_modules\@babel\runtime\helpers\asyncToGenerator.js:3:24)
    at _next (D:\Chat-bot\Chat-App\ChatApp_Backend\node_modules\@babel\runtime\helpers\asyncToGenerator.js:22:9)
    at D:\Chat-bot\Chat-App\ChatApp_Backend\node_modules\@babel\runtime\helpers\asyncToGenerator.js:27:7
    at new Promise (<anonymous>)
    at Object.apply (D:\Chat-bot\Chat-App\ChatApp_Backend\node_modules\@babel\runtime\helpers\asyncToGenerator.js:19:12)
    at Object.getAllUsers (D:\Chat-bot\Chat-App\ChatApp_Backend\src\services\/user.service.js:6:25)
    at _callee$ (D:\Chat-bot\Chat-App\ChatApp_Backend\src\controllers\/user.controller.js:12:36)
    at tryCatch (D:\Chat-bot\Chat-App\ChatApp_Backend\node_modules\@babel\runtime\helpers\regeneratorRuntime.js:44:17)
    at Generator.<anonymous> (D:\Chat-bot\Chat-App\ChatApp_Backend\node_modules\@babel\runtime\helpers\regeneratorRuntime.js:125:22)
    at Generator.next (D:\Chat-bot\Chat-App\ChatApp_Backend\node_modules\@babel\runtime\helpers\regeneratorRuntime.js:69:21)
    at asyncGeneratorStep (D:\Chat-bot\Chat-App\ChatApp_Backend\node_modules\@babel\runtime\helpers\asyncToGenerator.js:3:24)
    at _next (D:\Chat-bot\Chat-App\ChatApp_Backend\node_modules\@babel\runtime\helpers\asyncToGenerator.js:22:9)
    at D:\Chat-bot\Chat-App\ChatApp_Backend\node_modules\@babel\runtime\helpers\asyncToGenerator.js:27:7
    at new Promise (<anonymous>)
    at apply (D:\Chat-bot\Chat-App\ChatApp_Backend\node_modules\@babel\runtime\helpers\asyncToGenerator.js:19:12)
    at getAllUsers (D:\Chat-bot\Chat-App\ChatApp_Backend\src\controllers\/user.controller.js:10:25)
    at Layer.handle [as handle_request] (D:\Chat-bot\Chat-App\ChatApp_Backend\node_modules\express\lib\router\layer.js:95:5)
    at next (D:\Chat-bot\Chat-App\ChatApp_Backend\node_modules\express\lib\router\route.js:144:13)
    at Route.dispatch (D:\Chat-bot\Chat-App\ChatApp_Backend\node_modules\express\lib\router\route.js:114:3)
    at Layer.handle [as handle_request] (D:\Chat-bot\Chat-App\ChatApp_Backend\node_modules\express\lib\router\layer.js:95:5)
    at D:\Chat-bot\Chat-App\ChatApp_Backend\node_modules\express\lib\router\index.js:284:15
    at Function.process_params (D:\Chat-bot\Chat-App\ChatApp_Backend\node_modules\express\lib\router\index.js:346:12)
    at next (D:\Chat-bot\Chat-App\ChatApp_Backend\node_modules\express\lib\router\index.js:280:10)
    at Function.handle (D:\Chat-bot\Chat-App\ChatApp_Backend\node_modules\express\lib\router\index.js:175:3)
    at router (D:\Chat-bot\Chat-App\ChatApp_Backend\node_modules\express\lib\router\index.js:47:12)
    at Layer.handle [as handle_request] (D:\Chat-bot\Chat-App\ChatApp_Backend\node_modules\express\lib\router\layer.js:95:5)
    at trim_prefix (D:\Chat-bot\Chat-App\ChatApp_Backend\node_modules\express\lib\router\index.js:328:13)
    at D:\Chat-bot\Chat-App\ChatApp_Backend\node_modules\express\lib\router\index.js:286:9
    at Function.process_params (D:\Chat-bot\Chat-App\ChatApp_Backend\node_modules\express\lib\router\index.js:346:12)
    at next (D:\Chat-bot\Chat-App\ChatApp_Backend\node_modules\express\lib\router\index.js:280:10)
    at Function.handle (D:\Chat-bot\Chat-App\ChatApp_Backend\node_modules\express\lib\router\index.js:175:3)
    at router (D:\Chat-bot\Chat-App\ChatApp_Backend\node_modules\express\lib\router\index.js:47:12)
    at Layer.handle [as handle_request] (D:\Chat-bot\Chat-App\ChatApp_Backend\node_modules\express\lib\router\layer.js:95:5)
    at trim_prefix (D:\Chat-bot\Chat-App\ChatApp_Backend\node_modules\express\lib\router\index.js:328:13)
    at D:\Chat-bot\Chat-App\ChatApp_Backend\node_modules\express\lib\router\index.js:286:9
    at Function.process_params (D:\Chat-bot\Chat-App\ChatApp_Backend\node_modules\express\lib\router\index.js:346:12)
    at next (D:\Chat-bot\Chat-App\ChatApp_Backend\node_modules\express\lib\router\index.js:280:10)
    at logger (D:\Chat-bot\Chat-App\ChatApp_Backend\node_modules\morgan\index.js:144:5)
    at Layer.handle [as handle_request] (D:\Chat-bot\Chat-App\ChatApp_Backend\node_modules\express\lib\router\layer.js:95:5)
    at trim_prefix (D:\Chat-bot\Chat-App\ChatApp_Backend\node_modules\express\lib\router\index.js:328:13)
    at D:\Chat-bot\Chat-App\ChatApp_Backend\node_modules\express\lib\router\index.js:286:9
    at Function.process_params (D:\Chat-bot\Chat-App\ChatApp_Backend\node_modules\express\lib\router\index.js:346:12)
    at next (D:\Chat-bot\Chat-App\ChatApp_Backend\node_modules\express\lib\router\index.js:280:10)
    at D:\Chat-bot\Chat-App\ChatApp_Backend\node_modules\body-parser\lib\read.js:137:5
    at AsyncResource.runInAsyncScope (node:async_hooks:204:9)
    at invokeCallback (D:\Chat-bot\Chat-App\ChatApp_Backend\node_modules\raw-body\index.js:231:16)
    at done (D:\Chat-bot\Chat-App\ChatApp_Backend\node_modules\raw-body\index.js:220:7)
    at IncomingMessage.onEnd (D:\Chat-bot\Chat-App\ChatApp_Backend\node_modules\raw-body\index.js:280:7)
    at IncomingMessage.emit (node:events:513:28)
    at IncomingMessage.emit (node:domain:489:12)
    at endReadableNT (node:internal/streams/readable:1359:12)
    at processTicksAndRejections (node:internal/process/task_queues:82:21) 
    url - /api/v1/users?search=S 
    method - GET 
    IP - ::1
   {"timestamp":"2023-04-20T05:42:54.187Z"}
error: 
    status - 500 
    message - ReferenceError: req is not defined
    at _callee$ (D:\Chat-bot\Chat-App\ChatApp_Backend\src\services\/user.service.js:7:9)
    at tryCatch (D:\Chat-bot\Chat-App\ChatApp_Backend\node_modules\@babel\runtime\helpers\regeneratorRuntime.js:44:17)
    at Generator.<anonymous> (D:\Chat-bot\Chat-App\ChatApp_Backend\node_modules\@babel\runtime\helpers\regeneratorRuntime.js:125:22)
    at Generator.next (D:\Chat-bot\Chat-App\ChatApp_Backend\node_modules\@babel\runtime\helpers\regeneratorRuntime.js:69:21)
    at asyncGeneratorStep (D:\Chat-bot\Chat-App\ChatApp_Backend\node_modules\@babel\runtime\helpers\asyncToGenerator.js:3:24)
    at _next (D:\Chat-bot\Chat-App\ChatApp_Backend\node_modules\@babel\runtime\helpers\asyncToGenerator.js:22:9)
    at D:\Chat-bot\Chat-App\ChatApp_Backend\node_modules\@babel\runtime\helpers\asyncToGenerator.js:27:7
    at new Promise (<anonymous>)
    at Object.apply (D:\Chat-bot\Chat-App\ChatApp_Backend\node_modules\@babel\runtime\helpers\asyncToGenerator.js:19:12)
    at Object.getAllUsers (D:\Chat-bot\Chat-App\ChatApp_Backend\src\services\/user.service.js:6:25)
    at _callee$ (D:\Chat-bot\Chat-App\ChatApp_Backend\src\controllers\/user.controller.js:12:36)
    at tryCatch (D:\Chat-bot\Chat-App\ChatApp_Backend\node_modules\@babel\runtime\helpers\regeneratorRuntime.js:44:17)
    at Generator.<anonymous> (D:\Chat-bot\Chat-App\ChatApp_Backend\node_modules\@babel\runtime\helpers\regeneratorRuntime.js:125:22)
    at Generator.next (D:\Chat-bot\Chat-App\ChatApp_Backend\node_modules\@babel\runtime\helpers\regeneratorRuntime.js:69:21)
    at asyncGeneratorStep (D:\Chat-bot\Chat-App\ChatApp_Backend\node_modules\@babel\runtime\helpers\asyncToGenerator.js:3:24)
    at _next (D:\Chat-bot\Chat-App\ChatApp_Backend\node_modules\@babel\runtime\helpers\asyncToGenerator.js:22:9)
    at D:\Chat-bot\Chat-App\ChatApp_Backend\node_modules\@babel\runtime\helpers\asyncToGenerator.js:27:7
    at new Promise (<anonymous>)
    at apply (D:\Chat-bot\Chat-App\ChatApp_Backend\node_modules\@babel\runtime\helpers\asyncToGenerator.js:19:12)
    at getAllUsers (D:\Chat-bot\Chat-App\ChatApp_Backend\src\controllers\/user.controller.js:10:25)
    at Layer.handle [as handle_request] (D:\Chat-bot\Chat-App\ChatApp_Backend\node_modules\express\lib\router\layer.js:95:5)
    at next (D:\Chat-bot\Chat-App\ChatApp_Backend\node_modules\express\lib\router\route.js:144:13)
    at Route.dispatch (D:\Chat-bot\Chat-App\ChatApp_Backend\node_modules\express\lib\router\route.js:114:3)
    at Layer.handle [as handle_request] (D:\Chat-bot\Chat-App\ChatApp_Backend\node_modules\express\lib\router\layer.js:95:5)
    at D:\Chat-bot\Chat-App\ChatApp_Backend\node_modules\express\lib\router\index.js:284:15
    at Function.process_params (D:\Chat-bot\Chat-App\ChatApp_Backend\node_modules\express\lib\router\index.js:346:12)
    at next (D:\Chat-bot\Chat-App\ChatApp_Backend\node_modules\express\lib\router\index.js:280:10)
    at Function.handle (D:\Chat-bot\Chat-App\ChatApp_Backend\node_modules\express\lib\router\index.js:175:3)
    at router (D:\Chat-bot\Chat-App\ChatApp_Backend\node_modules\express\lib\router\index.js:47:12)
    at Layer.handle [as handle_request] (D:\Chat-bot\Chat-App\ChatApp_Backend\node_modules\express\lib\router\layer.js:95:5)
    at trim_prefix (D:\Chat-bot\Chat-App\ChatApp_Backend\node_modules\express\lib\router\index.js:328:13)
    at D:\Chat-bot\Chat-App\ChatApp_Backend\node_modules\express\lib\router\index.js:286:9
    at Function.process_params (D:\Chat-bot\Chat-App\ChatApp_Backend\node_modules\express\lib\router\index.js:346:12)
    at next (D:\Chat-bot\Chat-App\ChatApp_Backend\node_modules\express\lib\router\index.js:280:10)
    at Function.handle (D:\Chat-bot\Chat-App\ChatApp_Backend\node_modules\express\lib\router\index.js:175:3)
    at router (D:\Chat-bot\Chat-App\ChatApp_Backend\node_modules\express\lib\router\index.js:47:12)
    at Layer.handle [as handle_request] (D:\Chat-bot\Chat-App\ChatApp_Backend\node_modules\express\lib\router\layer.js:95:5)
    at trim_prefix (D:\Chat-bot\Chat-App\ChatApp_Backend\node_modules\express\lib\router\index.js:328:13)
    at D:\Chat-bot\Chat-App\ChatApp_Backend\node_modules\express\lib\router\index.js:286:9
    at Function.process_params (D:\Chat-bot\Chat-App\ChatApp_Backend\node_modules\express\lib\router\index.js:346:12)
    at next (D:\Chat-bot\Chat-App\ChatApp_Backend\node_modules\express\lib\router\index.js:280:10)
    at logger (D:\Chat-bot\Chat-App\ChatApp_Backend\node_modules\morgan\index.js:144:5)
    at Layer.handle [as handle_request] (D:\Chat-bot\Chat-App\ChatApp_Backend\node_modules\express\lib\router\layer.js:95:5)
    at trim_prefix (D:\Chat-bot\Chat-App\ChatApp_Backend\node_modules\express\lib\router\index.js:328:13)
    at D:\Chat-bot\Chat-App\ChatApp_Backend\node_modules\express\lib\router\index.js:286:9
    at Function.process_params (D:\Chat-bot\Chat-App\ChatApp_Backend\node_modules\express\lib\router\index.js:346:12)
    at next (D:\Chat-bot\Chat-App\ChatApp_Backend\node_modules\express\lib\router\index.js:280:10)
    at D:\Chat-bot\Chat-App\ChatApp_Backend\node_modules\body-parser\lib\read.js:137:5
    at AsyncResource.runInAsyncScope (node:async_hooks:204:9)
    at invokeCallback (D:\Chat-bot\Chat-App\ChatApp_Backend\node_modules\raw-body\index.js:231:16)
    at done (D:\Chat-bot\Chat-App\ChatApp_Backend\node_modules\raw-body\index.js:220:7)
    at IncomingMessage.onEnd (D:\Chat-bot\Chat-App\ChatApp_Backend\node_modules\raw-body\index.js:280:7)
    at IncomingMessage.emit (node:events:513:28)
    at IncomingMessage.emit (node:domain:489:12)
    at endReadableNT (node:internal/streams/readable:1359:12)
    at processTicksAndRejections (node:internal/process/task_queues:82:21) 
    url - /api/v1/users?search=S 
    method - GET 
    IP - ::1
   {"timestamp":"2023-04-20T05:42:56.629Z"}
error: 
    status - 500 
    message - ReferenceError: req is not defined
    at _callee$ (D:\Chat-bot\Chat-App\ChatApp_Backend\src\services\/user.service.js:7:9)
    at tryCatch (D:\Chat-bot\Chat-App\ChatApp_Backend\node_modules\@babel\runtime\helpers\regeneratorRuntime.js:44:17)
    at Generator.<anonymous> (D:\Chat-bot\Chat-App\ChatApp_Backend\node_modules\@babel\runtime\helpers\regeneratorRuntime.js:125:22)
    at Generator.next (D:\Chat-bot\Chat-App\ChatApp_Backend\node_modules\@babel\runtime\helpers\regeneratorRuntime.js:69:21)
    at asyncGeneratorStep (D:\Chat-bot\Chat-App\ChatApp_Backend\node_modules\@babel\runtime\helpers\asyncToGenerator.js:3:24)
    at _next (D:\Chat-bot\Chat-App\ChatApp_Backend\node_modules\@babel\runtime\helpers\asyncToGenerator.js:22:9)
    at D:\Chat-bot\Chat-App\ChatApp_Backend\node_modules\@babel\runtime\helpers\asyncToGenerator.js:27:7
    at new Promise (<anonymous>)
    at Object.apply (D:\Chat-bot\Chat-App\ChatApp_Backend\node_modules\@babel\runtime\helpers\asyncToGenerator.js:19:12)
    at Object.getAllUsers (D:\Chat-bot\Chat-App\ChatApp_Backend\src\services\/user.service.js:6:25)
    at _callee$ (D:\Chat-bot\Chat-App\ChatApp_Backend\src\controllers\/user.controller.js:12:36)
    at tryCatch (D:\Chat-bot\Chat-App\ChatApp_Backend\node_modules\@babel\runtime\helpers\regeneratorRuntime.js:44:17)
    at Generator.<anonymous> (D:\Chat-bot\Chat-App\ChatApp_Backend\node_modules\@babel\runtime\helpers\regeneratorRuntime.js:125:22)
    at Generator.next (D:\Chat-bot\Chat-App\ChatApp_Backend\node_modules\@babel\runtime\helpers\regeneratorRuntime.js:69:21)
    at asyncGeneratorStep (D:\Chat-bot\Chat-App\ChatApp_Backend\node_modules\@babel\runtime\helpers\asyncToGenerator.js:3:24)
    at _next (D:\Chat-bot\Chat-App\ChatApp_Backend\node_modules\@babel\runtime\helpers\asyncToGenerator.js:22:9)
    at D:\Chat-bot\Chat-App\ChatApp_Backend\node_modules\@babel\runtime\helpers\asyncToGenerator.js:27:7
    at new Promise (<anonymous>)
    at apply (D:\Chat-bot\Chat-App\ChatApp_Backend\node_modules\@babel\runtime\helpers\asyncToGenerator.js:19:12)
    at getAllUsers (D:\Chat-bot\Chat-App\ChatApp_Backend\src\controllers\/user.controller.js:10:25)
    at Layer.handle [as handle_request] (D:\Chat-bot\Chat-App\ChatApp_Backend\node_modules\express\lib\router\layer.js:95:5)
    at next (D:\Chat-bot\Chat-App\ChatApp_Backend\node_modules\express\lib\router\route.js:144:13)
    at Route.dispatch (D:\Chat-bot\Chat-App\ChatApp_Backend\node_modules\express\lib\router\route.js:114:3)
    at Layer.handle [as handle_request] (D:\Chat-bot\Chat-App\ChatApp_Backend\node_modules\express\lib\router\layer.js:95:5)
    at D:\Chat-bot\Chat-App\ChatApp_Backend\node_modules\express\lib\router\index.js:284:15
    at Function.process_params (D:\Chat-bot\Chat-App\ChatApp_Backend\node_modules\express\lib\router\index.js:346:12)
    at next (D:\Chat-bot\Chat-App\ChatApp_Backend\node_modules\express\lib\router\index.js:280:10)
    at Function.handle (D:\Chat-bot\Chat-App\ChatApp_Backend\node_modules\express\lib\router\index.js:175:3)
    at router (D:\Chat-bot\Chat-App\ChatApp_Backend\node_modules\express\lib\router\index.js:47:12)
    at Layer.handle [as handle_request] (D:\Chat-bot\Chat-App\ChatApp_Backend\node_modules\express\lib\router\layer.js:95:5)
    at trim_prefix (D:\Chat-bot\Chat-App\ChatApp_Backend\node_modules\express\lib\router\index.js:328:13)
    at D:\Chat-bot\Chat-App\ChatApp_Backend\node_modules\express\lib\router\index.js:286:9
    at Function.process_params (D:\Chat-bot\Chat-App\ChatApp_Backend\node_modules\express\lib\router\index.js:346:12)
    at next (D:\Chat-bot\Chat-App\ChatApp_Backend\node_modules\express\lib\router\index.js:280:10)
    at Function.handle (D:\Chat-bot\Chat-App\ChatApp_Backend\node_modules\express\lib\router\index.js:175:3)
    at router (D:\Chat-bot\Chat-App\ChatApp_Backend\node_modules\express\lib\router\index.js:47:12)
    at Layer.handle [as handle_request] (D:\Chat-bot\Chat-App\ChatApp_Backend\node_modules\express\lib\router\layer.js:95:5)
    at trim_prefix (D:\Chat-bot\Chat-App\ChatApp_Backend\node_modules\express\lib\router\index.js:328:13)
    at D:\Chat-bot\Chat-App\ChatApp_Backend\node_modules\express\lib\router\index.js:286:9
    at Function.process_params (D:\Chat-bot\Chat-App\ChatApp_Backend\node_modules\express\lib\router\index.js:346:12)
    at next (D:\Chat-bot\Chat-App\ChatApp_Backend\node_modules\express\lib\router\index.js:280:10)
    at logger (D:\Chat-bot\Chat-App\ChatApp_Backend\node_modules\morgan\index.js:144:5)
    at Layer.handle [as handle_request] (D:\Chat-bot\Chat-App\ChatApp_Backend\node_modules\express\lib\router\layer.js:95:5)
    at trim_prefix (D:\Chat-bot\Chat-App\ChatApp_Backend\node_modules\express\lib\router\index.js:328:13)
    at D:\Chat-bot\Chat-App\ChatApp_Backend\node_modules\express\lib\router\index.js:286:9
    at Function.process_params (D:\Chat-bot\Chat-App\ChatApp_Backend\node_modules\express\lib\router\index.js:346:12)
    at next (D:\Chat-bot\Chat-App\ChatApp_Backend\node_modules\express\lib\router\index.js:280:10)
    at D:\Chat-bot\Chat-App\ChatApp_Backend\node_modules\body-parser\lib\read.js:137:5
    at AsyncResource.runInAsyncScope (node:async_hooks:204:9)
    at invokeCallback (D:\Chat-bot\Chat-App\ChatApp_Backend\node_modules\raw-body\index.js:231:16)
    at done (D:\Chat-bot\Chat-App\ChatApp_Backend\node_modules\raw-body\index.js:220:7)
    at IncomingMessage.onEnd (D:\Chat-bot\Chat-App\ChatApp_Backend\node_modules\raw-body\index.js:280:7)
    at IncomingMessage.emit (node:events:513:28)
    at IncomingMessage.emit (node:domain:489:12)
    at endReadableNT (node:internal/streams/readable:1359:12)
    at processTicksAndRejections (node:internal/process/task_queues:82:21) 
    url - /api/v1/users?search=s 
    method - GET 
    IP - ::1
   {"timestamp":"2023-04-20T05:43:01.778Z"}
info: Server started at http://localhost:6060/api/v1/ {"timestamp":"2023-04-20T05:43:52.675Z"}
info: Connected to the database. {"timestamp":"2023-04-20T05:43:52.697Z"}
error: 
    status - 500 
    message - TypeError: Cannot read properties of undefined (reading 'search')
    at _callee$ (D:\Chat-bot\Chat-App\ChatApp_Backend\src\services\/user.service.js:7:29)
    at tryCatch (D:\Chat-bot\Chat-App\ChatApp_Backend\node_modules\@babel\runtime\helpers\regeneratorRuntime.js:44:17)
    at Generator.<anonymous> (D:\Chat-bot\Chat-App\ChatApp_Backend\node_modules\@babel\runtime\helpers\regeneratorRuntime.js:125:22)
    at Generator.next (D:\Chat-bot\Chat-App\ChatApp_Backend\node_modules\@babel\runtime\helpers\regeneratorRuntime.js:69:21)
    at asyncGeneratorStep (D:\Chat-bot\Chat-App\ChatApp_Backend\node_modules\@babel\runtime\helpers\asyncToGenerator.js:3:24)
    at _next (D:\Chat-bot\Chat-App\ChatApp_Backend\node_modules\@babel\runtime\helpers\asyncToGenerator.js:22:9)
    at D:\Chat-bot\Chat-App\ChatApp_Backend\node_modules\@babel\runtime\helpers\asyncToGenerator.js:27:7
    at new Promise (<anonymous>)
    at Object.apply (D:\Chat-bot\Chat-App\ChatApp_Backend\node_modules\@babel\runtime\helpers\asyncToGenerator.js:19:12)
    at Object.getAllUsers (D:\Chat-bot\Chat-App\ChatApp_Backend\src\services\/user.service.js:6:25)
    at _callee$ (D:\Chat-bot\Chat-App\ChatApp_Backend\src\controllers\/user.controller.js:12:36)
    at tryCatch (D:\Chat-bot\Chat-App\ChatApp_Backend\node_modules\@babel\runtime\helpers\regeneratorRuntime.js:44:17)
    at Generator.<anonymous> (D:\Chat-bot\Chat-App\ChatApp_Backend\node_modules\@babel\runtime\helpers\regeneratorRuntime.js:125:22)
    at Generator.next (D:\Chat-bot\Chat-App\ChatApp_Backend\node_modules\@babel\runtime\helpers\regeneratorRuntime.js:69:21)
    at asyncGeneratorStep (D:\Chat-bot\Chat-App\ChatApp_Backend\node_modules\@babel\runtime\helpers\asyncToGenerator.js:3:24)
    at _next (D:\Chat-bot\Chat-App\ChatApp_Backend\node_modules\@babel\runtime\helpers\asyncToGenerator.js:22:9)
    at D:\Chat-bot\Chat-App\ChatApp_Backend\node_modules\@babel\runtime\helpers\asyncToGenerator.js:27:7
    at new Promise (<anonymous>)
    at apply (D:\Chat-bot\Chat-App\ChatApp_Backend\node_modules\@babel\runtime\helpers\asyncToGenerator.js:19:12)
    at getAllUsers (D:\Chat-bot\Chat-App\ChatApp_Backend\src\controllers\/user.controller.js:10:25)
    at Layer.handle [as handle_request] (D:\Chat-bot\Chat-App\ChatApp_Backend\node_modules\express\lib\router\layer.js:95:5)
    at next (D:\Chat-bot\Chat-App\ChatApp_Backend\node_modules\express\lib\router\route.js:144:13)
    at Route.dispatch (D:\Chat-bot\Chat-App\ChatApp_Backend\node_modules\express\lib\router\route.js:114:3)
    at Layer.handle [as handle_request] (D:\Chat-bot\Chat-App\ChatApp_Backend\node_modules\express\lib\router\layer.js:95:5)
    at D:\Chat-bot\Chat-App\ChatApp_Backend\node_modules\express\lib\router\index.js:284:15
    at Function.process_params (D:\Chat-bot\Chat-App\ChatApp_Backend\node_modules\express\lib\router\index.js:346:12)
    at next (D:\Chat-bot\Chat-App\ChatApp_Backend\node_modules\express\lib\router\index.js:280:10)
    at Function.handle (D:\Chat-bot\Chat-App\ChatApp_Backend\node_modules\express\lib\router\index.js:175:3)
    at router (D:\Chat-bot\Chat-App\ChatApp_Backend\node_modules\express\lib\router\index.js:47:12)
    at Layer.handle [as handle_request] (D:\Chat-bot\Chat-App\ChatApp_Backend\node_modules\express\lib\router\layer.js:95:5)
    at trim_prefix (D:\Chat-bot\Chat-App\ChatApp_Backend\node_modules\express\lib\router\index.js:328:13)
    at D:\Chat-bot\Chat-App\ChatApp_Backend\node_modules\express\lib\router\index.js:286:9
    at Function.process_params (D:\Chat-bot\Chat-App\ChatApp_Backend\node_modules\express\lib\router\index.js:346:12)
    at next (D:\Chat-bot\Chat-App\ChatApp_Backend\node_modules\express\lib\router\index.js:280:10)
    at Function.handle (D:\Chat-bot\Chat-App\ChatApp_Backend\node_modules\express\lib\router\index.js:175:3)
    at router (D:\Chat-bot\Chat-App\ChatApp_Backend\node_modules\express\lib\router\index.js:47:12)
    at Layer.handle [as handle_request] (D:\Chat-bot\Chat-App\ChatApp_Backend\node_modules\express\lib\router\layer.js:95:5)
    at trim_prefix (D:\Chat-bot\Chat-App\ChatApp_Backend\node_modules\express\lib\router\index.js:328:13)
    at D:\Chat-bot\Chat-App\ChatApp_Backend\node_modules\express\lib\router\index.js:286:9
    at Function.process_params (D:\Chat-bot\Chat-App\ChatApp_Backend\node_modules\express\lib\router\index.js:346:12)
    at next (D:\Chat-bot\Chat-App\ChatApp_Backend\node_modules\express\lib\router\index.js:280:10)
    at logger (D:\Chat-bot\Chat-App\ChatApp_Backend\node_modules\morgan\index.js:144:5)
    at Layer.handle [as handle_request] (D:\Chat-bot\Chat-App\ChatApp_Backend\node_modules\express\lib\router\layer.js:95:5)
    at trim_prefix (D:\Chat-bot\Chat-App\ChatApp_Backend\node_modules\express\lib\router\index.js:328:13)
    at D:\Chat-bot\Chat-App\ChatApp_Backend\node_modules\express\lib\router\index.js:286:9
    at Function.process_params (D:\Chat-bot\Chat-App\ChatApp_Backend\node_modules\express\lib\router\index.js:346:12)
    at next (D:\Chat-bot\Chat-App\ChatApp_Backend\node_modules\express\lib\router\index.js:280:10)
    at D:\Chat-bot\Chat-App\ChatApp_Backend\node_modules\body-parser\lib\read.js:137:5
    at AsyncResource.runInAsyncScope (node:async_hooks:204:9)
    at invokeCallback (D:\Chat-bot\Chat-App\ChatApp_Backend\node_modules\raw-body\index.js:231:16)
    at done (D:\Chat-bot\Chat-App\ChatApp_Backend\node_modules\raw-body\index.js:220:7)
    at IncomingMessage.onEnd (D:\Chat-bot\Chat-App\ChatApp_Backend\node_modules\raw-body\index.js:280:7)
    at IncomingMessage.emit (node:events:513:28)
    at IncomingMessage.emit (node:domain:489:12)
    at endReadableNT (node:internal/streams/readable:1359:12)
    at processTicksAndRejections (node:internal/process/task_queues:82:21) 
    url - /api/v1/users?search=s 
    method - GET 
    IP - ::1
   {"timestamp":"2023-04-20T05:43:56.134Z"}
info: Server started at http://localhost:6060/api/v1/ {"timestamp":"2023-04-20T05:47:27.781Z"}
info: Connected to the database. {"timestamp":"2023-04-20T05:47:27.803Z"}
error: 
    status - 500 
    message - TypeError: Cannot read properties of undefined (reading 'search')
    at _callee$ (D:\Chat-bot\Chat-App\ChatApp_Backend\src\services\/user.service.js:7:30)
    at tryCatch (D:\Chat-bot\Chat-App\ChatApp_Backend\node_modules\@babel\runtime\helpers\regeneratorRuntime.js:44:17)
    at Generator.<anonymous> (D:\Chat-bot\Chat-App\ChatApp_Backend\node_modules\@babel\runtime\helpers\regeneratorRuntime.js:125:22)
    at Generator.next (D:\Chat-bot\Chat-App\ChatApp_Backend\node_modules\@babel\runtime\helpers\regeneratorRuntime.js:69:21)
    at asyncGeneratorStep (D:\Chat-bot\Chat-App\ChatApp_Backend\node_modules\@babel\runtime\helpers\asyncToGenerator.js:3:24)
    at _next (D:\Chat-bot\Chat-App\ChatApp_Backend\node_modules\@babel\runtime\helpers\asyncToGenerator.js:22:9)
    at D:\Chat-bot\Chat-App\ChatApp_Backend\node_modules\@babel\runtime\helpers\asyncToGenerator.js:27:7
    at new Promise (<anonymous>)
    at Object.apply (D:\Chat-bot\Chat-App\ChatApp_Backend\node_modules\@babel\runtime\helpers\asyncToGenerator.js:19:12)
    at Object.getAllUsers (D:\Chat-bot\Chat-App\ChatApp_Backend\src\services\/user.service.js:6:25)
    at _callee$ (D:\Chat-bot\Chat-App\ChatApp_Backend\src\controllers\/user.controller.js:12:36)
    at tryCatch (D:\Chat-bot\Chat-App\ChatApp_Backend\node_modules\@babel\runtime\helpers\regeneratorRuntime.js:44:17)
    at Generator.<anonymous> (D:\Chat-bot\Chat-App\ChatApp_Backend\node_modules\@babel\runtime\helpers\regeneratorRuntime.js:125:22)
    at Generator.next (D:\Chat-bot\Chat-App\ChatApp_Backend\node_modules\@babel\runtime\helpers\regeneratorRuntime.js:69:21)
    at asyncGeneratorStep (D:\Chat-bot\Chat-App\ChatApp_Backend\node_modules\@babel\runtime\helpers\asyncToGenerator.js:3:24)
    at _next (D:\Chat-bot\Chat-App\ChatApp_Backend\node_modules\@babel\runtime\helpers\asyncToGenerator.js:22:9)
    at D:\Chat-bot\Chat-App\ChatApp_Backend\node_modules\@babel\runtime\helpers\asyncToGenerator.js:27:7
    at new Promise (<anonymous>)
    at apply (D:\Chat-bot\Chat-App\ChatApp_Backend\node_modules\@babel\runtime\helpers\asyncToGenerator.js:19:12)
    at getAllUsers (D:\Chat-bot\Chat-App\ChatApp_Backend\src\controllers\/user.controller.js:10:25)
    at Layer.handle [as handle_request] (D:\Chat-bot\Chat-App\ChatApp_Backend\node_modules\express\lib\router\layer.js:95:5)
    at next (D:\Chat-bot\Chat-App\ChatApp_Backend\node_modules\express\lib\router\route.js:144:13)
    at Route.dispatch (D:\Chat-bot\Chat-App\ChatApp_Backend\node_modules\express\lib\router\route.js:114:3)
    at Layer.handle [as handle_request] (D:\Chat-bot\Chat-App\ChatApp_Backend\node_modules\express\lib\router\layer.js:95:5)
    at D:\Chat-bot\Chat-App\ChatApp_Backend\node_modules\express\lib\router\index.js:284:15
    at Function.process_params (D:\Chat-bot\Chat-App\ChatApp_Backend\node_modules\express\lib\router\index.js:346:12)
    at next (D:\Chat-bot\Chat-App\ChatApp_Backend\node_modules\express\lib\router\index.js:280:10)
    at Function.handle (D:\Chat-bot\Chat-App\ChatApp_Backend\node_modules\express\lib\router\index.js:175:3)
    at router (D:\Chat-bot\Chat-App\ChatApp_Backend\node_modules\express\lib\router\index.js:47:12)
    at Layer.handle [as handle_request] (D:\Chat-bot\Chat-App\ChatApp_Backend\node_modules\express\lib\router\layer.js:95:5)
    at trim_prefix (D:\Chat-bot\Chat-App\ChatApp_Backend\node_modules\express\lib\router\index.js:328:13)
    at D:\Chat-bot\Chat-App\ChatApp_Backend\node_modules\express\lib\router\index.js:286:9
    at Function.process_params (D:\Chat-bot\Chat-App\ChatApp_Backend\node_modules\express\lib\router\index.js:346:12)
    at next (D:\Chat-bot\Chat-App\ChatApp_Backend\node_modules\express\lib\router\index.js:280:10)
    at Function.handle (D:\Chat-bot\Chat-App\ChatApp_Backend\node_modules\express\lib\router\index.js:175:3)
    at router (D:\Chat-bot\Chat-App\ChatApp_Backend\node_modules\express\lib\router\index.js:47:12)
    at Layer.handle [as handle_request] (D:\Chat-bot\Chat-App\ChatApp_Backend\node_modules\express\lib\router\layer.js:95:5)
    at trim_prefix (D:\Chat-bot\Chat-App\ChatApp_Backend\node_modules\express\lib\router\index.js:328:13)
    at D:\Chat-bot\Chat-App\ChatApp_Backend\node_modules\express\lib\router\index.js:286:9
    at Function.process_params (D:\Chat-bot\Chat-App\ChatApp_Backend\node_modules\express\lib\router\index.js:346:12)
    at next (D:\Chat-bot\Chat-App\ChatApp_Backend\node_modules\express\lib\router\index.js:280:10)
    at logger (D:\Chat-bot\Chat-App\ChatApp_Backend\node_modules\morgan\index.js:144:5)
    at Layer.handle [as handle_request] (D:\Chat-bot\Chat-App\ChatApp_Backend\node_modules\express\lib\router\layer.js:95:5)
    at trim_prefix (D:\Chat-bot\Chat-App\ChatApp_Backend\node_modules\express\lib\router\index.js:328:13)
    at D:\Chat-bot\Chat-App\ChatApp_Backend\node_modules\express\lib\router\index.js:286:9
    at Function.process_params (D:\Chat-bot\Chat-App\ChatApp_Backend\node_modules\express\lib\router\index.js:346:12)
    at next (D:\Chat-bot\Chat-App\ChatApp_Backend\node_modules\express\lib\router\index.js:280:10)
    at D:\Chat-bot\Chat-App\ChatApp_Backend\node_modules\body-parser\lib\read.js:137:5
    at AsyncResource.runInAsyncScope (node:async_hooks:204:9)
    at invokeCallback (D:\Chat-bot\Chat-App\ChatApp_Backend\node_modules\raw-body\index.js:231:16)
    at done (D:\Chat-bot\Chat-App\ChatApp_Backend\node_modules\raw-body\index.js:220:7)
    at IncomingMessage.onEnd (D:\Chat-bot\Chat-App\ChatApp_Backend\node_modules\raw-body\index.js:280:7)
    at IncomingMessage.emit (node:events:513:28)
    at IncomingMessage.emit (node:domain:489:12)
    at endReadableNT (node:internal/streams/readable:1359:12)
    at processTicksAndRejections (node:internal/process/task_queues:82:21) 
    url - /api/v1/users?search=s 
    method - GET 
    IP - ::1
   {"timestamp":"2023-04-20T05:47:31.695Z"}
info: Server started at http://localhost:6060/api/v1/ {"timestamp":"2023-04-20T05:48:03.724Z"}
info: Connected to the database. {"timestamp":"2023-04-20T05:48:03.747Z"}
error: 
    status - 500 
    message - TypeError: Cannot read properties of undefined (reading 'search')
    at _callee$ (D:\Chat-bot\Chat-App\ChatApp_Backend\src\services\/user.service.js:8:30)
    at tryCatch (D:\Chat-bot\Chat-App\ChatApp_Backend\node_modules\@babel\runtime\helpers\regeneratorRuntime.js:44:17)
    at Generator.<anonymous> (D:\Chat-bot\Chat-App\ChatApp_Backend\node_modules\@babel\runtime\helpers\regeneratorRuntime.js:125:22)
    at Generator.next (D:\Chat-bot\Chat-App\ChatApp_Backend\node_modules\@babel\runtime\helpers\regeneratorRuntime.js:69:21)
    at asyncGeneratorStep (D:\Chat-bot\Chat-App\ChatApp_Backend\node_modules\@babel\runtime\helpers\asyncToGenerator.js:3:24)
    at _next (D:\Chat-bot\Chat-App\ChatApp_Backend\node_modules\@babel\runtime\helpers\asyncToGenerator.js:22:9)
    at D:\Chat-bot\Chat-App\ChatApp_Backend\node_modules\@babel\runtime\helpers\asyncToGenerator.js:27:7
    at new Promise (<anonymous>)
    at Object.apply (D:\Chat-bot\Chat-App\ChatApp_Backend\node_modules\@babel\runtime\helpers\asyncToGenerator.js:19:12)
    at Object.getAllUsers (D:\Chat-bot\Chat-App\ChatApp_Backend\src\services\/user.service.js:6:25)
    at _callee$ (D:\Chat-bot\Chat-App\ChatApp_Backend\src\controllers\/user.controller.js:12:36)
    at tryCatch (D:\Chat-bot\Chat-App\ChatApp_Backend\node_modules\@babel\runtime\helpers\regeneratorRuntime.js:44:17)
    at Generator.<anonymous> (D:\Chat-bot\Chat-App\ChatApp_Backend\node_modules\@babel\runtime\helpers\regeneratorRuntime.js:125:22)
    at Generator.next (D:\Chat-bot\Chat-App\ChatApp_Backend\node_modules\@babel\runtime\helpers\regeneratorRuntime.js:69:21)
    at asyncGeneratorStep (D:\Chat-bot\Chat-App\ChatApp_Backend\node_modules\@babel\runtime\helpers\asyncToGenerator.js:3:24)
    at _next (D:\Chat-bot\Chat-App\ChatApp_Backend\node_modules\@babel\runtime\helpers\asyncToGenerator.js:22:9)
    at D:\Chat-bot\Chat-App\ChatApp_Backend\node_modules\@babel\runtime\helpers\asyncToGenerator.js:27:7
    at new Promise (<anonymous>)
    at apply (D:\Chat-bot\Chat-App\ChatApp_Backend\node_modules\@babel\runtime\helpers\asyncToGenerator.js:19:12)
    at getAllUsers (D:\Chat-bot\Chat-App\ChatApp_Backend\src\controllers\/user.controller.js:10:25)
    at Layer.handle [as handle_request] (D:\Chat-bot\Chat-App\ChatApp_Backend\node_modules\express\lib\router\layer.js:95:5)
    at next (D:\Chat-bot\Chat-App\ChatApp_Backend\node_modules\express\lib\router\route.js:144:13)
    at Route.dispatch (D:\Chat-bot\Chat-App\ChatApp_Backend\node_modules\express\lib\router\route.js:114:3)
    at Layer.handle [as handle_request] (D:\Chat-bot\Chat-App\ChatApp_Backend\node_modules\express\lib\router\layer.js:95:5)
    at D:\Chat-bot\Chat-App\ChatApp_Backend\node_modules\express\lib\router\index.js:284:15
    at Function.process_params (D:\Chat-bot\Chat-App\ChatApp_Backend\node_modules\express\lib\router\index.js:346:12)
    at next (D:\Chat-bot\Chat-App\ChatApp_Backend\node_modules\express\lib\router\index.js:280:10)
    at Function.handle (D:\Chat-bot\Chat-App\ChatApp_Backend\node_modules\express\lib\router\index.js:175:3)
    at router (D:\Chat-bot\Chat-App\ChatApp_Backend\node_modules\express\lib\router\index.js:47:12)
    at Layer.handle [as handle_request] (D:\Chat-bot\Chat-App\ChatApp_Backend\node_modules\express\lib\router\layer.js:95:5)
    at trim_prefix (D:\Chat-bot\Chat-App\ChatApp_Backend\node_modules\express\lib\router\index.js:328:13)
    at D:\Chat-bot\Chat-App\ChatApp_Backend\node_modules\express\lib\router\index.js:286:9
    at Function.process_params (D:\Chat-bot\Chat-App\ChatApp_Backend\node_modules\express\lib\router\index.js:346:12)
    at next (D:\Chat-bot\Chat-App\ChatApp_Backend\node_modules\express\lib\router\index.js:280:10)
    at Function.handle (D:\Chat-bot\Chat-App\ChatApp_Backend\node_modules\express\lib\router\index.js:175:3)
    at router (D:\Chat-bot\Chat-App\ChatApp_Backend\node_modules\express\lib\router\index.js:47:12)
    at Layer.handle [as handle_request] (D:\Chat-bot\Chat-App\ChatApp_Backend\node_modules\express\lib\router\layer.js:95:5)
    at trim_prefix (D:\Chat-bot\Chat-App\ChatApp_Backend\node_modules\express\lib\router\index.js:328:13)
    at D:\Chat-bot\Chat-App\ChatApp_Backend\node_modules\express\lib\router\index.js:286:9
    at Function.process_params (D:\Chat-bot\Chat-App\ChatApp_Backend\node_modules\express\lib\router\index.js:346:12)
    at next (D:\Chat-bot\Chat-App\ChatApp_Backend\node_modules\express\lib\router\index.js:280:10)
    at logger (D:\Chat-bot\Chat-App\ChatApp_Backend\node_modules\morgan\index.js:144:5)
    at Layer.handle [as handle_request] (D:\Chat-bot\Chat-App\ChatApp_Backend\node_modules\express\lib\router\layer.js:95:5)
    at trim_prefix (D:\Chat-bot\Chat-App\ChatApp_Backend\node_modules\express\lib\router\index.js:328:13)
    at D:\Chat-bot\Chat-App\ChatApp_Backend\node_modules\express\lib\router\index.js:286:9
    at Function.process_params (D:\Chat-bot\Chat-App\ChatApp_Backend\node_modules\express\lib\router\index.js:346:12)
    at next (D:\Chat-bot\Chat-App\ChatApp_Backend\node_modules\express\lib\router\index.js:280:10)
    at D:\Chat-bot\Chat-App\ChatApp_Backend\node_modules\body-parser\lib\read.js:137:5
    at AsyncResource.runInAsyncScope (node:async_hooks:204:9)
    at invokeCallback (D:\Chat-bot\Chat-App\ChatApp_Backend\node_modules\raw-body\index.js:231:16)
    at done (D:\Chat-bot\Chat-App\ChatApp_Backend\node_modules\raw-body\index.js:220:7)
    at IncomingMessage.onEnd (D:\Chat-bot\Chat-App\ChatApp_Backend\node_modules\raw-body\index.js:280:7)
    at IncomingMessage.emit (node:events:513:28)
    at IncomingMessage.emit (node:domain:489:12)
    at endReadableNT (node:internal/streams/readable:1359:12)
    at processTicksAndRejections (node:internal/process/task_queues:82:21) 
    url - /api/v1/users?search=s 
    method - GET 
    IP - ::1
   {"timestamp":"2023-04-20T05:48:04.976Z"}
error: 
    status - 500 
    message - TypeError: Cannot read properties of undefined (reading 'search')
    at _callee$ (D:\Chat-bot\Chat-App\ChatApp_Backend\src\services\/user.service.js:8:30)
    at tryCatch (D:\Chat-bot\Chat-App\ChatApp_Backend\node_modules\@babel\runtime\helpers\regeneratorRuntime.js:44:17)
    at Generator.<anonymous> (D:\Chat-bot\Chat-App\ChatApp_Backend\node_modules\@babel\runtime\helpers\regeneratorRuntime.js:125:22)
    at Generator.next (D:\Chat-bot\Chat-App\ChatApp_Backend\node_modules\@babel\runtime\helpers\regeneratorRuntime.js:69:21)
    at asyncGeneratorStep (D:\Chat-bot\Chat-App\ChatApp_Backend\node_modules\@babel\runtime\helpers\asyncToGenerator.js:3:24)
    at _next (D:\Chat-bot\Chat-App\ChatApp_Backend\node_modules\@babel\runtime\helpers\asyncToGenerator.js:22:9)
    at D:\Chat-bot\Chat-App\ChatApp_Backend\node_modules\@babel\runtime\helpers\asyncToGenerator.js:27:7
    at new Promise (<anonymous>)
    at Object.apply (D:\Chat-bot\Chat-App\ChatApp_Backend\node_modules\@babel\runtime\helpers\asyncToGenerator.js:19:12)
    at Object.getAllUsers (D:\Chat-bot\Chat-App\ChatApp_Backend\src\services\/user.service.js:6:25)
    at _callee$ (D:\Chat-bot\Chat-App\ChatApp_Backend\src\controllers\/user.controller.js:12:36)
    at tryCatch (D:\Chat-bot\Chat-App\ChatApp_Backend\node_modules\@babel\runtime\helpers\regeneratorRuntime.js:44:17)
    at Generator.<anonymous> (D:\Chat-bot\Chat-App\ChatApp_Backend\node_modules\@babel\runtime\helpers\regeneratorRuntime.js:125:22)
    at Generator.next (D:\Chat-bot\Chat-App\ChatApp_Backend\node_modules\@babel\runtime\helpers\regeneratorRuntime.js:69:21)
    at asyncGeneratorStep (D:\Chat-bot\Chat-App\ChatApp_Backend\node_modules\@babel\runtime\helpers\asyncToGenerator.js:3:24)
    at _next (D:\Chat-bot\Chat-App\ChatApp_Backend\node_modules\@babel\runtime\helpers\asyncToGenerator.js:22:9)
    at D:\Chat-bot\Chat-App\ChatApp_Backend\node_modules\@babel\runtime\helpers\asyncToGenerator.js:27:7
    at new Promise (<anonymous>)
    at apply (D:\Chat-bot\Chat-App\ChatApp_Backend\node_modules\@babel\runtime\helpers\asyncToGenerator.js:19:12)
    at getAllUsers (D:\Chat-bot\Chat-App\ChatApp_Backend\src\controllers\/user.controller.js:10:25)
    at Layer.handle [as handle_request] (D:\Chat-bot\Chat-App\ChatApp_Backend\node_modules\express\lib\router\layer.js:95:5)
    at next (D:\Chat-bot\Chat-App\ChatApp_Backend\node_modules\express\lib\router\route.js:144:13)
    at Route.dispatch (D:\Chat-bot\Chat-App\ChatApp_Backend\node_modules\express\lib\router\route.js:114:3)
    at Layer.handle [as handle_request] (D:\Chat-bot\Chat-App\ChatApp_Backend\node_modules\express\lib\router\layer.js:95:5)
    at D:\Chat-bot\Chat-App\ChatApp_Backend\node_modules\express\lib\router\index.js:284:15
    at Function.process_params (D:\Chat-bot\Chat-App\ChatApp_Backend\node_modules\express\lib\router\index.js:346:12)
    at next (D:\Chat-bot\Chat-App\ChatApp_Backend\node_modules\express\lib\router\index.js:280:10)
    at Function.handle (D:\Chat-bot\Chat-App\ChatApp_Backend\node_modules\express\lib\router\index.js:175:3)
    at router (D:\Chat-bot\Chat-App\ChatApp_Backend\node_modules\express\lib\router\index.js:47:12)
    at Layer.handle [as handle_request] (D:\Chat-bot\Chat-App\ChatApp_Backend\node_modules\express\lib\router\layer.js:95:5)
    at trim_prefix (D:\Chat-bot\Chat-App\ChatApp_Backend\node_modules\express\lib\router\index.js:328:13)
    at D:\Chat-bot\Chat-App\ChatApp_Backend\node_modules\express\lib\router\index.js:286:9
    at Function.process_params (D:\Chat-bot\Chat-App\ChatApp_Backend\node_modules\express\lib\router\index.js:346:12)
    at next (D:\Chat-bot\Chat-App\ChatApp_Backend\node_modules\express\lib\router\index.js:280:10)
    at Function.handle (D:\Chat-bot\Chat-App\ChatApp_Backend\node_modules\express\lib\router\index.js:175:3)
    at router (D:\Chat-bot\Chat-App\ChatApp_Backend\node_modules\express\lib\router\index.js:47:12)
    at Layer.handle [as handle_request] (D:\Chat-bot\Chat-App\ChatApp_Backend\node_modules\express\lib\router\layer.js:95:5)
    at trim_prefix (D:\Chat-bot\Chat-App\ChatApp_Backend\node_modules\express\lib\router\index.js:328:13)
    at D:\Chat-bot\Chat-App\ChatApp_Backend\node_modules\express\lib\router\index.js:286:9
    at Function.process_params (D:\Chat-bot\Chat-App\ChatApp_Backend\node_modules\express\lib\router\index.js:346:12)
    at next (D:\Chat-bot\Chat-App\ChatApp_Backend\node_modules\express\lib\router\index.js:280:10)
    at logger (D:\Chat-bot\Chat-App\ChatApp_Backend\node_modules\morgan\index.js:144:5)
    at Layer.handle [as handle_request] (D:\Chat-bot\Chat-App\ChatApp_Backend\node_modules\express\lib\router\layer.js:95:5)
    at trim_prefix (D:\Chat-bot\Chat-App\ChatApp_Backend\node_modules\express\lib\router\index.js:328:13)
    at D:\Chat-bot\Chat-App\ChatApp_Backend\node_modules\express\lib\router\index.js:286:9
    at Function.process_params (D:\Chat-bot\Chat-App\ChatApp_Backend\node_modules\express\lib\router\index.js:346:12)
    at next (D:\Chat-bot\Chat-App\ChatApp_Backend\node_modules\express\lib\router\index.js:280:10)
    at D:\Chat-bot\Chat-App\ChatApp_Backend\node_modules\body-parser\lib\read.js:137:5
    at AsyncResource.runInAsyncScope (node:async_hooks:204:9)
    at invokeCallback (D:\Chat-bot\Chat-App\ChatApp_Backend\node_modules\raw-body\index.js:231:16)
    at done (D:\Chat-bot\Chat-App\ChatApp_Backend\node_modules\raw-body\index.js:220:7)
    at IncomingMessage.onEnd (D:\Chat-bot\Chat-App\ChatApp_Backend\node_modules\raw-body\index.js:280:7)
    at IncomingMessage.emit (node:events:513:28)
    at IncomingMessage.emit (node:domain:489:12)
    at endReadableNT (node:internal/streams/readable:1359:12)
    at processTicksAndRejections (node:internal/process/task_queues:82:21) 
    url - /api/v1/users?search=S 
    method - GET 
    IP - ::1
   {"timestamp":"2023-04-20T05:48:10.926Z"}
info: Server started at http://localhost:6060/api/v1/ {"timestamp":"2023-04-20T05:49:25.948Z"}
info: Connected to the database. {"timestamp":"2023-04-20T05:49:25.971Z"}
error: 
    status - 500 
    message - ReferenceError: body is not defined
    at _callee$ (D:\Chat-bot\Chat-App\ChatApp_Backend\src\controllers\/user.controller.js:14:11)
    at tryCatch (D:\Chat-bot\Chat-App\ChatApp_Backend\node_modules\@babel\runtime\helpers\regeneratorRuntime.js:44:17)
    at Generator.<anonymous> (D:\Chat-bot\Chat-App\ChatApp_Backend\node_modules\@babel\runtime\helpers\regeneratorRuntime.js:125:22)
    at Generator.next (D:\Chat-bot\Chat-App\ChatApp_Backend\node_modules\@babel\runtime\helpers\regeneratorRuntime.js:69:21)
    at asyncGeneratorStep (D:\Chat-bot\Chat-App\ChatApp_Backend\node_modules\@babel\runtime\helpers\asyncToGenerator.js:3:24)
    at _next (D:\Chat-bot\Chat-App\ChatApp_Backend\node_modules\@babel\runtime\helpers\asyncToGenerator.js:22:9)
    at D:\Chat-bot\Chat-App\ChatApp_Backend\node_modules\@babel\runtime\helpers\asyncToGenerator.js:27:7
    at new Promise (<anonymous>)
    at apply (D:\Chat-bot\Chat-App\ChatApp_Backend\node_modules\@babel\runtime\helpers\asyncToGenerator.js:19:12)
    at getAllUsers (D:\Chat-bot\Chat-App\ChatApp_Backend\src\controllers\/user.controller.js:10:25)
    at Layer.handle [as handle_request] (D:\Chat-bot\Chat-App\ChatApp_Backend\node_modules\express\lib\router\layer.js:95:5)
    at next (D:\Chat-bot\Chat-App\ChatApp_Backend\node_modules\express\lib\router\route.js:144:13)
    at Route.dispatch (D:\Chat-bot\Chat-App\ChatApp_Backend\node_modules\express\lib\router\route.js:114:3)
    at Layer.handle [as handle_request] (D:\Chat-bot\Chat-App\ChatApp_Backend\node_modules\express\lib\router\layer.js:95:5)
    at D:\Chat-bot\Chat-App\ChatApp_Backend\node_modules\express\lib\router\index.js:284:15
    at Function.process_params (D:\Chat-bot\Chat-App\ChatApp_Backend\node_modules\express\lib\router\index.js:346:12)
    at next (D:\Chat-bot\Chat-App\ChatApp_Backend\node_modules\express\lib\router\index.js:280:10)
    at Function.handle (D:\Chat-bot\Chat-App\ChatApp_Backend\node_modules\express\lib\router\index.js:175:3)
    at router (D:\Chat-bot\Chat-App\ChatApp_Backend\node_modules\express\lib\router\index.js:47:12)
    at Layer.handle [as handle_request] (D:\Chat-bot\Chat-App\ChatApp_Backend\node_modules\express\lib\router\layer.js:95:5)
    at trim_prefix (D:\Chat-bot\Chat-App\ChatApp_Backend\node_modules\express\lib\router\index.js:328:13)
    at D:\Chat-bot\Chat-App\ChatApp_Backend\node_modules\express\lib\router\index.js:286:9
    at Function.process_params (D:\Chat-bot\Chat-App\ChatApp_Backend\node_modules\express\lib\router\index.js:346:12)
    at next (D:\Chat-bot\Chat-App\ChatApp_Backend\node_modules\express\lib\router\index.js:280:10)
    at Function.handle (D:\Chat-bot\Chat-App\ChatApp_Backend\node_modules\express\lib\router\index.js:175:3)
    at router (D:\Chat-bot\Chat-App\ChatApp_Backend\node_modules\express\lib\router\index.js:47:12)
    at Layer.handle [as handle_request] (D:\Chat-bot\Chat-App\ChatApp_Backend\node_modules\express\lib\router\layer.js:95:5)
    at trim_prefix (D:\Chat-bot\Chat-App\ChatApp_Backend\node_modules\express\lib\router\index.js:328:13)
    at D:\Chat-bot\Chat-App\ChatApp_Backend\node_modules\express\lib\router\index.js:286:9
    at Function.process_params (D:\Chat-bot\Chat-App\ChatApp_Backend\node_modules\express\lib\router\index.js:346:12)
    at next (D:\Chat-bot\Chat-App\ChatApp_Backend\node_modules\express\lib\router\index.js:280:10)
    at logger (D:\Chat-bot\Chat-App\ChatApp_Backend\node_modules\morgan\index.js:144:5)
    at Layer.handle [as handle_request] (D:\Chat-bot\Chat-App\ChatApp_Backend\node_modules\express\lib\router\layer.js:95:5)
    at trim_prefix (D:\Chat-bot\Chat-App\ChatApp_Backend\node_modules\express\lib\router\index.js:328:13)
    at D:\Chat-bot\Chat-App\ChatApp_Backend\node_modules\express\lib\router\index.js:286:9
    at Function.process_params (D:\Chat-bot\Chat-App\ChatApp_Backend\node_modules\express\lib\router\index.js:346:12)
    at next (D:\Chat-bot\Chat-App\ChatApp_Backend\node_modules\express\lib\router\index.js:280:10)
    at D:\Chat-bot\Chat-App\ChatApp_Backend\node_modules\body-parser\lib\read.js:137:5
    at AsyncResource.runInAsyncScope (node:async_hooks:204:9)
    at invokeCallback (D:\Chat-bot\Chat-App\ChatApp_Backend\node_modules\raw-body\index.js:231:16)
    at done (D:\Chat-bot\Chat-App\ChatApp_Backend\node_modules\raw-body\index.js:220:7)
    at IncomingMessage.onEnd (D:\Chat-bot\Chat-App\ChatApp_Backend\node_modules\raw-body\index.js:280:7)
    at IncomingMessage.emit (node:events:513:28)
    at IncomingMessage.emit (node:domain:489:12)
    at endReadableNT (node:internal/streams/readable:1359:12)
    at processTicksAndRejections (node:internal/process/task_queues:82:21) 
    url - /api/v1/users?search=S 
    method - GET 
    IP - ::1
   {"timestamp":"2023-04-20T05:49:29.327Z"}
info: Server started at http://localhost:6060/api/v1/ {"timestamp":"2023-04-20T05:49:50.132Z"}
info: Connected to the database. {"timestamp":"2023-04-20T05:49:50.156Z"}
error: 
    status - 500 
    message - ReferenceError: User is not defined
    at _callee$ (D:\Chat-bot\Chat-App\ChatApp_Backend\src\controllers\/user.controller.js:21:11)
    at tryCatch (D:\Chat-bot\Chat-App\ChatApp_Backend\node_modules\@babel\runtime\helpers\regeneratorRuntime.js:44:17)
    at Generator.<anonymous> (D:\Chat-bot\Chat-App\ChatApp_Backend\node_modules\@babel\runtime\helpers\regeneratorRuntime.js:125:22)
    at Generator.next (D:\Chat-bot\Chat-App\ChatApp_Backend\node_modules\@babel\runtime\helpers\regeneratorRuntime.js:69:21)
    at asyncGeneratorStep (D:\Chat-bot\Chat-App\ChatApp_Backend\node_modules\@babel\runtime\helpers\asyncToGenerator.js:3:24)
    at _next (D:\Chat-bot\Chat-App\ChatApp_Backend\node_modules\@babel\runtime\helpers\asyncToGenerator.js:22:9)
    at D:\Chat-bot\Chat-App\ChatApp_Backend\node_modules\@babel\runtime\helpers\asyncToGenerator.js:27:7
    at new Promise (<anonymous>)
    at apply (D:\Chat-bot\Chat-App\ChatApp_Backend\node_modules\@babel\runtime\helpers\asyncToGenerator.js:19:12)
    at getAllUsers (D:\Chat-bot\Chat-App\ChatApp_Backend\src\controllers\/user.controller.js:10:25)
    at Layer.handle [as handle_request] (D:\Chat-bot\Chat-App\ChatApp_Backend\node_modules\express\lib\router\layer.js:95:5)
    at next (D:\Chat-bot\Chat-App\ChatApp_Backend\node_modules\express\lib\router\route.js:144:13)
    at Route.dispatch (D:\Chat-bot\Chat-App\ChatApp_Backend\node_modules\express\lib\router\route.js:114:3)
    at Layer.handle [as handle_request] (D:\Chat-bot\Chat-App\ChatApp_Backend\node_modules\express\lib\router\layer.js:95:5)
    at D:\Chat-bot\Chat-App\ChatApp_Backend\node_modules\express\lib\router\index.js:284:15
    at Function.process_params (D:\Chat-bot\Chat-App\ChatApp_Backend\node_modules\express\lib\router\index.js:346:12)
    at next (D:\Chat-bot\Chat-App\ChatApp_Backend\node_modules\express\lib\router\index.js:280:10)
    at Function.handle (D:\Chat-bot\Chat-App\ChatApp_Backend\node_modules\express\lib\router\index.js:175:3)
    at router (D:\Chat-bot\Chat-App\ChatApp_Backend\node_modules\express\lib\router\index.js:47:12)
    at Layer.handle [as handle_request] (D:\Chat-bot\Chat-App\ChatApp_Backend\node_modules\express\lib\router\layer.js:95:5)
    at trim_prefix (D:\Chat-bot\Chat-App\ChatApp_Backend\node_modules\express\lib\router\index.js:328:13)
    at D:\Chat-bot\Chat-App\ChatApp_Backend\node_modules\express\lib\router\index.js:286:9
    at Function.process_params (D:\Chat-bot\Chat-App\ChatApp_Backend\node_modules\express\lib\router\index.js:346:12)
    at next (D:\Chat-bot\Chat-App\ChatApp_Backend\node_modules\express\lib\router\index.js:280:10)
    at Function.handle (D:\Chat-bot\Chat-App\ChatApp_Backend\node_modules\express\lib\router\index.js:175:3)
    at router (D:\Chat-bot\Chat-App\ChatApp_Backend\node_modules\express\lib\router\index.js:47:12)
    at Layer.handle [as handle_request] (D:\Chat-bot\Chat-App\ChatApp_Backend\node_modules\express\lib\router\layer.js:95:5)
    at trim_prefix (D:\Chat-bot\Chat-App\ChatApp_Backend\node_modules\express\lib\router\index.js:328:13)
    at D:\Chat-bot\Chat-App\ChatApp_Backend\node_modules\express\lib\router\index.js:286:9
    at Function.process_params (D:\Chat-bot\Chat-App\ChatApp_Backend\node_modules\express\lib\router\index.js:346:12)
    at next (D:\Chat-bot\Chat-App\ChatApp_Backend\node_modules\express\lib\router\index.js:280:10)
    at logger (D:\Chat-bot\Chat-App\ChatApp_Backend\node_modules\morgan\index.js:144:5)
    at Layer.handle [as handle_request] (D:\Chat-bot\Chat-App\ChatApp_Backend\node_modules\express\lib\router\layer.js:95:5)
    at trim_prefix (D:\Chat-bot\Chat-App\ChatApp_Backend\node_modules\express\lib\router\index.js:328:13)
    at D:\Chat-bot\Chat-App\ChatApp_Backend\node_modules\express\lib\router\index.js:286:9
    at Function.process_params (D:\Chat-bot\Chat-App\ChatApp_Backend\node_modules\express\lib\router\index.js:346:12)
    at next (D:\Chat-bot\Chat-App\ChatApp_Backend\node_modules\express\lib\router\index.js:280:10)
    at D:\Chat-bot\Chat-App\ChatApp_Backend\node_modules\body-parser\lib\read.js:137:5
    at AsyncResource.runInAsyncScope (node:async_hooks:204:9)
    at invokeCallback (D:\Chat-bot\Chat-App\ChatApp_Backend\node_modules\raw-body\index.js:231:16)
    at done (D:\Chat-bot\Chat-App\ChatApp_Backend\node_modules\raw-body\index.js:220:7)
    at IncomingMessage.onEnd (D:\Chat-bot\Chat-App\ChatApp_Backend\node_modules\raw-body\index.js:280:7)
    at IncomingMessage.emit (node:events:513:28)
    at IncomingMessage.emit (node:domain:489:12)
    at endReadableNT (node:internal/streams/readable:1359:12)
    at processTicksAndRejections (node:internal/process/task_queues:82:21) 
    url - /api/v1/users?search=S 
    method - GET 
    IP - ::1
   {"timestamp":"2023-04-20T05:49:52.873Z"}
info: Server started at http://localhost:6060/api/v1/ {"timestamp":"2023-04-20T05:54:02.744Z"}
info: Connected to the database. {"timestamp":"2023-04-20T05:54:02.772Z"}
error: 
    status - 500 
    message - TypeError: Cannot read properties of undefined (reading '_id')
    at _callee$ (D:\Chat-bot\Chat-App\ChatApp_Backend\src\controllers\/user.controller.js:24:69)
    at tryCatch (D:\Chat-bot\Chat-App\ChatApp_Backend\node_modules\@babel\runtime\helpers\regeneratorRuntime.js:44:17)
    at Generator.<anonymous> (D:\Chat-bot\Chat-App\ChatApp_Backend\node_modules\@babel\runtime\helpers\regeneratorRuntime.js:125:22)
    at Generator.next (D:\Chat-bot\Chat-App\ChatApp_Backend\node_modules\@babel\runtime\helpers\regeneratorRuntime.js:69:21)
    at asyncGeneratorStep (D:\Chat-bot\Chat-App\ChatApp_Backend\node_modules\@babel\runtime\helpers\asyncToGenerator.js:3:24)
    at _next (D:\Chat-bot\Chat-App\ChatApp_Backend\node_modules\@babel\runtime\helpers\asyncToGenerator.js:22:9)
    at D:\Chat-bot\Chat-App\ChatApp_Backend\node_modules\@babel\runtime\helpers\asyncToGenerator.js:27:7
    at new Promise (<anonymous>)
    at apply (D:\Chat-bot\Chat-App\ChatApp_Backend\node_modules\@babel\runtime\helpers\asyncToGenerator.js:19:12)
    at getAllUsers (D:\Chat-bot\Chat-App\ChatApp_Backend\src\controllers\/user.controller.js:11:25)
    at Layer.handle [as handle_request] (D:\Chat-bot\Chat-App\ChatApp_Backend\node_modules\express\lib\router\layer.js:95:5)
    at next (D:\Chat-bot\Chat-App\ChatApp_Backend\node_modules\express\lib\router\route.js:144:13)
    at Route.dispatch (D:\Chat-bot\Chat-App\ChatApp_Backend\node_modules\express\lib\router\route.js:114:3)
    at Layer.handle [as handle_request] (D:\Chat-bot\Chat-App\ChatApp_Backend\node_modules\express\lib\router\layer.js:95:5)
    at D:\Chat-bot\Chat-App\ChatApp_Backend\node_modules\express\lib\router\index.js:284:15
    at Function.process_params (D:\Chat-bot\Chat-App\ChatApp_Backend\node_modules\express\lib\router\index.js:346:12)
    at next (D:\Chat-bot\Chat-App\ChatApp_Backend\node_modules\express\lib\router\index.js:280:10)
    at Function.handle (D:\Chat-bot\Chat-App\ChatApp_Backend\node_modules\express\lib\router\index.js:175:3)
    at router (D:\Chat-bot\Chat-App\ChatApp_Backend\node_modules\express\lib\router\index.js:47:12)
    at Layer.handle [as handle_request] (D:\Chat-bot\Chat-App\ChatApp_Backend\node_modules\express\lib\router\layer.js:95:5)
    at trim_prefix (D:\Chat-bot\Chat-App\ChatApp_Backend\node_modules\express\lib\router\index.js:328:13)
    at D:\Chat-bot\Chat-App\ChatApp_Backend\node_modules\express\lib\router\index.js:286:9
    at Function.process_params (D:\Chat-bot\Chat-App\ChatApp_Backend\node_modules\express\lib\router\index.js:346:12)
    at next (D:\Chat-bot\Chat-App\ChatApp_Backend\node_modules\express\lib\router\index.js:280:10)
    at Function.handle (D:\Chat-bot\Chat-App\ChatApp_Backend\node_modules\express\lib\router\index.js:175:3)
    at router (D:\Chat-bot\Chat-App\ChatApp_Backend\node_modules\express\lib\router\index.js:47:12)
    at Layer.handle [as handle_request] (D:\Chat-bot\Chat-App\ChatApp_Backend\node_modules\express\lib\router\layer.js:95:5)
    at trim_prefix (D:\Chat-bot\Chat-App\ChatApp_Backend\node_modules\express\lib\router\index.js:328:13)
    at D:\Chat-bot\Chat-App\ChatApp_Backend\node_modules\express\lib\router\index.js:286:9
    at Function.process_params (D:\Chat-bot\Chat-App\ChatApp_Backend\node_modules\express\lib\router\index.js:346:12)
    at next (D:\Chat-bot\Chat-App\ChatApp_Backend\node_modules\express\lib\router\index.js:280:10)
    at logger (D:\Chat-bot\Chat-App\ChatApp_Backend\node_modules\morgan\index.js:144:5)
    at Layer.handle [as handle_request] (D:\Chat-bot\Chat-App\ChatApp_Backend\node_modules\express\lib\router\layer.js:95:5)
    at trim_prefix (D:\Chat-bot\Chat-App\ChatApp_Backend\node_modules\express\lib\router\index.js:328:13)
    at D:\Chat-bot\Chat-App\ChatApp_Backend\node_modules\express\lib\router\index.js:286:9
    at Function.process_params (D:\Chat-bot\Chat-App\ChatApp_Backend\node_modules\express\lib\router\index.js:346:12)
    at next (D:\Chat-bot\Chat-App\ChatApp_Backend\node_modules\express\lib\router\index.js:280:10)
    at D:\Chat-bot\Chat-App\ChatApp_Backend\node_modules\body-parser\lib\read.js:137:5
    at AsyncResource.runInAsyncScope (node:async_hooks:204:9)
    at invokeCallback (D:\Chat-bot\Chat-App\ChatApp_Backend\node_modules\raw-body\index.js:231:16)
    at done (D:\Chat-bot\Chat-App\ChatApp_Backend\node_modules\raw-body\index.js:220:7)
    at IncomingMessage.onEnd (D:\Chat-bot\Chat-App\ChatApp_Backend\node_modules\raw-body\index.js:280:7)
    at IncomingMessage.emit (node:events:513:28)
    at IncomingMessage.emit (node:domain:489:12)
    at endReadableNT (node:internal/streams/readable:1359:12)
    at processTicksAndRejections (node:internal/process/task_queues:82:21) 
    url - /api/v1/users?search=S 
    method - GET 
    IP - ::1
   {"timestamp":"2023-04-20T05:54:05.019Z"}
info: Server started at http://localhost:6060/api/v1/ {"timestamp":"2023-04-20T05:56:35.805Z"}
info: Connected to the database. {"timestamp":"2023-04-20T05:56:35.828Z"}
info: Server started at http://localhost:6060/api/v1/ {"timestamp":"2023-04-20T05:59:49.959Z"}
info: Connected to the database. {"timestamp":"2023-04-20T05:59:49.999Z"}
info: Server started at http://localhost:6060/api/v1/ {"timestamp":"2023-04-20T06:00:08.714Z"}
info: Connected to the database. {"timestamp":"2023-04-20T06:00:08.738Z"}
error: 
      status - 400
      message - Authorization token is required 
      url - /api/v1/users?search=s 
      method - GET 
      IP - ::1
     {"timestamp":"2023-04-20T06:00:12.394Z"}
error: 
    status - 500 
    message - TypeError: Cannot read properties of undefined (reading 'email')
    at _callee$ (D:\Chat-bot\Chat-App\ChatApp_Backend\src\middlewares\/auth.middleware.js:23:28)
    at tryCatch (D:\Chat-bot\Chat-App\ChatApp_Backend\node_modules\@babel\runtime\helpers\regeneratorRuntime.js:44:17)
    at Generator.<anonymous> (D:\Chat-bot\Chat-App\ChatApp_Backend\node_modules\@babel\runtime\helpers\regeneratorRuntime.js:125:22)
    at Generator.next (D:\Chat-bot\Chat-App\ChatApp_Backend\node_modules\@babel\runtime\helpers\regeneratorRuntime.js:69:21)
    at asyncGeneratorStep (D:\Chat-bot\Chat-App\ChatApp_Backend\node_modules\@babel\runtime\helpers\asyncToGenerator.js:3:24)
    at _next (D:\Chat-bot\Chat-App\ChatApp_Backend\node_modules\@babel\runtime\helpers\asyncToGenerator.js:22:9)
    at processTicksAndRejections (node:internal/process/task_queues:95:5) 
    url - /api/v1/users?search=s 
    method - GET 
    IP - ::1
   {"timestamp":"2023-04-20T06:01:58.278Z"}
info: Server started at http://localhost:6060/api/v1/ {"timestamp":"2023-04-20T06:02:27.194Z"}
info: Connected to the database. {"timestamp":"2023-04-20T06:02:27.215Z"}
error: 
    status - 500 
    message - TypeError: Cannot read properties of undefined (reading 'email')
    at _callee$ (D:\Chat-bot\Chat-App\ChatApp_Backend\src\middlewares\/auth.middleware.js:23:28)
    at tryCatch (D:\Chat-bot\Chat-App\ChatApp_Backend\node_modules\@babel\runtime\helpers\regeneratorRuntime.js:44:17)
    at Generator.<anonymous> (D:\Chat-bot\Chat-App\ChatApp_Backend\node_modules\@babel\runtime\helpers\regeneratorRuntime.js:125:22)
    at Generator.next (D:\Chat-bot\Chat-App\ChatApp_Backend\node_modules\@babel\runtime\helpers\regeneratorRuntime.js:69:21)
    at asyncGeneratorStep (D:\Chat-bot\Chat-App\ChatApp_Backend\node_modules\@babel\runtime\helpers\asyncToGenerator.js:3:24)
    at _next (D:\Chat-bot\Chat-App\ChatApp_Backend\node_modules\@babel\runtime\helpers\asyncToGenerator.js:22:9)
    at processTicksAndRejections (node:internal/process/task_queues:95:5) 
    url - /api/v1/users?search=s 
    method - GET 
    IP - ::1
   {"timestamp":"2023-04-20T06:02:29.780Z"}
error: 
    status - 500 
    message - TypeError: Cannot read properties of undefined (reading 'email')
    at _callee$ (D:\Chat-bot\Chat-App\ChatApp_Backend\src\middlewares\/auth.middleware.js:23:28)
    at tryCatch (D:\Chat-bot\Chat-App\ChatApp_Backend\node_modules\@babel\runtime\helpers\regeneratorRuntime.js:44:17)
    at Generator.<anonymous> (D:\Chat-bot\Chat-App\ChatApp_Backend\node_modules\@babel\runtime\helpers\regeneratorRuntime.js:125:22)
    at Generator.next (D:\Chat-bot\Chat-App\ChatApp_Backend\node_modules\@babel\runtime\helpers\regeneratorRuntime.js:69:21)
    at asyncGeneratorStep (D:\Chat-bot\Chat-App\ChatApp_Backend\node_modules\@babel\runtime\helpers\asyncToGenerator.js:3:24)
    at _next (D:\Chat-bot\Chat-App\ChatApp_Backend\node_modules\@babel\runtime\helpers\asyncToGenerator.js:22:9)
    at processTicksAndRejections (node:internal/process/task_queues:95:5) 
    url - /api/v1/users?search=s 
    method - GET 
    IP - ::1
   {"timestamp":"2023-04-20T06:02:40.547Z"}
info: Server started at http://localhost:6060/api/v1/ {"timestamp":"2023-04-20T06:03:10.066Z"}
info: Connected to the database. {"timestamp":"2023-04-20T06:03:10.091Z"}
error: 
    status - 500 
    message - TypeError: Cannot read properties of undefined (reading 'email')
    at _callee$ (D:\Chat-bot\Chat-App\ChatApp_Backend\src\middlewares\/auth.middleware.js:23:28)
    at tryCatch (D:\Chat-bot\Chat-App\ChatApp_Backend\node_modules\@babel\runtime\helpers\regeneratorRuntime.js:44:17)
    at Generator.<anonymous> (D:\Chat-bot\Chat-App\ChatApp_Backend\node_modules\@babel\runtime\helpers\regeneratorRuntime.js:125:22)
    at Generator.next (D:\Chat-bot\Chat-App\ChatApp_Backend\node_modules\@babel\runtime\helpers\regeneratorRuntime.js:69:21)
    at asyncGeneratorStep (D:\Chat-bot\Chat-App\ChatApp_Backend\node_modules\@babel\runtime\helpers\asyncToGenerator.js:3:24)
    at _next (D:\Chat-bot\Chat-App\ChatApp_Backend\node_modules\@babel\runtime\helpers\asyncToGenerator.js:22:9)
    at processTicksAndRejections (node:internal/process/task_queues:95:5) 
    url - /api/v1/users?search=s 
    method - GET 
    IP - ::1
   {"timestamp":"2023-04-20T06:03:12.737Z"}
error: 
    status - 500 
    message - TypeError: Cannot read properties of undefined (reading 'email')
    at _callee$ (D:\Chat-bot\Chat-App\ChatApp_Backend\src\middlewares\/auth.middleware.js:23:28)
    at tryCatch (D:\Chat-bot\Chat-App\ChatApp_Backend\node_modules\@babel\runtime\helpers\regeneratorRuntime.js:44:17)
    at Generator.<anonymous> (D:\Chat-bot\Chat-App\ChatApp_Backend\node_modules\@babel\runtime\helpers\regeneratorRuntime.js:125:22)
    at Generator.next (D:\Chat-bot\Chat-App\ChatApp_Backend\node_modules\@babel\runtime\helpers\regeneratorRuntime.js:69:21)
    at asyncGeneratorStep (D:\Chat-bot\Chat-App\ChatApp_Backend\node_modules\@babel\runtime\helpers\asyncToGenerator.js:3:24)
    at _next (D:\Chat-bot\Chat-App\ChatApp_Backend\node_modules\@babel\runtime\helpers\asyncToGenerator.js:22:9)
    at processTicksAndRejections (node:internal/process/task_queues:95:5) 
    url - /api/v1/users?search=s 
    method - GET 
    IP - ::1
   {"timestamp":"2023-04-20T06:03:14.280Z"}
info: Server started at http://localhost:6060/api/v1/ {"timestamp":"2023-04-20T06:04:25.994Z"}
info: Connected to the database. {"timestamp":"2023-04-20T06:04:26.026Z"}
info: Server started at http://localhost:6060/api/v1/ {"timestamp":"2023-04-20T06:09:04.138Z"}
info: Connected to the database. {"timestamp":"2023-04-20T06:09:04.159Z"}
info: Server started at http://localhost:6060/api/v1/ {"timestamp":"2023-04-20T06:10:19.902Z"}
info: Connected to the database. {"timestamp":"2023-04-20T06:10:19.953Z"}
error: 
    status - 500 
    message - TypeError: Cannot read properties of undefined (reading 'email')
    at _callee$ (D:\Chat-bot\Chat-App\ChatApp_Backend\src\middlewares\/auth.middleware.js:23:28)
    at tryCatch (D:\Chat-bot\Chat-App\ChatApp_Backend\node_modules\@babel\runtime\helpers\regeneratorRuntime.js:44:17)
    at Generator.<anonymous> (D:\Chat-bot\Chat-App\ChatApp_Backend\node_modules\@babel\runtime\helpers\regeneratorRuntime.js:125:22)
    at Generator.next (D:\Chat-bot\Chat-App\ChatApp_Backend\node_modules\@babel\runtime\helpers\regeneratorRuntime.js:69:21)
    at asyncGeneratorStep (D:\Chat-bot\Chat-App\ChatApp_Backend\node_modules\@babel\runtime\helpers\asyncToGenerator.js:3:24)
    at _next (D:\Chat-bot\Chat-App\ChatApp_Backend\node_modules\@babel\runtime\helpers\asyncToGenerator.js:22:9)
    at processTicksAndRejections (node:internal/process/task_queues:95:5) 
    url - /api/v1/users?search=s 
    method - GET 
    IP - ::1
   {"timestamp":"2023-04-20T06:18:06.671Z"}
error: 
    status - 500 
    message - TypeError: Cannot read properties of undefined (reading 'email')
    at _callee$ (D:\Chat-bot\Chat-App\ChatApp_Backend\src\middlewares\/auth.middleware.js:23:28)
    at tryCatch (D:\Chat-bot\Chat-App\ChatApp_Backend\node_modules\@babel\runtime\helpers\regeneratorRuntime.js:44:17)
    at Generator.<anonymous> (D:\Chat-bot\Chat-App\ChatApp_Backend\node_modules\@babel\runtime\helpers\regeneratorRuntime.js:125:22)
    at Generator.next (D:\Chat-bot\Chat-App\ChatApp_Backend\node_modules\@babel\runtime\helpers\regeneratorRuntime.js:69:21)
    at asyncGeneratorStep (D:\Chat-bot\Chat-App\ChatApp_Backend\node_modules\@babel\runtime\helpers\asyncToGenerator.js:3:24)
    at _next (D:\Chat-bot\Chat-App\ChatApp_Backend\node_modules\@babel\runtime\helpers\asyncToGenerator.js:22:9)
    at processTicksAndRejections (node:internal/process/task_queues:95:5) 
    url - /api/v1/users?search=s 
    method - GET 
    IP - ::1
   {"timestamp":"2023-04-20T06:19:19.053Z"}
info: Server started at http://localhost:6060/api/v1/ {"timestamp":"2023-04-20T06:19:39.318Z"}
info: Connected to the database. {"timestamp":"2023-04-20T06:19:39.338Z"}
error: 
    status - 500 
    message - TypeError: Cannot read properties of undefined (reading 'email')
    at _callee$ (D:\Chat-bot\Chat-App\ChatApp_Backend\src\middlewares\/auth.middleware.js:23:28)
    at tryCatch (D:\Chat-bot\Chat-App\ChatApp_Backend\node_modules\@babel\runtime\helpers\regeneratorRuntime.js:44:17)
    at Generator.<anonymous> (D:\Chat-bot\Chat-App\ChatApp_Backend\node_modules\@babel\runtime\helpers\regeneratorRuntime.js:125:22)
    at Generator.next (D:\Chat-bot\Chat-App\ChatApp_Backend\node_modules\@babel\runtime\helpers\regeneratorRuntime.js:69:21)
    at asyncGeneratorStep (D:\Chat-bot\Chat-App\ChatApp_Backend\node_modules\@babel\runtime\helpers\asyncToGenerator.js:3:24)
    at _next (D:\Chat-bot\Chat-App\ChatApp_Backend\node_modules\@babel\runtime\helpers\asyncToGenerator.js:22:9)
    at processTicksAndRejections (node:internal/process/task_queues:95:5) 
    url - /api/v1/users?search=s 
    method - GET 
    IP - ::1
   {"timestamp":"2023-04-20T06:19:43.612Z"}
info: Server started at http://localhost:6060/api/v1/ {"timestamp":"2023-04-20T06:19:56.735Z"}
info: Connected to the database. {"timestamp":"2023-04-20T06:19:56.753Z"}
error: 
    status - 500 
    message - TypeError: Cannot read properties of undefined (reading 'email')
    at _callee$ (D:\Chat-bot\Chat-App\ChatApp_Backend\src\middlewares\/auth.middleware.js:23:28)
    at tryCatch (D:\Chat-bot\Chat-App\ChatApp_Backend\node_modules\@babel\runtime\helpers\regeneratorRuntime.js:44:17)
    at Generator.<anonymous> (D:\Chat-bot\Chat-App\ChatApp_Backend\node_modules\@babel\runtime\helpers\regeneratorRuntime.js:125:22)
    at Generator.next (D:\Chat-bot\Chat-App\ChatApp_Backend\node_modules\@babel\runtime\helpers\regeneratorRuntime.js:69:21)
    at asyncGeneratorStep (D:\Chat-bot\Chat-App\ChatApp_Backend\node_modules\@babel\runtime\helpers\asyncToGenerator.js:3:24)
    at _next (D:\Chat-bot\Chat-App\ChatApp_Backend\node_modules\@babel\runtime\helpers\asyncToGenerator.js:22:9)
    at processTicksAndRejections (node:internal/process/task_queues:95:5) 
    url - /api/v1/users?search=s 
    method - GET 
    IP - ::1
   {"timestamp":"2023-04-20T06:20:00.743Z"}
error: 
    status - 500 
    message - TypeError: Cannot read properties of undefined (reading 'email')
    at _callee$ (D:\Chat-bot\Chat-App\ChatApp_Backend\src\middlewares\/auth.middleware.js:23:28)
    at tryCatch (D:\Chat-bot\Chat-App\ChatApp_Backend\node_modules\@babel\runtime\helpers\regeneratorRuntime.js:44:17)
    at Generator.<anonymous> (D:\Chat-bot\Chat-App\ChatApp_Backend\node_modules\@babel\runtime\helpers\regeneratorRuntime.js:125:22)
    at Generator.next (D:\Chat-bot\Chat-App\ChatApp_Backend\node_modules\@babel\runtime\helpers\regeneratorRuntime.js:69:21)
    at asyncGeneratorStep (D:\Chat-bot\Chat-App\ChatApp_Backend\node_modules\@babel\runtime\helpers\asyncToGenerator.js:3:24)
    at _next (D:\Chat-bot\Chat-App\ChatApp_Backend\node_modules\@babel\runtime\helpers\asyncToGenerator.js:22:9)
    at processTicksAndRejections (node:internal/process/task_queues:95:5) 
    url - /api/v1/users?search=s 
    method - GET 
    IP - ::1
   {"timestamp":"2023-04-20T06:20:02.324Z"}
info: Server started at http://localhost:6060/api/v1/ {"timestamp":"2023-04-20T06:20:38.657Z"}
info: Connected to the database. {"timestamp":"2023-04-20T06:20:38.674Z"}
error: 
    status - 500 
    message - TypeError: Cannot read properties of undefined (reading 'id')
    at _callee$ (D:\Chat-bot\Chat-App\ChatApp_Backend\src\middlewares\/auth.middleware.js:23:28)
    at tryCatch (D:\Chat-bot\Chat-App\ChatApp_Backend\node_modules\@babel\runtime\helpers\regeneratorRuntime.js:44:17)
    at Generator.<anonymous> (D:\Chat-bot\Chat-App\ChatApp_Backend\node_modules\@babel\runtime\helpers\regeneratorRuntime.js:125:22)
    at Generator.next (D:\Chat-bot\Chat-App\ChatApp_Backend\node_modules\@babel\runtime\helpers\regeneratorRuntime.js:69:21)
    at asyncGeneratorStep (D:\Chat-bot\Chat-App\ChatApp_Backend\node_modules\@babel\runtime\helpers\asyncToGenerator.js:3:24)
    at _next (D:\Chat-bot\Chat-App\ChatApp_Backend\node_modules\@babel\runtime\helpers\asyncToGenerator.js:22:9)
    at processTicksAndRejections (node:internal/process/task_queues:95:5) 
    url - /api/v1/users?search=s 
    method - GET 
    IP - ::1
   {"timestamp":"2023-04-20T06:20:43.065Z"}
info: Server started at http://localhost:6060/api/v1/ {"timestamp":"2023-04-20T06:20:52.951Z"}
info: Connected to the database. {"timestamp":"2023-04-20T06:20:52.981Z"}
error: 
    status - 500 
    message - TypeError: Cannot read properties of undefined (reading '_id')
    at _callee$ (D:\Chat-bot\Chat-App\ChatApp_Backend\src\middlewares\/auth.middleware.js:23:28)
    at tryCatch (D:\Chat-bot\Chat-App\ChatApp_Backend\node_modules\@babel\runtime\helpers\regeneratorRuntime.js:44:17)
    at Generator.<anonymous> (D:\Chat-bot\Chat-App\ChatApp_Backend\node_modules\@babel\runtime\helpers\regeneratorRuntime.js:125:22)
    at Generator.next (D:\Chat-bot\Chat-App\ChatApp_Backend\node_modules\@babel\runtime\helpers\regeneratorRuntime.js:69:21)
    at asyncGeneratorStep (D:\Chat-bot\Chat-App\ChatApp_Backend\node_modules\@babel\runtime\helpers\asyncToGenerator.js:3:24)
    at _next (D:\Chat-bot\Chat-App\ChatApp_Backend\node_modules\@babel\runtime\helpers\asyncToGenerator.js:22:9)
    at processTicksAndRejections (node:internal/process/task_queues:95:5) 
    url - /api/v1/users?search=s 
    method - GET 
    IP - ::1
   {"timestamp":"2023-04-20T06:20:57.234Z"}
info: Server started at http://localhost:6060/api/v1/ {"timestamp":"2023-04-20T06:21:11.399Z"}
info: Connected to the database. {"timestamp":"2023-04-20T06:21:11.418Z"}
info: Server started at http://localhost:6060/api/v1/ {"timestamp":"2023-04-20T06:21:27.879Z"}
info: Connected to the database. {"timestamp":"2023-04-20T06:21:27.895Z"}
info: Server started at http://localhost:6060/api/v1/ {"timestamp":"2023-04-20T06:22:13.995Z"}
info: Connected to the database. {"timestamp":"2023-04-20T06:22:14.014Z"}
info: Server started at http://localhost:6060/api/v1/ {"timestamp":"2023-04-20T06:22:52.092Z"}
info: Connected to the database. {"timestamp":"2023-04-20T06:22:52.115Z"}
error: 
    status - 500 
    message - ValidationError: "fullname" is required 
    url - /api/v1/users 
    method - POST 
    IP - ::1
   {"timestamp":"2023-04-20T06:25:09.790Z"}
error: 
    status - 500 
    message - ValidationError: "fullname" length must be at least 6 characters long 
    url - /api/v1/users 
    method - POST 
    IP - ::1
   {"timestamp":"2023-04-20T06:25:16.850Z"}
error: 
    status - 500 
    message - ValidationError: "fullname" length must be at least 6 characters long 
    url - /api/v1/users 
    method - POST 
    IP - ::1
   {"timestamp":"2023-04-20T06:25:17.288Z"}
info: Server started at http://localhost:6060/api/v1/ {"timestamp":"2023-04-20T06:32:10.636Z"}
info: Connected to the database. {"timestamp":"2023-04-20T06:32:10.653Z"}
info: Server started at http://localhost:6060/api/v1/ {"timestamp":"2023-04-20T06:32:47.859Z"}
info: Connected to the database. {"timestamp":"2023-04-20T06:32:47.877Z"}
info: Server started at http://localhost:6060/api/v1/ {"timestamp":"2023-04-20T06:33:18.168Z"}
info: Connected to the database. {"timestamp":"2023-04-20T06:33:18.185Z"}
info: Server started at http://localhost:6060/api/v1/ {"timestamp":"2023-04-20T06:34:28.706Z"}
info: Connected to the database. {"timestamp":"2023-04-20T06:34:28.724Z"}
info: Server started at http://localhost:6060/api/v1/ {"timestamp":"2023-04-20T06:38:29.361Z"}
info: Connected to the database. {"timestamp":"2023-04-20T06:38:29.378Z"}
info: Server started at http://localhost:6060/api/v1/ {"timestamp":"2023-04-20T06:39:11.514Z"}
info: Connected to the database. {"timestamp":"2023-04-20T06:39:11.537Z"}
info: Server started at http://localhost:6060/api/v1/ {"timestamp":"2023-04-20T06:39:22.295Z"}
info: Connected to the database. {"timestamp":"2023-04-20T06:39:22.313Z"}
info: Server started at http://localhost:6060/api/v1/ {"timestamp":"2023-04-20T06:42:22.054Z"}
info: Connected to the database. {"timestamp":"2023-04-20T06:42:22.076Z"}
info: Server started at http://localhost:6060/api/v1/ {"timestamp":"2023-04-20T06:42:24.965Z"}
info: Connected to the database. {"timestamp":"2023-04-20T06:42:24.981Z"}
info: Server started at http://localhost:6060/api/v1/ {"timestamp":"2023-04-20T06:46:32.411Z"}
info: Connected to the database. {"timestamp":"2023-04-20T06:46:32.427Z"}
